[01:47:17] Berckham (uuid: 4601223d-f6ff-48cd-8a8a-b1da570b186a): hey
[02:38:56] Devilcraft (uuid: 84dd21b1-9e5d-41d1-aaca-dd9292db2aa1): oh hi
[02:39:09] Devilcraft (uuid: 84dd21b1-9e5d-41d1-aaca-dd9292db2aa1): i didnt realize i didnt log out
[06:31:48] Berckham (uuid: 4601223d-f6ff-48cd-8a8a-b1da570b186a): hey
[06:31:54] overlordrusty (uuid: 5fb4dc96-b775-4b7d-93e4-7e62216d0eec): hello
[06:32:01] Berckham (uuid: 4601223d-f6ff-48cd-8a8a-b1da570b186a): what time is it for you?
[06:32:16] overlordrusty (uuid: 5fb4dc96-b775-4b7d-93e4-7e62216d0eec): 7:32am
[06:32:18] overlordrusty (uuid: 5fb4dc96-b775-4b7d-93e4-7e62216d0eec): wby?
[06:32:24] Berckham (uuid: 4601223d-f6ff-48cd-8a8a-b1da570b186a): 2:32 am
[06:32:29] Berckham (uuid: 4601223d-f6ff-48cd-8a8a-b1da570b186a): ive been working all night
[06:32:33] overlordrusty (uuid: 5fb4dc96-b775-4b7d-93e4-7e62216d0eec): Damn
[06:32:44] overlordrusty (uuid: 5fb4dc96-b775-4b7d-93e4-7e62216d0eec): holy crap
[06:32:52] overlordrusty (uuid: 5fb4dc96-b775-4b7d-93e4-7e62216d0eec): dat shit noice
[06:32:56] Berckham (uuid: 4601223d-f6ff-48cd-8a8a-b1da570b186a): thanks
[06:33:07] Berckham (uuid: 4601223d-f6ff-48cd-8a8a-b1da570b186a): just taking my time
[06:33:12] overlordrusty (uuid: 5fb4dc96-b775-4b7d-93e4-7e62216d0eec): yeah
[06:33:19] Berckham (uuid: 4601223d-f6ff-48cd-8a8a-b1da570b186a): trying to make it look as best as possible
[06:33:27] overlordrusty (uuid: 5fb4dc96-b775-4b7d-93e4-7e62216d0eec): youre doing a good job so far
[06:33:31] Berckham (uuid: 4601223d-f6ff-48cd-8a8a-b1da570b186a): thanks
[06:33:43] Berckham (uuid: 4601223d-f6ff-48cd-8a8a-b1da570b186a): once i finsih this tower ill be able to make the whole wall
[06:34:11] overlordrusty (uuid: 5fb4dc96-b775-4b7d-93e4-7e62216d0eec): cool
[06:34:19] overlordrusty (uuid: 5fb4dc96-b775-4b7d-93e4-7e62216d0eec): is that a turret for a castle?
[06:34:22] Berckham (uuid: 4601223d-f6ff-48cd-8a8a-b1da570b186a): ye
[06:34:34] Berckham (uuid: 4601223d-f6ff-48cd-8a8a-b1da570b186a): are we going to have multiple maps for kit pvp
[06:34:34] overlordrusty (uuid: 5fb4dc96-b775-4b7d-93e4-7e62216d0eec): aw yeah I can see the start of the wall
[06:34:40] Berckham (uuid: 4601223d-f6ff-48cd-8a8a-b1da570b186a): yeah
[06:34:40] overlordrusty (uuid: 5fb4dc96-b775-4b7d-93e4-7e62216d0eec): we could yeah
[06:34:43] Berckham (uuid: 4601223d-f6ff-48cd-8a8a-b1da570b186a): okay
[06:34:55] overlordrusty (uuid: 5fb4dc96-b775-4b7d-93e4-7e62216d0eec): I am probably going to get rid of the other one and make an original one
[06:34:59] Berckham (uuid: 4601223d-f6ff-48cd-8a8a-b1da570b186a): okay
[06:35:03] overlordrusty (uuid: 5fb4dc96-b775-4b7d-93e4-7e62216d0eec): bc its a schematic
[06:35:06] Berckham (uuid: 4601223d-f6ff-48cd-8a8a-b1da570b186a): okay
[06:35:10] Berckham (uuid: 4601223d-f6ff-48cd-8a8a-b1da570b186a): did you buy it?
[06:35:13] overlordrusty (uuid: 5fb4dc96-b775-4b7d-93e4-7e62216d0eec): no
[06:35:15] Berckham (uuid: 4601223d-f6ff-48cd-8a8a-b1da570b186a): okay
[06:36:20] overlordrusty (uuid: 5fb4dc96-b775-4b7d-93e4-7e62216d0eec): I know you will probably be sleep for most of my day but I am not going to on till like 10pm
[06:36:40] Berckham (uuid: 4601223d-f6ff-48cd-8a8a-b1da570b186a): okay
[06:36:45] overlordrusty (uuid: 5fb4dc96-b775-4b7d-93e4-7e62216d0eec): I will cya later
[06:36:47] Berckham (uuid: 4601223d-f6ff-48cd-8a8a-b1da570b186a): cya
[13:53:13] Hydr0lava (uuid: 80aad105-f057-467d-871d-8582812f11e9): huh
[14:52:09] Element_85 (uuid: 3b5c7f35-2922-46b3-bafa-82f0f500643f): t
[14:52:53] Element_85 (uuid: 3b5c7f35-2922-46b3-bafa-82f0f500643f): t
[14:56:14] Element_85 (uuid: 3b5c7f35-2922-46b3-bafa-82f0f500643f): t
[15:08:24] Element_85 (uuid: 3b5c7f35-2922-46b3-bafa-82f0f500643f): t
[15:09:15] Element_85 (uuid: 3b5c7f35-2922-46b3-bafa-82f0f500643f): t
[15:11:03] Element_85 (uuid: 3b5c7f35-2922-46b3-bafa-82f0f500643f): t
[15:13:43] Element_85 (uuid: 3b5c7f35-2922-46b3-bafa-82f0f500643f): t
[15:16:20] Element_85 (uuid: 3b5c7f35-2922-46b3-bafa-82f0f500643f): t
[15:16:23] Element_85 (uuid: 3b5c7f35-2922-46b3-bafa-82f0f500643f): hey guys
[15:16:34] Element_85 (uuid: 3b5c7f35-2922-46b3-bafa-82f0f500643f): t
[15:16:42] Element_85 (uuid: 3b5c7f35-2922-46b3-bafa-82f0f500643f): t
[15:16:49] Element_85 (uuid: 3b5c7f35-2922-46b3-bafa-82f0f500643f): t
[15:17:24] Element_85 (uuid: 3b5c7f35-2922-46b3-bafa-82f0f500643f): hey
[15:17:26] Berckham (uuid: 4601223d-f6ff-48cd-8a8a-b1da570b186a): hey
[15:17:34] Element_85 (uuid: 3b5c7f35-2922-46b3-bafa-82f0f500643f): like the bossbar?
[15:17:37] Berckham (uuid: 4601223d-f6ff-48cd-8a8a-b1da570b186a): yeah
[15:17:44] Element_85 (uuid: 3b5c7f35-2922-46b3-bafa-82f0f500643f): check out tab as well
[15:17:49] Berckham (uuid: 4601223d-f6ff-48cd-8a8a-b1da570b186a): cool cool
[15:17:55] Element_85 (uuid: 3b5c7f35-2922-46b3-bafa-82f0f500643f): hm
[15:17:58] Berckham (uuid: 4601223d-f6ff-48cd-8a8a-b1da570b186a): could you nick me to Beckham
[15:18:01] Element_85 (uuid: 3b5c7f35-2922-46b3-bafa-82f0f500643f): ill get builder prefix
[15:18:22] Berckham (uuid: 4601223d-f6ff-48cd-8a8a-b1da570b186a): thanks
[15:18:24] Element_85 (uuid: 3b5c7f35-2922-46b3-bafa-82f0f500643f): np
[15:18:28] Element_85 (uuid: 3b5c7f35-2922-46b3-bafa-82f0f500643f): what color do u want
[15:18:36] Berckham (uuid: 4601223d-f6ff-48cd-8a8a-b1da570b186a): idc
[15:18:38] Element_85 (uuid: 3b5c7f35-2922-46b3-bafa-82f0f500643f): ok
[15:18:49] Element_85 (uuid: 3b5c7f35-2922-46b3-bafa-82f0f500643f): §lARE U SURE THO
[15:18:54] Berckham (uuid: 4601223d-f6ff-48cd-8a8a-b1da570b186a): lol
[15:19:20] Element_85 (uuid: 3b5c7f35-2922-46b3-bafa-82f0f500643f): talk
[15:19:33] Berckham (uuid: 4601223d-f6ff-48cd-8a8a-b1da570b186a): ye
[15:19:40] Element_85 (uuid: 3b5c7f35-2922-46b3-bafa-82f0f500643f): eh
[15:19:46] Element_85 (uuid: 3b5c7f35-2922-46b3-bafa-82f0f500643f): like it or nah
[15:19:57] Berckham (uuid: 4601223d-f6ff-48cd-8a8a-b1da570b186a): yea i like it
[15:20:02] Element_85 (uuid: 3b5c7f35-2922-46b3-bafa-82f0f500643f): ok
[15:20:08] Element_85 (uuid: 3b5c7f35-2922-46b3-bafa-82f0f500643f): ima fix tab for builder
[15:20:15] Berckham (uuid: 4601223d-f6ff-48cd-8a8a-b1da570b186a): okay
[15:20:22] Element_85 (uuid: 3b5c7f35-2922-46b3-bafa-82f0f500643f): dont discriminate
[15:20:35] Berckham (uuid: 4601223d-f6ff-48cd-8a8a-b1da570b186a): yep
[15:22:19] Element_85 (uuid: 3b5c7f35-2922-46b3-bafa-82f0f500643f): hold tab
[15:22:30] Berckham (uuid: 4601223d-f6ff-48cd-8a8a-b1da570b186a): okay
[15:22:37] Element_85 (uuid: 3b5c7f35-2922-46b3-bafa-82f0f500643f): i made builder a staff rank as well
[15:22:42] Berckham (uuid: 4601223d-f6ff-48cd-8a8a-b1da570b186a): okay
[15:23:09] Element_85 (uuid: 3b5c7f35-2922-46b3-bafa-82f0f500643f): damn ima genius
[15:23:16] Berckham (uuid: 4601223d-f6ff-48cd-8a8a-b1da570b186a): what happened to worldedit
[15:23:21] Element_85 (uuid: 3b5c7f35-2922-46b3-bafa-82f0f500643f): oh uh
[15:23:28] Element_85 (uuid: 3b5c7f35-2922-46b3-bafa-82f0f500643f): so
[15:23:33] Element_85 (uuid: 3b5c7f35-2922-46b3-bafa-82f0f500643f): here
[15:23:36] Element_85 (uuid: 3b5c7f35-2922-46b3-bafa-82f0f500643f): im restarting
[15:23:41] Berckham (uuid: 4601223d-f6ff-48cd-8a8a-b1da570b186a): okay
[15:29:53] Element_85 (uuid: 3b5c7f35-2922-46b3-bafa-82f0f500643f): what spawn is this
[15:30:04] Berckham (uuid: 4601223d-f6ff-48cd-8a8a-b1da570b186a): factions
[15:30:12] Element_85 (uuid: 3b5c7f35-2922-46b3-bafa-82f0f500643f): waiiiiit
[15:30:19] Berckham (uuid: 4601223d-f6ff-48cd-8a8a-b1da570b186a): whut
[15:30:23] Element_85 (uuid: 3b5c7f35-2922-46b3-bafa-82f0f500643f): youll see
[15:30:36] Berckham (uuid: 4601223d-f6ff-48cd-8a8a-b1da570b186a): huh
[15:32:47] Berckham (uuid: 4601223d-f6ff-48cd-8a8a-b1da570b186a): wut are you doing
[15:32:57] Element_85 (uuid: 3b5c7f35-2922-46b3-bafa-82f0f500643f): that
[15:33:07] Berckham (uuid: 4601223d-f6ff-48cd-8a8a-b1da570b186a): okay?
[15:33:12] Element_85 (uuid: 3b5c7f35-2922-46b3-bafa-82f0f500643f): talk
[15:33:13] Berckham (uuid: 4601223d-f6ff-48cd-8a8a-b1da570b186a): oh okay
[15:33:16] Berckham (uuid: 4601223d-f6ff-48cd-8a8a-b1da570b186a): thanks
[15:33:27] Element_85 (uuid: 3b5c7f35-2922-46b3-bafa-82f0f500643f): u saw my announcement right
[15:33:33] Berckham (uuid: 4601223d-f6ff-48cd-8a8a-b1da570b186a): yes i did
[15:38:50] Element_85 (uuid: 3b5c7f35-2922-46b3-bafa-82f0f500643f): god damm it
[15:38:54] Berckham (uuid: 4601223d-f6ff-48cd-8a8a-b1da570b186a): what
[15:38:56] Element_85 (uuid: 3b5c7f35-2922-46b3-bafa-82f0f500643f): i fucked pex up
[15:38:58] Element_85 (uuid: 3b5c7f35-2922-46b3-bafa-82f0f500643f): well
[15:39:06] Element_85 (uuid: 3b5c7f35-2922-46b3-bafa-82f0f500643f): now i have tto fix it
[15:39:44] Element_85 (uuid: 3b5c7f35-2922-46b3-bafa-82f0f500643f): ok
[15:39:46] Element_85 (uuid: 3b5c7f35-2922-46b3-bafa-82f0f500643f): i fixed it
[15:39:49] Element_85 (uuid: 3b5c7f35-2922-46b3-bafa-82f0f500643f): talk in chat
[15:40:53] Berckham (uuid: 4601223d-f6ff-48cd-8a8a-b1da570b186a):  dude why the fuck are you so patrionizing
[15:41:03] Element_85 (uuid: 3b5c7f35-2922-46b3-bafa-82f0f500643f): wtf bro
[15:41:03] Berckham (uuid: 4601223d-f6ff-48cd-8a8a-b1da570b186a): d
[15:41:11] Berckham (uuid: 4601223d-f6ff-48cd-8a8a-b1da570b186a): uh i didnt say that
[15:41:13] Berckham (uuid: 4601223d-f6ff-48cd-8a8a-b1da570b186a): wtf
[15:41:16] Element_85 (uuid: 3b5c7f35-2922-46b3-bafa-82f0f500643f): what did i say
[15:41:20] Element_85 (uuid: 3b5c7f35-2922-46b3-bafa-82f0f500643f): to make u mad
[15:41:32] Berckham (uuid: 4601223d-f6ff-48cd-8a8a-b1da570b186a): bruh
[15:41:42] Element_85 (uuid: 3b5c7f35-2922-46b3-bafa-82f0f500643f): bro stfu
[15:42:10] Berckham (uuid: 4601223d-f6ff-48cd-8a8a-b1da570b186a): lol i did say that i just dont wanna get fired but idrc anymore fagg
[15:42:18] Element_85 (uuid: 3b5c7f35-2922-46b3-bafa-82f0f500643f): ok
[15:42:22] Element_85 (uuid: 3b5c7f35-2922-46b3-bafa-82f0f500643f): ill talk to russel
[15:42:44] Berckham (uuid: 4601223d-f6ff-48cd-8a8a-b1da570b186a): bruh
[15:42:48] Element_85 (uuid: 3b5c7f35-2922-46b3-bafa-82f0f500643f): what
[15:43:01] Berckham (uuid: 4601223d-f6ff-48cd-8a8a-b1da570b186a): i have to go someone is fucking with
[15:43:01] Element_85 (uuid: 3b5c7f35-2922-46b3-bafa-82f0f500643f): dude im jp im sudoing u lol
[15:43:14] Berckham (uuid: 4601223d-f6ff-48cd-8a8a-b1da570b186a): okay
[15:43:19] Element_85 (uuid: 3b5c7f35-2922-46b3-bafa-82f0f500643f): "okay"?
[15:46:09] Element_85 (uuid: 3b5c7f35-2922-46b3-bafa-82f0f500643f): do u like what i =m doing
[15:46:14] Berckham (uuid: 4601223d-f6ff-48cd-8a8a-b1da570b186a): yeah
[15:50:37] Element_85 (uuid: 3b5c7f35-2922-46b3-bafa-82f0f500643f): we can copy and paste the rest
[15:50:44] Berckham (uuid: 4601223d-f6ff-48cd-8a8a-b1da570b186a): yep
[15:50:48] Element_85 (uuid: 3b5c7f35-2922-46b3-bafa-82f0f500643f): wit
[15:51:33] Element_85 (uuid: 3b5c7f35-2922-46b3-bafa-82f0f500643f): looks nice
[15:51:51] Element_85 (uuid: 3b5c7f35-2922-46b3-bafa-82f0f500643f): we could replace the gray with another color if we wanted to spice it up even more
[15:52:27] Berckham (uuid: 4601223d-f6ff-48cd-8a8a-b1da570b186a): idk i dont want it to be too busy
[15:52:40] Element_85 (uuid: 3b5c7f35-2922-46b3-bafa-82f0f500643f): alright, ima see how it looks and then
[15:52:45] Element_85 (uuid: 3b5c7f35-2922-46b3-bafa-82f0f500643f): ur prolly right tho
[15:52:45] Berckham (uuid: 4601223d-f6ff-48cd-8a8a-b1da570b186a): okay
[15:54:07] Element_85 (uuid: 3b5c7f35-2922-46b3-bafa-82f0f500643f): idk the white actually looks good
[15:54:35] Element_85 (uuid: 3b5c7f35-2922-46b3-bafa-82f0f500643f): tp to me
[15:54:38] Element_85 (uuid: 3b5c7f35-2922-46b3-bafa-82f0f500643f): do u like the white
[15:54:53] Berckham (uuid: 4601223d-f6ff-48cd-8a8a-b1da570b186a): one sec
[15:55:06] Element_85 (uuid: 3b5c7f35-2922-46b3-bafa-82f0f500643f): hm
[15:55:09] Element_85 (uuid: 3b5c7f35-2922-46b3-bafa-82f0f500643f): nah
[15:55:36] Element_85 (uuid: 3b5c7f35-2922-46b3-bafa-82f0f500643f): ima go
[15:55:38] Element_85 (uuid: 3b5c7f35-2922-46b3-bafa-82f0f500643f): have fun lol
[15:55:52] Berckham (uuid: 4601223d-f6ff-48cd-8a8a-b1da570b186a): thanks
[16:04:15] Berckham (uuid: 4601223d-f6ff-48cd-8a8a-b1da570b186a): hey
[16:04:18] Berckham (uuid: 4601223d-f6ff-48cd-8a8a-b1da570b186a): welcome
[16:09:32] Berckham (uuid: 4601223d-f6ff-48cd-8a8a-b1da570b186a): hey
[16:09:48] Devilcraft (uuid: 84dd21b1-9e5d-41d1-aaca-dd9292db2aa1): hallo
[16:47:39] Berckham (uuid: 4601223d-f6ff-48cd-8a8a-b1da570b186a): hey
[16:47:50] Element_85 (uuid: 3b5c7f35-2922-46b3-bafa-82f0f500643f): hey
[16:47:52] Berckham (uuid: 4601223d-f6ff-48cd-8a8a-b1da570b186a): time set day
[16:48:14] Berckham (uuid: 4601223d-f6ff-48cd-8a8a-b1da570b186a): is there a thing where the chunks dont load in becuase i cant see all of the castle and i have my render distance all the way up
[16:48:30] Element_85 (uuid: 3b5c7f35-2922-46b3-bafa-82f0f500643f): wym
[16:48:42] Berckham (uuid: 4601223d-f6ff-48cd-8a8a-b1da570b186a): oh never mind
[16:48:54] Element_85 (uuid: 3b5c7f35-2922-46b3-bafa-82f0f500643f): lookin good tho
[16:48:58] Berckham (uuid: 4601223d-f6ff-48cd-8a8a-b1da570b186a): thanks
[16:49:13] Element_85 (uuid: 3b5c7f35-2922-46b3-bafa-82f0f500643f): can i make the whole area flat rly fast
[16:49:17] Berckham (uuid: 4601223d-f6ff-48cd-8a8a-b1da570b186a): yep
[16:50:24] Element_85 (uuid: 3b5c7f35-2922-46b3-bafa-82f0f500643f): lag
[16:50:28] Berckham (uuid: 4601223d-f6ff-48cd-8a8a-b1da570b186a): yeah lol
[16:51:45] Element_85 (uuid: 3b5c7f35-2922-46b3-bafa-82f0f500643f): what should the floor be
[16:51:55] Berckham (uuid: 4601223d-f6ff-48cd-8a8a-b1da570b186a): idk im going to do that later
[16:52:21] Berckham (uuid: 4601223d-f6ff-48cd-8a8a-b1da570b186a): im going to get something to eat brb
[16:52:25] Element_85 (uuid: 3b5c7f35-2922-46b3-bafa-82f0f500643f): kk
[17:09:59] Element_85 (uuid: 3b5c7f35-2922-46b3-bafa-82f0f500643f): hey yall
[17:10:02] Devilcraft (uuid: 84dd21b1-9e5d-41d1-aaca-dd9292db2aa1): hi
[17:10:11] Element_85 (uuid: 3b5c7f35-2922-46b3-bafa-82f0f500643f): wassam
[17:10:12] Devilcraft (uuid: 84dd21b1-9e5d-41d1-aaca-dd9292db2aa1): also bye
[17:10:15] Element_85 (uuid: 3b5c7f35-2922-46b3-bafa-82f0f500643f): wait
[17:10:23] Devilcraft (uuid: 84dd21b1-9e5d-41d1-aaca-dd9292db2aa1): must go
[17:10:23] Devilcraft (uuid: 84dd21b1-9e5d-41d1-aaca-dd9292db2aa1): lunch
[17:10:26] Devilcraft (uuid: 84dd21b1-9e5d-41d1-aaca-dd9292db2aa1): uh
[17:10:29] Element_85 (uuid: 3b5c7f35-2922-46b3-bafa-82f0f500643f): nice
[17:10:45] Devilcraft (uuid: 84dd21b1-9e5d-41d1-aaca-dd9292db2aa1): bye bye
[17:10:48] Element_85 (uuid: 3b5c7f35-2922-46b3-bafa-82f0f500643f): bye
[17:13:45] Element_85 (uuid: 3b5c7f35-2922-46b3-bafa-82f0f500643f): t
[17:13:47] Element_85 (uuid: 3b5c7f35-2922-46b3-bafa-82f0f500643f): test
[17:13:50] Element_85 (uuid: 3b5c7f35-2922-46b3-bafa-82f0f500643f): looks good
[17:34:39] Element_85 (uuid: 3b5c7f35-2922-46b3-bafa-82f0f500643f): hey
[17:34:41] Berckham (uuid: 4601223d-f6ff-48cd-8a8a-b1da570b186a): hey
[17:34:42] Element_85 (uuid: 3b5c7f35-2922-46b3-bafa-82f0f500643f): what did u do
[17:34:49] Berckham (uuid: 4601223d-f6ff-48cd-8a8a-b1da570b186a): what do you mean
[17:34:50] Element_85 (uuid: 3b5c7f35-2922-46b3-bafa-82f0f500643f): whyd it crash
[17:35:00] Berckham (uuid: 4601223d-f6ff-48cd-8a8a-b1da570b186a): i did /restart
[17:36:44] Berckham (uuid: 4601223d-f6ff-48cd-8a8a-b1da570b186a): i gtg ill be back in about 3 hours
[17:36:46] Berckham (uuid: 4601223d-f6ff-48cd-8a8a-b1da570b186a): ttyl
[17:36:48] Element_85 (uuid: 3b5c7f35-2922-46b3-bafa-82f0f500643f): alrt
[17:36:52] Element_85 (uuid: 3b5c7f35-2922-46b3-bafa-82f0f500643f): btw
[17:36:53] Element_85 (uuid: 3b5c7f35-2922-46b3-bafa-82f0f500643f): wait
[17:37:01] Element_85 (uuid: 3b5c7f35-2922-46b3-bafa-82f0f500643f): ./restart crashes it
[17:37:06] Element_85 (uuid: 3b5c7f35-2922-46b3-bafa-82f0f500643f): sont do it anymore
[21:25:06] overlordrusty (uuid: 5fb4dc96-b775-4b7d-93e4-7e62216d0eec): hola
[21:25:14] Element_85 (uuid: 3b5c7f35-2922-46b3-bafa-82f0f500643f): hola
[21:25:35] overlordrusty (uuid: 5fb4dc96-b775-4b7d-93e4-7e62216d0eec): First thing I think you should do is make it so the TAB is only on the lobby world
[21:25:40] Element_85 (uuid: 3b5c7f35-2922-46b3-bafa-82f0f500643f): like bossbar?
[21:25:45] overlordrusty (uuid: 5fb4dc96-b775-4b7d-93e4-7e62216d0eec): yeah
[21:25:53] overlordrusty (uuid: 5fb4dc96-b775-4b7d-93e4-7e62216d0eec): Yeah sorry
[21:25:54] Element_85 (uuid: 3b5c7f35-2922-46b3-bafa-82f0f500643f): oh why only in lobby
[21:25:58] overlordrusty (uuid: 5fb4dc96-b775-4b7d-93e4-7e62216d0eec): thats what I meant
[21:26:07] overlordrusty (uuid: 5fb4dc96-b775-4b7d-93e4-7e62216d0eec): bc folk only want to see it when they first join
[21:26:13] overlordrusty (uuid: 5fb4dc96-b775-4b7d-93e4-7e62216d0eec): it will just get distracting
[21:26:16] overlordrusty (uuid: 5fb4dc96-b775-4b7d-93e4-7e62216d0eec): whilst playing
[21:26:19] overlordrusty (uuid: 5fb4dc96-b775-4b7d-93e4-7e62216d0eec): hi devil
[21:26:23] Devilcraft (uuid: 84dd21b1-9e5d-41d1-aaca-dd9292db2aa1): hi
[21:26:27] Element_85 (uuid: 3b5c7f35-2922-46b3-bafa-82f0f500643f): ok
[21:26:34] Element_85 (uuid: 3b5c7f35-2922-46b3-bafa-82f0f500643f): yeah i agree
[21:26:38] overlordrusty (uuid: 5fb4dc96-b775-4b7d-93e4-7e62216d0eec): okie
[21:26:52] Devilcraft (uuid: 84dd21b1-9e5d-41d1-aaca-dd9292db2aa1): wow
[21:26:57] Devilcraft (uuid: 84dd21b1-9e5d-41d1-aaca-dd9292db2aa1): thanks
[21:27:11] Devilcraft (uuid: 84dd21b1-9e5d-41d1-aaca-dd9292db2aa1): yee
[21:27:13] Element_85 (uuid: 3b5c7f35-2922-46b3-bafa-82f0f500643f): np dude
[21:27:23] overlordrusty (uuid: 5fb4dc96-b775-4b7d-93e4-7e62216d0eec): devildaddy xD
[21:28:06] overlordrusty (uuid: 5fb4dc96-b775-4b7d-93e4-7e62216d0eec): how tf is there smoke
[21:28:08] overlordrusty (uuid: 5fb4dc96-b775-4b7d-93e4-7e62216d0eec): it is sek
[21:28:10] Devilcraft (uuid: 84dd21b1-9e5d-41d1-aaca-dd9292db2aa1): magic
[21:28:16] overlordrusty (uuid: 5fb4dc96-b775-4b7d-93e4-7e62216d0eec): oof
[21:28:19] overlordrusty (uuid: 5fb4dc96-b775-4b7d-93e4-7e62216d0eec): I like the bold
[21:28:24] overlordrusty (uuid: 5fb4dc96-b775-4b7d-93e4-7e62216d0eec): for his nick
[21:28:28] Devilcraft (uuid: 84dd21b1-9e5d-41d1-aaca-dd9292db2aa1): theyre campfires
[21:28:33] Devilcraft (uuid: 84dd21b1-9e5d-41d1-aaca-dd9292db2aa1): ooh
[21:28:36] overlordrusty (uuid: 5fb4dc96-b775-4b7d-93e4-7e62216d0eec): awww
[21:28:54] Element_85 (uuid: 3b5c7f35-2922-46b3-bafa-82f0f500643f): my nick is still the best tho
[21:29:30] overlordrusty (uuid: 5fb4dc96-b775-4b7d-93e4-7e62216d0eec): a
[21:29:30] Element_85 (uuid: 3b5c7f35-2922-46b3-bafa-82f0f500643f): also russ i fixed one of the wholes
[21:29:43] overlordrusty (uuid: 5fb4dc96-b775-4b7d-93e4-7e62216d0eec): aw you're a babe
[21:29:48] overlordrusty (uuid: 5fb4dc96-b775-4b7d-93e4-7e62216d0eec): thank you
[21:29:50] Element_85 (uuid: 3b5c7f35-2922-46b3-bafa-82f0f500643f): i still have to fix the next
[21:29:55] overlordrusty (uuid: 5fb4dc96-b775-4b7d-93e4-7e62216d0eec): yee
[21:30:03] Element_85 (uuid: 3b5c7f35-2922-46b3-bafa-82f0f500643f): no wait wtf i fiexed both
[21:30:08] Element_85 (uuid: 3b5c7f35-2922-46b3-bafa-82f0f500643f): what happened again?!?!?!
[21:31:22] overlordrusty (uuid: 5fb4dc96-b775-4b7d-93e4-7e62216d0eec): yooooo
[21:31:28] Devilcraft (uuid: 84dd21b1-9e5d-41d1-aaca-dd9292db2aa1): wb
[21:31:30] overlordrusty (uuid: 5fb4dc96-b775-4b7d-93e4-7e62216d0eec): want to hop in general voice chat?
[21:31:31] Element_85 (uuid: 3b5c7f35-2922-46b3-bafa-82f0f500643f): also i installed custom join and leave messgaes
[21:31:36] overlordrusty (uuid: 5fb4dc96-b775-4b7d-93e4-7e62216d0eec): oooo
[21:31:50] ItsABigError (uuid: 1d4103ce-e0bc-44f7-8e4e-9c10af12f78a): Yea boi, but I have to be quiet becuase my dad is sleeping XD
[21:31:55] overlordrusty (uuid: 5fb4dc96-b775-4b7d-93e4-7e62216d0eec): okie
[21:32:01] ItsABigError (uuid: 1d4103ce-e0bc-44f7-8e4e-9c10af12f78a): 2 SECS
[21:32:10] ItsABigError (uuid: 1d4103ce-e0bc-44f7-8e4e-9c10af12f78a): soz for caps XD
[21:32:16] Element_85 (uuid: 3b5c7f35-2922-46b3-bafa-82f0f500643f): should i make co owner role
[21:32:16] overlordrusty (uuid: 5fb4dc96-b775-4b7d-93e4-7e62216d0eec): xD
[21:32:21] overlordrusty (uuid: 5fb4dc96-b775-4b7d-93e4-7e62216d0eec): yes
[21:32:28] overlordrusty (uuid: 5fb4dc96-b775-4b7d-93e4-7e62216d0eec): pelase
[21:32:31] overlordrusty (uuid: 5fb4dc96-b775-4b7d-93e4-7e62216d0eec): please*
[21:33:27] Devilcraft (uuid: 84dd21b1-9e5d-41d1-aaca-dd9292db2aa1): yo russ
[21:33:29] overlordrusty (uuid: 5fb4dc96-b775-4b7d-93e4-7e62216d0eec): yes
[21:33:40] Devilcraft (uuid: 84dd21b1-9e5d-41d1-aaca-dd9292db2aa1): is this fine for the shop
[21:33:42] Element_85 (uuid: 3b5c7f35-2922-46b3-bafa-82f0f500643f): talk ItsABigError
[21:33:50] ItsABigError (uuid: 1d4103ce-e0bc-44f7-8e4e-9c10af12f78a): Yeet
[21:33:55] Element_85 (uuid: 3b5c7f35-2922-46b3-bafa-82f0f500643f): oops
[21:34:04] overlordrusty (uuid: 5fb4dc96-b775-4b7d-93e4-7e62216d0eec): hmm
[21:34:12] Element_85 (uuid: 3b5c7f35-2922-46b3-bafa-82f0f500643f): again
[21:34:17] overlordrusty (uuid: 5fb4dc96-b775-4b7d-93e4-7e62216d0eec): wait
[21:34:20] ItsABigError (uuid: 1d4103ce-e0bc-44f7-8e4e-9c10af12f78a): Yoink
[21:34:25] ItsABigError (uuid: 1d4103ce-e0bc-44f7-8e4e-9c10af12f78a): Ye
[21:34:25] overlordrusty (uuid: 5fb4dc96-b775-4b7d-93e4-7e62216d0eec): we will have an npc probably
[21:34:28] Devilcraft (uuid: 84dd21b1-9e5d-41d1-aaca-dd9292db2aa1): oh
[21:34:32] overlordrusty (uuid: 5fb4dc96-b775-4b7d-93e4-7e62216d0eec): that you can buy everything from
[21:34:34] Devilcraft (uuid: 84dd21b1-9e5d-41d1-aaca-dd9292db2aa1): so it doesnt have to be this big
[21:34:36] overlordrusty (uuid: 5fb4dc96-b775-4b7d-93e4-7e62216d0eec): and/or sell
[21:34:46] Element_85 (uuid: 3b5c7f35-2922-46b3-bafa-82f0f500643f): like it ItsABigError?
[21:34:47] overlordrusty (uuid: 5fb4dc96-b775-4b7d-93e4-7e62216d0eec): I mean
[21:34:52] ItsABigError (uuid: 1d4103ce-e0bc-44f7-8e4e-9c10af12f78a): Yea
[21:34:57] overlordrusty (uuid: 5fb4dc96-b775-4b7d-93e4-7e62216d0eec): it still should be decoratively big
[21:35:03] Devilcraft (uuid: 84dd21b1-9e5d-41d1-aaca-dd9292db2aa1): yea ik
[21:35:13] Element_85 (uuid: 3b5c7f35-2922-46b3-bafa-82f0f500643f): what if
[21:35:24] ItsABigError (uuid: 1d4103ce-e0bc-44f7-8e4e-9c10af12f78a): I take it this is the survival hub?
[21:35:29] overlordrusty (uuid: 5fb4dc96-b775-4b7d-93e4-7e62216d0eec): yes
[21:35:30] Devilcraft (uuid: 84dd21b1-9e5d-41d1-aaca-dd9292db2aa1): yeet
[21:35:59] Element_85 (uuid: 3b5c7f35-2922-46b3-bafa-82f0f500643f): Devilcraft talk
[21:36:03] Devilcraft (uuid: 84dd21b1-9e5d-41d1-aaca-dd9292db2aa1): no
[21:36:05] overlordrusty (uuid: 5fb4dc96-b775-4b7d-93e4-7e62216d0eec): xD
[21:36:11] overlordrusty (uuid: 5fb4dc96-b775-4b7d-93e4-7e62216d0eec): aw thats wet
[21:36:16] Element_85 (uuid: 3b5c7f35-2922-46b3-bafa-82f0f500643f): again
[21:36:20] Devilcraft (uuid: 84dd21b1-9e5d-41d1-aaca-dd9292db2aa1): i refuse
[21:36:22] ItsABigError (uuid: 1d4103ce-e0bc-44f7-8e4e-9c10af12f78a): Also I can get in general
[21:36:27] Element_85 (uuid: 3b5c7f35-2922-46b3-bafa-82f0f500643f): i like that the best
[21:36:40] Devilcraft (uuid: 84dd21b1-9e5d-41d1-aaca-dd9292db2aa1): try a lime green
[21:36:42] overlordrusty (uuid: 5fb4dc96-b775-4b7d-93e4-7e62216d0eec): it is fine if you need to stay quiet
[21:36:55] Devilcraft (uuid: 84dd21b1-9e5d-41d1-aaca-dd9292db2aa1): imo the red and blue clash
[21:37:03] ItsABigError (uuid: 1d4103ce-e0bc-44f7-8e4e-9c10af12f78a): I can whisper, it's fine
[21:37:15] Element_85 (uuid: 3b5c7f35-2922-46b3-bafa-82f0f500643f): ok
[21:37:17] Element_85 (uuid: 3b5c7f35-2922-46b3-bafa-82f0f500643f): talk
[21:37:20] Devilcraft (uuid: 84dd21b1-9e5d-41d1-aaca-dd9292db2aa1): ok
[21:37:40] Devilcraft (uuid: 84dd21b1-9e5d-41d1-aaca-dd9292db2aa1): looks nice imo but you do whichever you feel is best
[21:38:00] Element_85 (uuid: 3b5c7f35-2922-46b3-bafa-82f0f500643f): fixed all dome holes
[21:38:03] overlordrusty (uuid: 5fb4dc96-b775-4b7d-93e4-7e62216d0eec): yummy
[21:38:08] overlordrusty (uuid: 5fb4dc96-b775-4b7d-93e4-7e62216d0eec): thank ya
[21:38:09] ItsABigError (uuid: 1d4103ce-e0bc-44f7-8e4e-9c10af12f78a): Hang on, need to relong
[21:38:13] overlordrusty (uuid: 5fb4dc96-b775-4b7d-93e4-7e62216d0eec): okie
[21:38:16] ItsABigError (uuid: 1d4103ce-e0bc-44f7-8e4e-9c10af12f78a): *relog
[21:38:17] Element_85 (uuid: 3b5c7f35-2922-46b3-bafa-82f0f500643f): talk ooneeee more
[21:38:30] overlordrusty (uuid: 5fb4dc96-b775-4b7d-93e4-7e62216d0eec): HAWL
[21:38:31] overlordrusty (uuid: 5fb4dc96-b775-4b7d-93e4-7e62216d0eec): DEVIL
[21:38:34] Devilcraft (uuid: 84dd21b1-9e5d-41d1-aaca-dd9292db2aa1): what
[21:38:39] overlordrusty (uuid: 5fb4dc96-b775-4b7d-93e4-7e62216d0eec): there we go
[21:38:42] Element_85 (uuid: 3b5c7f35-2922-46b3-bafa-82f0f500643f): si o no
[21:38:43] Devilcraft (uuid: 84dd21b1-9e5d-41d1-aaca-dd9292db2aa1): ok sry
[21:38:46] Devilcraft (uuid: 84dd21b1-9e5d-41d1-aaca-dd9292db2aa1): oh*
[21:38:50] overlordrusty (uuid: 5fb4dc96-b775-4b7d-93e4-7e62216d0eec): xD
[21:39:05] Element_85 (uuid: 3b5c7f35-2922-46b3-bafa-82f0f500643f): we'll keep that
[21:39:08] Element_85 (uuid: 3b5c7f35-2922-46b3-bafa-82f0f500643f): this:
[21:39:11] Element_85 (uuid: 3b5c7f35-2922-46b3-bafa-82f0f500643f): talk
[21:39:12] Devilcraft (uuid: 84dd21b1-9e5d-41d1-aaca-dd9292db2aa1): talk
[21:39:15] Devilcraft (uuid: 84dd21b1-9e5d-41d1-aaca-dd9292db2aa1): yay
[21:40:08] Element_85 (uuid: 3b5c7f35-2922-46b3-bafa-82f0f500643f): test
[21:40:10] Element_85 (uuid: 3b5c7f35-2922-46b3-bafa-82f0f500643f): hmmm
[21:40:38] Element_85 (uuid: 3b5c7f35-2922-46b3-bafa-82f0f500643f): i'll fix tab for co owner to show prefix and count him as staff
[21:41:24] Devilcraft (uuid: 84dd21b1-9e5d-41d1-aaca-dd9292db2aa1): ok time to build a nice house for the hop
[21:41:25] Devilcraft (uuid: 84dd21b1-9e5d-41d1-aaca-dd9292db2aa1): shop
[21:41:30] Element_85 (uuid: 3b5c7f35-2922-46b3-bafa-82f0f500643f): t
[21:41:33] Element_85 (uuid: 3b5c7f35-2922-46b3-bafa-82f0f500643f): oops
[21:41:36] Element_85 (uuid: 3b5c7f35-2922-46b3-bafa-82f0f500643f): thats not right
[21:41:46] Devilcraft (uuid: 84dd21b1-9e5d-41d1-aaca-dd9292db2aa1): there we go
[21:41:48] Element_85 (uuid: 3b5c7f35-2922-46b3-bafa-82f0f500643f): my b yall
[21:41:51] Element_85 (uuid: 3b5c7f35-2922-46b3-bafa-82f0f500643f): ill fix it
[21:41:58] Devilcraft (uuid: 84dd21b1-9e5d-41d1-aaca-dd9292db2aa1): oops
[21:42:02] overlordrusty (uuid: 5fb4dc96-b775-4b7d-93e4-7e62216d0eec): thats how you kill your eyes
[21:42:04] Devilcraft (uuid: 84dd21b1-9e5d-41d1-aaca-dd9292db2aa1): BOLD
[21:42:07] Element_85 (uuid: 3b5c7f35-2922-46b3-bafa-82f0f500643f): lemme play arounf for a sec tho
[21:42:22] Element_85 (uuid: 3b5c7f35-2922-46b3-bafa-82f0f500643f): love gold
[21:42:27] Devilcraft (uuid: 84dd21b1-9e5d-41d1-aaca-dd9292db2aa1): oo
[21:42:31] Element_85 (uuid: 3b5c7f35-2922-46b3-bafa-82f0f500643f): lol
[21:42:33] ItsABigError (uuid: 1d4103ce-e0bc-44f7-8e4e-9c10af12f78a): Neat
[21:42:38] ItsABigError (uuid: 1d4103ce-e0bc-44f7-8e4e-9c10af12f78a): Neat
[21:42:42] Element_85 (uuid: 3b5c7f35-2922-46b3-bafa-82f0f500643f): i could have staff chat in gold if yall want
[21:42:47] Element_85 (uuid: 3b5c7f35-2922-46b3-bafa-82f0f500643f): or whatecer color
[21:43:15] Element_85 (uuid: 3b5c7f35-2922-46b3-bafa-82f0f500643f): no?
[21:43:19] ItsABigError (uuid: 1d4103ce-e0bc-44f7-8e4e-9c10af12f78a): Idk
[21:43:22] Devilcraft (uuid: 84dd21b1-9e5d-41d1-aaca-dd9292db2aa1): mayb
[21:43:39] Element_85 (uuid: 3b5c7f35-2922-46b3-bafa-82f0f500643f): lol
[21:43:43] Devilcraft (uuid: 84dd21b1-9e5d-41d1-aaca-dd9292db2aa1): w
[21:43:44] ItsABigError (uuid: 1d4103ce-e0bc-44f7-8e4e-9c10af12f78a): Oh god
[21:43:46] Devilcraft (uuid: 84dd21b1-9e5d-41d1-aaca-dd9292db2aa1): whattt
[21:43:48] overlordrusty (uuid: 5fb4dc96-b775-4b7d-93e4-7e62216d0eec): WEIOHFJIOSEJFSEO9JPIFE
[21:43:54] Devilcraft (uuid: 84dd21b1-9e5d-41d1-aaca-dd9292db2aa1): lets not
[21:43:57] ItsABigError (uuid: 1d4103ce-e0bc-44f7-8e4e-9c10af12f78a): N
[21:43:59] ItsABigError (uuid: 1d4103ce-e0bc-44f7-8e4e-9c10af12f78a): i
[21:44:01] ItsABigError (uuid: 1d4103ce-e0bc-44f7-8e4e-9c10af12f78a): g
[21:44:03] Devilcraft (uuid: 84dd21b1-9e5d-41d1-aaca-dd9292db2aa1): o
[21:44:03] Element_85 (uuid: 3b5c7f35-2922-46b3-bafa-82f0f500643f): lol
[21:44:12] Element_85 (uuid: 3b5c7f35-2922-46b3-bafa-82f0f500643f): should i do it again
[21:44:15] ItsABigError (uuid: 1d4103ce-e0bc-44f7-8e4e-9c10af12f78a): Yea
[21:44:21] Devilcraft (uuid: 84dd21b1-9e5d-41d1-aaca-dd9292db2aa1): gamer
[21:44:27] ItsABigError (uuid: 1d4103ce-e0bc-44f7-8e4e-9c10af12f78a): Epic gamer moments
[21:44:30] ItsABigError (uuid: 1d4103ce-e0bc-44f7-8e4e-9c10af12f78a): XD
[21:44:31] ItsABigError (uuid: 1d4103ce-e0bc-44f7-8e4e-9c10af12f78a): N
[21:44:33] ItsABigError (uuid: 1d4103ce-e0bc-44f7-8e4e-9c10af12f78a): i
[21:44:34] ItsABigError (uuid: 1d4103ce-e0bc-44f7-8e4e-9c10af12f78a): g
[21:44:36] ItsABigError (uuid: 1d4103ce-e0bc-44f7-8e4e-9c10af12f78a): g
[21:44:37] ItsABigError (uuid: 1d4103ce-e0bc-44f7-8e4e-9c10af12f78a): e
[21:44:39] ItsABigError (uuid: 1d4103ce-e0bc-44f7-8e4e-9c10af12f78a): r
[21:45:11] ItsABigError (uuid: 1d4103ce-e0bc-44f7-8e4e-9c10af12f78a): Time to consume the souls of the innocent
[21:45:14] ItsABigError (uuid: 1d4103ce-e0bc-44f7-8e4e-9c10af12f78a): Darn
[21:45:16] overlordrusty (uuid: 5fb4dc96-b775-4b7d-93e4-7e62216d0eec): oh
[21:45:16] Element_85 (uuid: 3b5c7f35-2922-46b3-bafa-82f0f500643f): lol
[21:45:18] ItsABigError (uuid: 1d4103ce-e0bc-44f7-8e4e-9c10af12f78a): XD
[21:45:32] Element_85 (uuid: 3b5c7f35-2922-46b3-bafa-82f0f500643f): i should be a dev
[21:45:35] Element_85 (uuid: 3b5c7f35-2922-46b3-bafa-82f0f500643f): but
[21:45:39] Element_85 (uuid: 3b5c7f35-2922-46b3-bafa-82f0f500643f): i prefer admin
[21:46:10] Element_85 (uuid: 3b5c7f35-2922-46b3-bafa-82f0f500643f): §lMOSIT
[21:46:13] Element_85 (uuid: 3b5c7f35-2922-46b3-bafa-82f0f500643f): §klolol
[21:46:16] Element_85 (uuid: 3b5c7f35-2922-46b3-bafa-82f0f500643f): §klol
[21:46:16] ItsABigError (uuid: 1d4103ce-e0bc-44f7-8e4e-9c10af12f78a): Moist
[21:47:33] overlordrusty (uuid: 5fb4dc96-b775-4b7d-93e4-7e62216d0eec): nougat
[21:47:36] overlordrusty (uuid: 5fb4dc96-b775-4b7d-93e4-7e62216d0eec): HAH
[21:47:37] ItsABigError (uuid: 1d4103ce-e0bc-44f7-8e4e-9c10af12f78a): Ye
[21:47:43] Element_85 (uuid: 3b5c7f35-2922-46b3-bafa-82f0f500643f): lol
[21:47:49] Devilcraft (uuid: 84dd21b1-9e5d-41d1-aaca-dd9292db2aa1): Element died
[21:47:49] ItsABigError (uuid: 1d4103ce-e0bc-44f7-8e4e-9c10af12f78a): Wait wot the fuck!
[21:47:55] Devilcraft (uuid: 84dd21b1-9e5d-41d1-aaca-dd9292db2aa1): haha
[21:47:59] overlordrusty (uuid: 5fb4dc96-b775-4b7d-93e4-7e62216d0eec): tt
[21:48:02] Element_85 (uuid: 3b5c7f35-2922-46b3-bafa-82f0f500643f): ik
[21:48:15] ItsABigError (uuid: 1d4103ce-e0bc-44f7-8e4e-9c10af12f78a): Help
[21:48:41] ItsABigError (uuid: 1d4103ce-e0bc-44f7-8e4e-9c10af12f78a): Ahh!
[21:48:51] Devilcraft (uuid: 84dd21b1-9e5d-41d1-aaca-dd9292db2aa1): im going to ban you
[21:48:58] ItsABigError (uuid: 1d4103ce-e0bc-44f7-8e4e-9c10af12f78a): This is evil!
[21:49:01] Element_85 (uuid: 3b5c7f35-2922-46b3-bafa-82f0f500643f): theres a whole overlordrusty
[21:49:14] ItsABigError (uuid: 1d4103ce-e0bc-44f7-8e4e-9c10af12f78a): XD
[21:49:20] ItsABigError (uuid: 1d4103ce-e0bc-44f7-8e4e-9c10af12f78a): Nig
[21:49:39] overlordrusty (uuid: 5fb4dc96-b775-4b7d-93e4-7e62216d0eec): .o.
[21:49:48] ItsABigError (uuid: 1d4103ce-e0bc-44f7-8e4e-9c10af12f78a): Idk
[21:49:54] ItsABigError (uuid: 1d4103ce-e0bc-44f7-8e4e-9c10af12f78a): Something like that X
[21:49:55] ItsABigError (uuid: 1d4103ce-e0bc-44f7-8e4e-9c10af12f78a): D
[21:49:56] Element_85 (uuid: 3b5c7f35-2922-46b3-bafa-82f0f500643f): guys whyd u keep saying im the best
[21:50:05] overlordrusty (uuid: 5fb4dc96-b775-4b7d-93e4-7e62216d0eec): BECAUSE YOU ARE
[21:50:10] Element_85 (uuid: 3b5c7f35-2922-46b3-bafa-82f0f500643f): awww :)
[21:50:21] ItsABigError (uuid: 1d4103ce-e0bc-44f7-8e4e-9c10af12f78a): This is what happenes when you get a good admin
[21:50:32] Element_85 (uuid: 3b5c7f35-2922-46b3-bafa-82f0f500643f): lol
[21:50:44] ItsABigError (uuid: 1d4103ce-e0bc-44f7-8e4e-9c10af12f78a): They know what they are doing so mess around with it a bit XD
[21:52:06] overlordrusty (uuid: 5fb4dc96-b775-4b7d-93e4-7e62216d0eec): honestly lewis stfu element is a shitty admin dont get him on his high ass horse
[21:52:13] Element_85 (uuid: 3b5c7f35-2922-46b3-bafa-82f0f500643f): woah
[21:52:16] Element_85 (uuid: 3b5c7f35-2922-46b3-bafa-82f0f500643f): dude
[21:52:18] Devilcraft (uuid: 84dd21b1-9e5d-41d1-aaca-dd9292db2aa1): lol
[21:52:43] Devilcraft (uuid: 84dd21b1-9e5d-41d1-aaca-dd9292db2aa1): i woul ddonate
[21:52:46] Devilcraft (uuid: 84dd21b1-9e5d-41d1-aaca-dd9292db2aa1): but
[21:52:47] Devilcraft (uuid: 84dd21b1-9e5d-41d1-aaca-dd9292db2aa1): im poor
[21:52:48] Element_85 (uuid: 3b5c7f35-2922-46b3-bafa-82f0f500643f): DO IT
[21:52:49] Element_85 (uuid: 3b5c7f35-2922-46b3-bafa-82f0f500643f): lol
[21:52:53] Devilcraft (uuid: 84dd21b1-9e5d-41d1-aaca-dd9292db2aa1): AND
[21:52:56] Devilcraft (uuid: 84dd21b1-9e5d-41d1-aaca-dd9292db2aa1): i dont have money
[21:52:59] Devilcraft (uuid: 84dd21b1-9e5d-41d1-aaca-dd9292db2aa1): AND
[21:53:01] Devilcraft (uuid: 84dd21b1-9e5d-41d1-aaca-dd9292db2aa1): im broke
[21:53:05] Element_85 (uuid: 3b5c7f35-2922-46b3-bafa-82f0f500643f): so... ur first reason
[21:53:07] Element_85 (uuid: 3b5c7f35-2922-46b3-bafa-82f0f500643f): x3
[21:53:09] Devilcraft (uuid: 84dd21b1-9e5d-41d1-aaca-dd9292db2aa1): did i mention
[21:53:11] Devilcraft (uuid: 84dd21b1-9e5d-41d1-aaca-dd9292db2aa1): im penniless
[21:55:13] Devilcraft (uuid: 84dd21b1-9e5d-41d1-aaca-dd9292db2aa1): russ you could have edited the post
[21:55:17] overlordrusty (uuid: 5fb4dc96-b775-4b7d-93e4-7e62216d0eec): ik
[21:55:19] overlordrusty (uuid: 5fb4dc96-b775-4b7d-93e4-7e62216d0eec): lol
[21:55:20] Devilcraft (uuid: 84dd21b1-9e5d-41d1-aaca-dd9292db2aa1): didnt need to ping us all again
[21:55:39] overlordrusty (uuid: 5fb4dc96-b775-4b7d-93e4-7e62216d0eec): donating isnt mandatory
[21:55:43] overlordrusty (uuid: 5fb4dc96-b775-4b7d-93e4-7e62216d0eec): and I am not expecting it
[21:55:47] Devilcraft (uuid: 84dd21b1-9e5d-41d1-aaca-dd9292db2aa1): ik
[21:56:57] Element_85 (uuid: 3b5c7f35-2922-46b3-bafa-82f0f500643f): yo overlordrusty
[21:57:02] overlordrusty (uuid: 5fb4dc96-b775-4b7d-93e4-7e62216d0eec): yos?
[21:57:06] ItsABigError (uuid: 1d4103ce-e0bc-44f7-8e4e-9c10af12f78a): Oh
[21:57:06] overlordrusty (uuid: 5fb4dc96-b775-4b7d-93e4-7e62216d0eec): aw yum
[21:57:07] Devilcraft (uuid: 84dd21b1-9e5d-41d1-aaca-dd9292db2aa1): oof
[21:57:10] Element_85 (uuid: 3b5c7f35-2922-46b3-bafa-82f0f500643f): what
[21:58:05] overlordrusty (uuid: 5fb4dc96-b775-4b7d-93e4-7e62216d0eec): would you be able to put boss bar in lobby only?
[21:58:13] overlordrusty (uuid: 5fb4dc96-b775-4b7d-93e4-7e62216d0eec): pls
[21:58:32] Element_85 (uuid: 3b5c7f35-2922-46b3-bafa-82f0f500643f): it'll be har
[21:58:34] Element_85 (uuid: 3b5c7f35-2922-46b3-bafa-82f0f500643f): hard
[21:58:38] Element_85 (uuid: 3b5c7f35-2922-46b3-bafa-82f0f500643f): but i'll try
[21:58:40] overlordrusty (uuid: 5fb4dc96-b775-4b7d-93e4-7e62216d0eec): group manager?
[21:59:01] ItsABigError (uuid: 1d4103ce-e0bc-44f7-8e4e-9c10af12f78a): Wait wot
[21:59:16] overlordrusty (uuid: 5fb4dc96-b775-4b7d-93e4-7e62216d0eec): he fucked with my thing
[21:59:25] ItsABigError (uuid: 1d4103ce-e0bc-44f7-8e4e-9c10af12f78a): How the fuck did you make it do that?
[21:59:29] Element_85 (uuid: 3b5c7f35-2922-46b3-bafa-82f0f500643f): wdy, group manager
[21:59:47] overlordrusty (uuid: 5fb4dc96-b775-4b7d-93e4-7e62216d0eec): idk
[21:59:50] Devilcraft (uuid: 84dd21b1-9e5d-41d1-aaca-dd9292db2aa1): wow
[21:59:54] Devilcraft (uuid: 84dd21b1-9e5d-41d1-aaca-dd9292db2aa1): really?
[21:59:57] Devilcraft (uuid: 84dd21b1-9e5d-41d1-aaca-dd9292db2aa1): you'd say that
[21:59:57] overlordrusty (uuid: 5fb4dc96-b775-4b7d-93e4-7e62216d0eec): wot
[21:59:58] Element_85 (uuid: 3b5c7f35-2922-46b3-bafa-82f0f500643f): oh i could make it so he can only say sm, without all the extra shit as well
[22:00:02] Devilcraft (uuid: 84dd21b1-9e5d-41d1-aaca-dd9292db2aa1): about your own server
[22:00:05] Devilcraft (uuid: 84dd21b1-9e5d-41d1-aaca-dd9292db2aa1): i quit
[22:00:05] overlordrusty (uuid: 5fb4dc96-b775-4b7d-93e4-7e62216d0eec): hes messed with my thing
[22:00:08] Devilcraft (uuid: 84dd21b1-9e5d-41d1-aaca-dd9292db2aa1): shame
[22:00:10] overlordrusty (uuid: 5fb4dc96-b775-4b7d-93e4-7e62216d0eec): lol
[22:00:13] Devilcraft (uuid: 84dd21b1-9e5d-41d1-aaca-dd9292db2aa1): lol jk
[22:00:15] Devilcraft (uuid: 84dd21b1-9e5d-41d1-aaca-dd9292db2aa1): dont fire me
[22:00:21] overlordrusty (uuid: 5fb4dc96-b775-4b7d-93e4-7e62216d0eec): im a nice boss
[22:00:24] ItsABigError (uuid: 1d4103ce-e0bc-44f7-8e4e-9c10af12f78a): XD
[22:00:27] Devilcraft (uuid: 84dd21b1-9e5d-41d1-aaca-dd9292db2aa1): so when do i get paid
[22:00:29] Element_85 (uuid: 3b5c7f35-2922-46b3-bafa-82f0f500643f): never
[22:00:37] overlordrusty (uuid: 5fb4dc96-b775-4b7d-93e4-7e62216d0eec): a part from that xD
[22:00:39] Devilcraft (uuid: 84dd21b1-9e5d-41d1-aaca-dd9292db2aa1): (i know)
[22:00:41] overlordrusty (uuid: 5fb4dc96-b775-4b7d-93e4-7e62216d0eec): CHANGE MY SHIT BACK FAGGOT
[22:00:47] Element_85 (uuid: 3b5c7f35-2922-46b3-bafa-82f0f500643f): no
[22:00:50] overlordrusty (uuid: 5fb4dc96-b775-4b7d-93e4-7e62216d0eec): .o.
[22:00:50] Devilcraft (uuid: 84dd21b1-9e5d-41d1-aaca-dd9292db2aa1): rude
[22:01:27] overlordrusty (uuid: 5fb4dc96-b775-4b7d-93e4-7e62216d0eec): .o.
[22:02:19] Element_85 (uuid: 3b5c7f35-2922-46b3-bafa-82f0f500643f): talk ItsABigError
[22:02:21] Element_85 (uuid: 3b5c7f35-2922-46b3-bafa-82f0f500643f): wait
[22:02:23] overlordrusty (uuid: 5fb4dc96-b775-4b7d-93e4-7e62216d0eec): t
[22:02:23] Element_85 (uuid: 3b5c7f35-2922-46b3-bafa-82f0f500643f): overlordrusty
[22:02:24] ItsABigError (uuid: 1d4103ce-e0bc-44f7-8e4e-9c10af12f78a): Oh god
[22:02:30] overlordrusty (uuid: 5fb4dc96-b775-4b7d-93e4-7e62216d0eec): can you not
[22:02:40] overlordrusty (uuid: 5fb4dc96-b775-4b7d-93e4-7e62216d0eec): you FANEEEE
[22:02:43] ItsABigError (uuid: 1d4103ce-e0bc-44f7-8e4e-9c10af12f78a): XD
[22:03:11] Element_85 (uuid: 3b5c7f35-2922-46b3-bafa-82f0f500643f): if i wanted i can make u not even have that extra text but i have to actually put effort ibto that
[22:03:22] Element_85 (uuid: 3b5c7f35-2922-46b3-bafa-82f0f500643f): ok i remived it
[22:03:24] overlordrusty (uuid: 5fb4dc96-b775-4b7d-93e4-7e62216d0eec): t
[22:03:46] Element_85 (uuid: 3b5c7f35-2922-46b3-bafa-82f0f500643f): ok i frfr remvved it
[22:03:49] overlordrusty (uuid: 5fb4dc96-b775-4b7d-93e4-7e62216d0eec): t
[22:03:59] ItsABigError (uuid: 1d4103ce-e0bc-44f7-8e4e-9c10af12f78a): I just crashed XD
[22:04:02] Element_85 (uuid: 3b5c7f35-2922-46b3-bafa-82f0f500643f): lol
[22:05:45] Element_85 (uuid: 3b5c7f35-2922-46b3-bafa-82f0f500643f): what do u guys want me to fuck around with
[22:06:07] overlordrusty (uuid: 5fb4dc96-b775-4b7d-93e4-7e62216d0eec): nothin
[22:06:10] Element_85 (uuid: 3b5c7f35-2922-46b3-bafa-82f0f500643f): aw
[22:06:13] overlordrusty (uuid: 5fb4dc96-b775-4b7d-93e4-7e62216d0eec): do the boss bar
[22:06:13] ItsABigError (uuid: 1d4103ce-e0bc-44f7-8e4e-9c10af12f78a): Having the bossbar in only one world
[22:06:17] overlordrusty (uuid: 5fb4dc96-b775-4b7d-93e4-7e62216d0eec): thank you xD
[22:06:18] ItsABigError (uuid: 1d4103ce-e0bc-44f7-8e4e-9c10af12f78a): Aka the lobby
[22:06:22] Element_85 (uuid: 3b5c7f35-2922-46b3-bafa-82f0f500643f): ok but thats actually hard
[22:06:37] ItsABigError (uuid: 1d4103ce-e0bc-44f7-8e4e-9c10af12f78a): Then get to work XD
[22:06:40] Devilcraft (uuid: 84dd21b1-9e5d-41d1-aaca-dd9292db2aa1): russ this is a bit small right
[22:06:42] overlordrusty (uuid: 5fb4dc96-b775-4b7d-93e4-7e62216d0eec): doable
[22:06:45] Devilcraft (uuid: 84dd21b1-9e5d-41d1-aaca-dd9292db2aa1): i can expand
[22:06:54] ItsABigError (uuid: 1d4103ce-e0bc-44f7-8e4e-9c10af12f78a): Also a shopkeepers plugin would be good
[22:07:02] overlordrusty (uuid: 5fb4dc96-b775-4b7d-93e4-7e62216d0eec): yee
[22:07:22] Devilcraft (uuid: 84dd21b1-9e5d-41d1-aaca-dd9292db2aa1): its a big small
[22:07:31] Element_85 (uuid: 3b5c7f35-2922-46b3-bafa-82f0f500643f): "big small"
[22:07:34] Devilcraft (uuid: 84dd21b1-9e5d-41d1-aaca-dd9292db2aa1): bit
[22:07:34] overlordrusty (uuid: 5fb4dc96-b775-4b7d-93e4-7e62216d0eec): a big small
[22:07:38] Devilcraft (uuid: 84dd21b1-9e5d-41d1-aaca-dd9292db2aa1): im sorry
[22:07:41] Element_85 (uuid: 3b5c7f35-2922-46b3-bafa-82f0f500643f): lol
[22:08:06] Devilcraft (uuid: 84dd21b1-9e5d-41d1-aaca-dd9292db2aa1): aw
[22:08:43] Devilcraft (uuid: 84dd21b1-9e5d-41d1-aaca-dd9292db2aa1): lmao
[22:09:53] Devilcraft (uuid: 84dd21b1-9e5d-41d1-aaca-dd9292db2aa1): you can get the skull of any player whatt
[22:09:58] Element_85 (uuid: 3b5c7f35-2922-46b3-bafa-82f0f500643f): si
[22:10:19] Devilcraft (uuid: 84dd21b1-9e5d-41d1-aaca-dd9292db2aa1): thats the skull of Minecraft
[22:10:48] Element_85 (uuid: 3b5c7f35-2922-46b3-bafa-82f0f500643f): skull of myname
[22:12:00] ItsABigError (uuid: 1d4103ce-e0bc-44f7-8e4e-9c10af12f78a): Oh
[22:14:12] overlordrusty (uuid: 5fb4dc96-b775-4b7d-93e4-7e62216d0eec): oh
[22:14:20] ItsABigError (uuid: 1d4103ce-e0bc-44f7-8e4e-9c10af12f78a): I smiitened myself
[22:14:24] overlordrusty (uuid: 5fb4dc96-b775-4b7d-93e4-7e62216d0eec): well done
[22:14:55] overlordrusty (uuid: 5fb4dc96-b775-4b7d-93e4-7e62216d0eec): brb
[22:15:03] Devilcraft (uuid: 84dd21b1-9e5d-41d1-aaca-dd9292db2aa1): bruh
[22:15:14] overlordrusty (uuid: 5fb4dc96-b775-4b7d-93e4-7e62216d0eec): lewis
[22:15:16] overlordrusty (uuid: 5fb4dc96-b775-4b7d-93e4-7e62216d0eec): stahp
[22:15:24] overlordrusty (uuid: 5fb4dc96-b775-4b7d-93e4-7e62216d0eec): he tryna build bitch
[22:15:47] ItsABigError (uuid: 1d4103ce-e0bc-44f7-8e4e-9c10af12f78a): Custom commands for going between worlds such as a simple /lobby
[22:15:57] ItsABigError (uuid: 1d4103ce-e0bc-44f7-8e4e-9c10af12f78a): Wtf
[22:16:07] ItsABigError (uuid: 1d4103ce-e0bc-44f7-8e4e-9c10af12f78a): dude ill stop sorry
[22:16:09] ItsABigError (uuid: 1d4103ce-e0bc-44f7-8e4e-9c10af12f78a): I just got tp'd to Survival
[22:16:24] Devilcraft (uuid: 84dd21b1-9e5d-41d1-aaca-dd9292db2aa1): oops
[22:16:29] ItsABigError (uuid: 1d4103ce-e0bc-44f7-8e4e-9c10af12f78a): Um...
[22:17:33] Devilcraft (uuid: 84dd21b1-9e5d-41d1-aaca-dd9292db2aa1): hee hee
[22:17:38] ItsABigError (uuid: 1d4103ce-e0bc-44f7-8e4e-9c10af12f78a): XD
[22:18:20] ItsABigError (uuid: 1d4103ce-e0bc-44f7-8e4e-9c10af12f78a): Wtf
[22:18:27] Devilcraft (uuid: 84dd21b1-9e5d-41d1-aaca-dd9292db2aa1): lol
[22:18:31] ItsABigError (uuid: 1d4103ce-e0bc-44f7-8e4e-9c10af12f78a): Aww
[22:18:54] ItsABigError (uuid: 1d4103ce-e0bc-44f7-8e4e-9c10af12f78a): XD
[22:18:59] overlordrusty (uuid: 5fb4dc96-b775-4b7d-93e4-7e62216d0eec): stop
[22:19:03] overlordrusty (uuid: 5fb4dc96-b775-4b7d-93e4-7e62216d0eec): frick
[22:20:23] ItsABigError (uuid: 1d4103ce-e0bc-44f7-8e4e-9c10af12f78a): XD
[22:20:25] Devilcraft (uuid: 84dd21b1-9e5d-41d1-aaca-dd9292db2aa1): leaf me alone
[22:20:26] overlordrusty (uuid: 5fb4dc96-b775-4b7d-93e4-7e62216d0eec): oh
[22:20:26] ItsABigError (uuid: 1d4103ce-e0bc-44f7-8e4e-9c10af12f78a): The name though
[22:20:29] ItsABigError (uuid: 1d4103ce-e0bc-44f7-8e4e-9c10af12f78a): Ok
[22:20:44] overlordrusty (uuid: 5fb4dc96-b775-4b7d-93e4-7e62216d0eec): ayyyyyy
[22:20:49] Hydr0lava (uuid: 80aad105-f057-467d-871d-8582812f11e9): ay
[22:21:02] overlordrusty (uuid: 5fb4dc96-b775-4b7d-93e4-7e62216d0eec): yo lewis
[22:21:08] overlordrusty (uuid: 5fb4dc96-b775-4b7d-93e4-7e62216d0eec): nvm
[22:21:20] overlordrusty (uuid: 5fb4dc96-b775-4b7d-93e4-7e62216d0eec): hols
[22:21:22] overlordrusty (uuid: 5fb4dc96-b775-4b7d-93e4-7e62216d0eec): hola
[22:21:25] Element_85 (uuid: 3b5c7f35-2922-46b3-bafa-82f0f500643f): sorry guys had to go
[22:21:28] overlordrusty (uuid: 5fb4dc96-b775-4b7d-93e4-7e62216d0eec): all good
[22:21:42] Element_85 (uuid: 3b5c7f35-2922-46b3-bafa-82f0f500643f): wait
[22:22:07] Element_85 (uuid: 3b5c7f35-2922-46b3-bafa-82f0f500643f): i need to install a new bossbar plugin bc the one im using doesnt support per s=world
[22:22:14] overlordrusty (uuid: 5fb4dc96-b775-4b7d-93e4-7e62216d0eec): ah
[22:23:10] overlordrusty (uuid: 5fb4dc96-b775-4b7d-93e4-7e62216d0eec): life would be so much easeir is per world plugins worked
[22:24:13] ItsABigError (uuid: 1d4103ce-e0bc-44f7-8e4e-9c10af12f78a): Yup
[22:24:21] overlordrusty (uuid: 5fb4dc96-b775-4b7d-93e4-7e62216d0eec): wat
[22:25:28] ItsABigError (uuid: 1d4103ce-e0bc-44f7-8e4e-9c10af12f78a): Yup
[22:26:00] Element_85 (uuid: 3b5c7f35-2922-46b3-bafa-82f0f500643f): is Hydr0lava a builder
[22:26:03] overlordrusty (uuid: 5fb4dc96-b775-4b7d-93e4-7e62216d0eec): yes
[22:26:11] overlordrusty (uuid: 5fb4dc96-b775-4b7d-93e4-7e62216d0eec): d
[22:26:16] Element_85 (uuid: 3b5c7f35-2922-46b3-bafa-82f0f500643f): talk Hydr0lava
[22:26:20] Hydr0lava (uuid: 80aad105-f057-467d-871d-8582812f11e9): yo
[22:28:21] Element_85 (uuid: 3b5c7f35-2922-46b3-bafa-82f0f500643f): hey ItsABigError check TAB
[22:28:26] overlordrusty (uuid: 5fb4dc96-b775-4b7d-93e4-7e62216d0eec): moist
[22:29:23] Element_85 (uuid: 3b5c7f35-2922-46b3-bafa-82f0f500643f): Hydr0lava talk
[22:29:35] overlordrusty (uuid: 5fb4dc96-b775-4b7d-93e4-7e62216d0eec): see when he isnt there xD
[22:31:10] Element_85 (uuid: 3b5c7f35-2922-46b3-bafa-82f0f500643f): check the top of ur screen
[22:31:16] overlordrusty (uuid: 5fb4dc96-b775-4b7d-93e4-7e62216d0eec): oh
[22:31:23] ItsABigError (uuid: 1d4103ce-e0bc-44f7-8e4e-9c10af12f78a): It's gone in lobby
[22:31:25] Element_85 (uuid: 3b5c7f35-2922-46b3-bafa-82f0f500643f): ik
[22:31:27] Element_85 (uuid: 3b5c7f35-2922-46b3-bafa-82f0f500643f): lol
[22:31:27] overlordrusty (uuid: 5fb4dc96-b775-4b7d-93e4-7e62216d0eec): ah
[22:31:39] overlordrusty (uuid: 5fb4dc96-b775-4b7d-93e4-7e62216d0eec): lewis
[22:31:42] Element_85 (uuid: 3b5c7f35-2922-46b3-bafa-82f0f500643f): i disabled it so i can install a plugin
[22:31:45] overlordrusty (uuid: 5fb4dc96-b775-4b7d-93e4-7e62216d0eec): yeah
[22:31:46] Hydr0lava (uuid: 80aad105-f057-467d-871d-8582812f11e9): sorry i was gone
[22:31:50] overlordrusty (uuid: 5fb4dc96-b775-4b7d-93e4-7e62216d0eec): is fine
[22:32:06] Element_85 (uuid: 3b5c7f35-2922-46b3-bafa-82f0f500643f): i changed ur nick Hydr0lava
[22:32:13] Hydr0lava (uuid: 80aad105-f057-467d-871d-8582812f11e9): i see that thanks
[22:32:17] Element_85 (uuid: 3b5c7f35-2922-46b3-bafa-82f0f500643f): yeah np
[22:32:18] overlordrusty (uuid: 5fb4dc96-b775-4b7d-93e4-7e62216d0eec): you can also change it at any time
[22:32:21] overlordrusty (uuid: 5fb4dc96-b775-4b7d-93e4-7e62216d0eec): ./nick
[22:32:25] Element_85 (uuid: 3b5c7f35-2922-46b3-bafa-82f0f500643f): yup
[22:32:36] Hydr0lava (uuid: 80aad105-f057-467d-871d-8582812f11e9): huh
[22:32:41] Element_85 (uuid: 3b5c7f35-2922-46b3-bafa-82f0f500643f): i like my unique nick
[22:32:59] Element_85 (uuid: 3b5c7f35-2922-46b3-bafa-82f0f500643f): what if
[22:33:58] overlordrusty (uuid: 5fb4dc96-b775-4b7d-93e4-7e62216d0eec): kitpvp is big xD
[22:34:04] overlordrusty (uuid: 5fb4dc96-b775-4b7d-93e4-7e62216d0eec): I made a new one
[22:34:06] overlordrusty (uuid: 5fb4dc96-b775-4b7d-93e4-7e62216d0eec): making
[22:34:46] ItsABigError (uuid: 1d4103ce-e0bc-44f7-8e4e-9c10af12f78a): Don't make a new one XD
[22:34:54] overlordrusty (uuid: 5fb4dc96-b775-4b7d-93e4-7e62216d0eec): I want to be original tho
[22:34:59] overlordrusty (uuid: 5fb4dc96-b775-4b7d-93e4-7e62216d0eec): not a schematic
[22:38:14] ItsABigError (uuid: 1d4103ce-e0bc-44f7-8e4e-9c10af12f78a): It's in KitPVP XD
[22:38:23] overlordrusty (uuid: 5fb4dc96-b775-4b7d-93e4-7e62216d0eec): he is in the middle of doing it dumb ass
[22:38:25] overlordrusty (uuid: 5fb4dc96-b775-4b7d-93e4-7e62216d0eec): xD
[22:38:50] ItsABigError (uuid: 1d4103ce-e0bc-44f7-8e4e-9c10af12f78a): Yea, it also dosen't say the player name
[22:39:01] overlordrusty (uuid: 5fb4dc96-b775-4b7d-93e4-7e62216d0eec): he is fixing et
[22:39:14] Element_85 (uuid: 3b5c7f35-2922-46b3-bafa-82f0f500643f): we need papi
[22:39:58] Element_85 (uuid: 3b5c7f35-2922-46b3-bafa-82f0f500643f): so uh
[22:40:01] Element_85 (uuid: 3b5c7f35-2922-46b3-bafa-82f0f500643f): restart?
[22:40:04] overlordrusty (uuid: 5fb4dc96-b775-4b7d-93e4-7e62216d0eec): okay
[22:40:07] ItsABigError (uuid: 1d4103ce-e0bc-44f7-8e4e-9c10af12f78a): I think it's {}
[22:41:54] Element_85 (uuid: 3b5c7f35-2922-46b3-bafa-82f0f500643f): %playername%
[22:41:57] Element_85 (uuid: 3b5c7f35-2922-46b3-bafa-82f0f500643f): hm
[22:42:03] ItsABigError (uuid: 1d4103ce-e0bc-44f7-8e4e-9c10af12f78a): {playername}
[22:42:06] Element_85 (uuid: 3b5c7f35-2922-46b3-bafa-82f0f500643f): nope
[22:42:06] ItsABigError (uuid: 1d4103ce-e0bc-44f7-8e4e-9c10af12f78a): I think
[22:42:09] Element_85 (uuid: 3b5c7f35-2922-46b3-bafa-82f0f500643f): papi is %
[22:42:18] Element_85 (uuid: 3b5c7f35-2922-46b3-bafa-82f0f500643f): thats essentials
[22:42:27] Element_85 (uuid: 3b5c7f35-2922-46b3-bafa-82f0f500643f): here
[22:42:31] Element_85 (uuid: 3b5c7f35-2922-46b3-bafa-82f0f500643f): hold up
[22:46:28] overlordrusty (uuid: 5fb4dc96-b775-4b7d-93e4-7e62216d0eec): it is gon in kitpvp
[22:46:48] Element_85 (uuid: 3b5c7f35-2922-46b3-bafa-82f0f500643f): im gonna go on blackspigot
[22:46:52] overlordrusty (uuid: 5fb4dc96-b775-4b7d-93e4-7e62216d0eec): okay
[22:49:56] Element_85 (uuid: 3b5c7f35-2922-46b3-bafa-82f0f500643f): restart for me
[22:50:25] overlordrusty (uuid: 5fb4dc96-b775-4b7d-93e4-7e62216d0eec): okay 1 sec
[22:53:14] overlordrusty (uuid: 5fb4dc96-b775-4b7d-93e4-7e62216d0eec): wow
[22:53:19] Element_85 (uuid: 3b5c7f35-2922-46b3-bafa-82f0f500643f): what
[22:53:24] overlordrusty (uuid: 5fb4dc96-b775-4b7d-93e4-7e62216d0eec): big text
[22:53:27] Element_85 (uuid: 3b5c7f35-2922-46b3-bafa-82f0f500643f): yeah
[22:53:43] Element_85 (uuid: 3b5c7f35-2922-46b3-bafa-82f0f500643f): ill fix it all
[22:53:47] overlordrusty (uuid: 5fb4dc96-b775-4b7d-93e4-7e62216d0eec): okie
[22:54:01] Element_85 (uuid: 3b5c7f35-2922-46b3-bafa-82f0f500643f): oh my god spam spam spam
[22:54:09] overlordrusty (uuid: 5fb4dc96-b775-4b7d-93e4-7e62216d0eec): lol
[22:54:32] Element_85 (uuid: 3b5c7f35-2922-46b3-bafa-82f0f500643f): endure the spam for the moment
[22:54:37] overlordrusty (uuid: 5fb4dc96-b775-4b7d-93e4-7e62216d0eec): will do XD
[22:56:19] Element_85 (uuid: 3b5c7f35-2922-46b3-bafa-82f0f500643f): oh my goddd
[22:56:28] overlordrusty (uuid: 5fb4dc96-b775-4b7d-93e4-7e62216d0eec): what?
[22:56:32] Element_85 (uuid: 3b5c7f35-2922-46b3-bafa-82f0f500643f): this is ridiculous
[22:56:38] overlordrusty (uuid: 5fb4dc96-b775-4b7d-93e4-7e62216d0eec): the spam?
[22:56:41] Element_85 (uuid: 3b5c7f35-2922-46b3-bafa-82f0f500643f): yes
[22:56:44] overlordrusty (uuid: 5fb4dc96-b775-4b7d-93e4-7e62216d0eec): ik
[22:56:50] Element_85 (uuid: 3b5c7f35-2922-46b3-bafa-82f0f500643f): it needs to be off by default
[22:57:38] overlordrusty (uuid: 5fb4dc96-b775-4b7d-93e4-7e62216d0eec): lo
[22:57:40] overlordrusty (uuid: 5fb4dc96-b775-4b7d-93e4-7e62216d0eec): it works
[22:57:45] Element_85 (uuid: 3b5c7f35-2922-46b3-bafa-82f0f500643f): Now, Skynet will initiate a massive nuclear attack in your a$$
[22:57:50] overlordrusty (uuid: 5fb4dc96-b775-4b7d-93e4-7e62216d0eec): oh
[22:58:28] Element_85 (uuid: 3b5c7f35-2922-46b3-bafa-82f0f500643f): fixing it all now holy flip fuck
[22:58:36] Element_85 (uuid: 3b5c7f35-2922-46b3-bafa-82f0f500643f): i truly am sorry
[22:58:56] Element_85 (uuid: 3b5c7f35-2922-46b3-bafa-82f0f500643f): use a hacked client to hide it all
[22:59:11] Element_85 (uuid: 3b5c7f35-2922-46b3-bafa-82f0f500643f): unless- you dont just have a hacked client sittign around
[22:59:17] Element_85 (uuid: 3b5c7f35-2922-46b3-bafa-82f0f500643f): i do tho
[22:59:20] overlordrusty (uuid: 5fb4dc96-b775-4b7d-93e4-7e62216d0eec): i dont dxD
[23:01:19] Element_85 (uuid: 3b5c7f35-2922-46b3-bafa-82f0f500643f): this plugin is annoying
[23:01:31] Element_85 (uuid: 3b5c7f35-2922-46b3-bafa-82f0f500643f): r u using we
[23:01:51] Element_85 (uuid: 3b5c7f35-2922-46b3-bafa-82f0f500643f): r u using we!??????????????
[23:01:56] Element_85 (uuid: 3b5c7f35-2922-46b3-bafa-82f0f500643f): WE
[23:02:02] overlordrusty (uuid: 5fb4dc96-b775-4b7d-93e4-7e62216d0eec): no
[23:02:03] Element_85 (uuid: 3b5c7f35-2922-46b3-bafa-82f0f500643f): bruh
[23:02:12] Element_85 (uuid: 3b5c7f35-2922-46b3-bafa-82f0f500643f): sorry
[23:02:14] Element_85 (uuid: 3b5c7f35-2922-46b3-bafa-82f0f500643f): had to
[23:02:19] overlordrusty (uuid: 5fb4dc96-b775-4b7d-93e4-7e62216d0eec): a
[23:03:55] overlordrusty (uuid: 5fb4dc96-b775-4b7d-93e4-7e62216d0eec): brb
[23:03:55] Element_85 (uuid: 3b5c7f35-2922-46b3-bafa-82f0f500643f): ahhhhhhhhhhhhhhhhhhhhhhhhhhhhhhhhhhhhhhh
[23:03:58] overlordrusty (uuid: 5fb4dc96-b775-4b7d-93e4-7e62216d0eec): need to pee
[23:03:58] Element_85 (uuid: 3b5c7f35-2922-46b3-bafa-82f0f500643f): ok
[23:04:00] Element_85 (uuid: 3b5c7f35-2922-46b3-bafa-82f0f500643f): lol
[23:05:00] Element_85 (uuid: 3b5c7f35-2922-46b3-bafa-82f0f500643f): oh yeah uh
[23:05:04] Element_85 (uuid: 3b5c7f35-2922-46b3-bafa-82f0f500643f): ignore spam
[23:05:06] Element_85 (uuid: 3b5c7f35-2922-46b3-bafa-82f0f500643f): sorry
[23:05:09] Hydr0lava (uuid: 80aad105-f057-467d-871d-8582812f11e9): alright
[23:05:16] Element_85 (uuid: 3b5c7f35-2922-46b3-bafa-82f0f500643f): itsBAD
[23:05:28] overlordrusty (uuid: 5fb4dc96-b775-4b7d-93e4-7e62216d0eec): hydro do you know how to work voxel sniper?
[23:05:41] Hydr0lava (uuid: 80aad105-f057-467d-871d-8582812f11e9): i have no clue
[23:05:44] overlordrusty (uuid: 5fb4dc96-b775-4b7d-93e4-7e62216d0eec): okay
[23:05:49] Element_85 (uuid: 3b5c7f35-2922-46b3-bafa-82f0f500643f): ima remove the plugin too fuckin crazy
[23:05:56] Element_85 (uuid: 3b5c7f35-2922-46b3-bafa-82f0f500643f): wait
[23:06:00] Element_85 (uuid: 3b5c7f35-2922-46b3-bafa-82f0f500643f): i have to reload
[23:06:02] Element_85 (uuid: 3b5c7f35-2922-46b3-bafa-82f0f500643f): sorry dude
[23:06:06] Element_85 (uuid: 3b5c7f35-2922-46b3-bafa-82f0f500643f): restart
[23:07:52] Hydr0lava (uuid: 80aad105-f057-467d-871d-8582812f11e9): yo russ is there anything i gotta build
[23:08:07] overlordrusty (uuid: 5fb4dc96-b775-4b7d-93e4-7e62216d0eec): you could help me with kitpvp
[23:08:32] Hydr0lava (uuid: 80aad105-f057-467d-871d-8582812f11e9): dang aight
[23:09:33] Element_85 (uuid: 3b5c7f35-2922-46b3-bafa-82f0f500643f): §lFUCK FUCK FUCK THIS PLUGIN
[23:09:36] overlordrusty (uuid: 5fb4dc96-b775-4b7d-93e4-7e62216d0eec): lol
[23:09:41] overlordrusty (uuid: 5fb4dc96-b775-4b7d-93e4-7e62216d0eec): did you not delete it?
[23:10:08] overlordrusty (uuid: 5fb4dc96-b775-4b7d-93e4-7e62216d0eec): hydro
[23:10:25] Element_85 (uuid: 3b5c7f35-2922-46b3-bafa-82f0f500643f): 0
[23:10:40] Hydr0lava (uuid: 80aad105-f057-467d-871d-8582812f11e9): ?
[23:10:54] overlordrusty (uuid: 5fb4dc96-b775-4b7d-93e4-7e62216d0eec): Would you be able to make a start on the spawn area?
[23:11:01] Hydr0lava (uuid: 80aad105-f057-467d-871d-8582812f11e9): k
[23:11:03] overlordrusty (uuid: 5fb4dc96-b775-4b7d-93e4-7e62216d0eec): oof
[23:11:06] Hydr0lava (uuid: 80aad105-f057-467d-871d-8582812f11e9): want it in the air or?
[23:11:12] overlordrusty (uuid: 5fb4dc96-b775-4b7d-93e4-7e62216d0eec): in the mountain
[23:11:18] Hydr0lava (uuid: 80aad105-f057-467d-871d-8582812f11e9): ok
[23:12:33] Hydr0lava (uuid: 80aad105-f057-467d-871d-8582812f11e9): what theme will this map will be
[23:12:51] overlordrusty (uuid: 5fb4dc96-b775-4b7d-93e4-7e62216d0eec): I think just grass and that
[23:12:57] Hydr0lava (uuid: 80aad105-f057-467d-871d-8582812f11e9): ok
[23:12:58] overlordrusty (uuid: 5fb4dc96-b775-4b7d-93e4-7e62216d0eec): or a mix of ice and and
[23:13:02] overlordrusty (uuid: 5fb4dc96-b775-4b7d-93e4-7e62216d0eec): make the spawn wood n stuff
[23:13:06] overlordrusty (uuid: 5fb4dc96-b775-4b7d-93e4-7e62216d0eec): elemet
[23:13:09] overlordrusty (uuid: 5fb4dc96-b775-4b7d-93e4-7e62216d0eec): element
[23:13:15] overlordrusty (uuid: 5fb4dc96-b775-4b7d-93e4-7e62216d0eec): I am contacting a support agent
[23:13:23] Element_85 (uuid: 3b5c7f35-2922-46b3-bafa-82f0f500643f): no
[23:13:24] overlordrusty (uuid: 5fb4dc96-b775-4b7d-93e4-7e62216d0eec): to help with the per world plugin thing
[23:13:25] Element_85 (uuid: 3b5c7f35-2922-46b3-bafa-82f0f500643f): i can do it
[23:13:38] Element_85 (uuid: 3b5c7f35-2922-46b3-bafa-82f0f500643f): do this
[23:13:57] Hydr0lava (uuid: 80aad105-f057-467d-871d-8582812f11e9): may i use tnt to dig this spawn out?
[23:13:58] Element_85 (uuid: 3b5c7f35-2922-46b3-bafa-82f0f500643f): ./bm toggle
[23:14:07] Element_85 (uuid: 3b5c7f35-2922-46b3-bafa-82f0f500643f): it'll turn it off for yall
[23:14:11] overlordrusty (uuid: 5fb4dc96-b775-4b7d-93e4-7e62216d0eec): aw
[23:14:15] overlordrusty (uuid: 5fb4dc96-b775-4b7d-93e4-7e62216d0eec): hydro
[23:14:19] overlordrusty (uuid: 5fb4dc96-b775-4b7d-93e4-7e62216d0eec): use //wand
[23:14:29] Hydr0lava (uuid: 80aad105-f057-467d-871d-8582812f11e9): oh i forgot that exists
[23:15:05] Berckham (uuid: 4601223d-f6ff-48cd-8a8a-b1da570b186a): what are you trying to do
[23:15:19] Element_85 (uuid: 3b5c7f35-2922-46b3-bafa-82f0f500643f): test
[23:15:22] overlordrusty (uuid: 5fb4dc96-b775-4b7d-93e4-7e62216d0eec): put like what you have done at hub
[23:15:27] Berckham (uuid: 4601223d-f6ff-48cd-8a8a-b1da570b186a): okay
[23:15:32] Element_85 (uuid: 3b5c7f35-2922-46b3-bafa-82f0f500643f): IT FUCKIN WORKS
[23:15:32] overlordrusty (uuid: 5fb4dc96-b775-4b7d-93e4-7e62216d0eec): with the green stuff at the top
[23:15:34] Berckham (uuid: 4601223d-f6ff-48cd-8a8a-b1da570b186a): warking lagg
[23:15:37] Berckham (uuid: 4601223d-f6ff-48cd-8a8a-b1da570b186a): warning
[23:15:39] overlordrusty (uuid: 5fb4dc96-b775-4b7d-93e4-7e62216d0eec): okayt
[23:15:53] overlordrusty (uuid: 5fb4dc96-b775-4b7d-93e4-7e62216d0eec): OKAY
[23:16:03] overlordrusty (uuid: 5fb4dc96-b775-4b7d-93e4-7e62216d0eec): so apparently there is no plugin that allows per world plugins
[23:16:04] Hydr0lava (uuid: 80aad105-f057-467d-871d-8582812f11e9): brb
[23:16:07] overlordrusty (uuid: 5fb4dc96-b775-4b7d-93e4-7e62216d0eec): NICEEEEEEEEE
[23:16:11] overlordrusty (uuid: 5fb4dc96-b775-4b7d-93e4-7e62216d0eec): okay
[23:16:37] Element_85 (uuid: 3b5c7f35-2922-46b3-bafa-82f0f500643f): §bWelcome to AdmiralMC §d%playername%!
[23:16:55] Element_85 (uuid: 3b5c7f35-2922-46b3-bafa-82f0f500643f): §bWelcome to AdmiralMC §d%player%!
[23:17:12] Element_85 (uuid: 3b5c7f35-2922-46b3-bafa-82f0f500643f): §bWelcome to AdmiralMC §d%player%!
[23:18:01] Element_85 (uuid: 3b5c7f35-2922-46b3-bafa-82f0f500643f): §dElement's the fuckin best
[23:18:03] overlordrusty (uuid: 5fb4dc96-b775-4b7d-93e4-7e62216d0eec): magic
[23:18:19] Berckham (uuid: 4601223d-f6ff-48cd-8a8a-b1da570b186a): what do you want the grass to be
[23:18:31] overlordrusty (uuid: 5fb4dc96-b775-4b7d-93e4-7e62216d0eec): like lime terracotta and wool
[23:20:14] Berckham (uuid: 4601223d-f6ff-48cd-8a8a-b1da570b186a): okay
[23:20:16] Berckham (uuid: 4601223d-f6ff-48cd-8a8a-b1da570b186a): done
[23:20:29] Element_85 (uuid: 3b5c7f35-2922-46b3-bafa-82f0f500643f): u can toggle bm again
[23:20:32] Element_85 (uuid: 3b5c7f35-2922-46b3-bafa-82f0f500643f): i got it fixed
[23:20:58] overlordrusty (uuid: 5fb4dc96-b775-4b7d-93e4-7e62216d0eec): ooooo
[23:21:01] overlordrusty (uuid: 5fb4dc96-b775-4b7d-93e4-7e62216d0eec): woo
[23:21:11] overlordrusty (uuid: 5fb4dc96-b775-4b7d-93e4-7e62216d0eec): thankyou berck
[23:21:12] Element_85 (uuid: 3b5c7f35-2922-46b3-bafa-82f0f500643f): also im whitelisting worlds
[23:21:14] overlordrusty (uuid: 5fb4dc96-b775-4b7d-93e4-7e62216d0eec): life saver
[23:21:29] Element_85 (uuid: 3b5c7f35-2922-46b3-bafa-82f0f500643f): both or just him :(
[23:21:35] overlordrusty (uuid: 5fb4dc96-b775-4b7d-93e4-7e62216d0eec): both xD
[23:22:07] Berckham (uuid: 4601223d-f6ff-48cd-8a8a-b1da570b186a): wut is this for
[23:22:10] overlordrusty (uuid: 5fb4dc96-b775-4b7d-93e4-7e62216d0eec): kitpvp
[23:22:13] Berckham (uuid: 4601223d-f6ff-48cd-8a8a-b1da570b186a): cool
[23:22:18] overlordrusty (uuid: 5fb4dc96-b775-4b7d-93e4-7e62216d0eec): we have a lil problem
[23:22:23] Element_85 (uuid: 3b5c7f35-2922-46b3-bafa-82f0f500643f): ok bm is done
[23:22:43] Element_85 (uuid: 3b5c7f35-2922-46b3-bafa-82f0f500643f): only shows in lobby aswell
[23:22:53] overlordrusty (uuid: 5fb4dc96-b775-4b7d-93e4-7e62216d0eec): really?
[23:22:58] Element_85 (uuid: 3b5c7f35-2922-46b3-bafa-82f0f500643f): yep
[23:23:00] overlordrusty (uuid: 5fb4dc96-b775-4b7d-93e4-7e62216d0eec): omg it does
[23:23:00] Element_85 (uuid: 3b5c7f35-2922-46b3-bafa-82f0f500643f): try it
[23:23:02] overlordrusty (uuid: 5fb4dc96-b775-4b7d-93e4-7e62216d0eec): yasss
[23:23:03] overlordrusty (uuid: 5fb4dc96-b775-4b7d-93e4-7e62216d0eec): how?
[23:23:06] Element_85 (uuid: 3b5c7f35-2922-46b3-bafa-82f0f500643f): idkkk
[23:23:07] Element_85 (uuid: 3b5c7f35-2922-46b3-bafa-82f0f500643f): magic
[23:23:10] overlordrusty (uuid: 5fb4dc96-b775-4b7d-93e4-7e62216d0eec): lol
[23:23:19] Element_85 (uuid: 3b5c7f35-2922-46b3-bafa-82f0f500643f): it fuckin annoyed me as well tho
[23:23:19] overlordrusty (uuid: 5fb4dc96-b775-4b7d-93e4-7e62216d0eec): okay yeah
[23:23:22] overlordrusty (uuid: 5fb4dc96-b775-4b7d-93e4-7e62216d0eec): lil problem
[23:23:26] Element_85 (uuid: 3b5c7f35-2922-46b3-bafa-82f0f500643f): si
[23:23:41] overlordrusty (uuid: 5fb4dc96-b775-4b7d-93e4-7e62216d0eec): for each gamemode we would need a server
[23:23:54] overlordrusty (uuid: 5fb4dc96-b775-4b7d-93e4-7e62216d0eec): at a mininum of 8 dollars each
[23:24:49] Element_85 (uuid: 3b5c7f35-2922-46b3-bafa-82f0f500643f): §6★§f§lOwner§6★ §4§lRuss §f§l>§f bro sometimes i wanna kms
[23:24:56] Element_85 (uuid: 3b5c7f35-2922-46b3-bafa-82f0f500643f): §6★§f§lOwner§6★ §4§lRuss §f§l>§f bro sometimes i wanna kms
[23:25:05] Element_85 (uuid: 3b5c7f35-2922-46b3-bafa-82f0f500643f): 50
[23:25:28] Element_85 (uuid: 3b5c7f35-2922-46b3-bafa-82f0f500643f): 1200
[23:25:33] overlordrusty (uuid: 5fb4dc96-b775-4b7d-93e4-7e62216d0eec): f
[23:26:04] Element_85 (uuid: 3b5c7f35-2922-46b3-bafa-82f0f500643f): 300
[23:26:57] overlordrusty (uuid: 5fb4dc96-b775-4b7d-93e4-7e62216d0eec): stop
[23:27:01] Element_85 (uuid: 3b5c7f35-2922-46b3-bafa-82f0f500643f): stop what
[23:27:09] overlordrusty (uuid: 5fb4dc96-b775-4b7d-93e4-7e62216d0eec): ./ban
[23:27:14] Element_85 (uuid: 3b5c7f35-2922-46b3-bafa-82f0f500643f): who?
[23:27:35] Element_85 (uuid: 3b5c7f35-2922-46b3-bafa-82f0f500643f): im not doing amything
[23:27:37] Element_85 (uuid: 3b5c7f35-2922-46b3-bafa-82f0f500643f): check console
[23:28:24] Element_85 (uuid: 3b5c7f35-2922-46b3-bafa-82f0f500643f): §6★§f§lOwner§6★ §4§lRuss §f§l>§f gang gang
[23:28:52] Element_85 (uuid: 3b5c7f35-2922-46b3-bafa-82f0f500643f): kk i removed it
[23:29:04] Element_85 (uuid: 3b5c7f35-2922-46b3-bafa-82f0f500643f): whos the best admin?
[23:29:25] overlordrusty (uuid: 5fb4dc96-b775-4b7d-93e4-7e62216d0eec): wow
[23:29:27] Element_85 (uuid: 3b5c7f35-2922-46b3-bafa-82f0f500643f): bye yall
[23:29:31] Berckham (uuid: 4601223d-f6ff-48cd-8a8a-b1da570b186a): cya
[23:29:36] overlordrusty (uuid: 5fb4dc96-b775-4b7d-93e4-7e62216d0eec): bye
[23:29:40] Hydr0lava (uuid: 80aad105-f057-467d-871d-8582812f11e9): cya
[23:29:41] Element_85 (uuid: 3b5c7f35-2922-46b3-bafa-82f0f500643f): wait lemme fix ur prefic
[23:30:09] overlordrusty (uuid: 5fb4dc96-b775-4b7d-93e4-7e62216d0eec): I think we are just going to stick with factions then bc it is the most developed
[23:30:38] Element_85 (uuid: 3b5c7f35-2922-46b3-bafa-82f0f500643f): talk Berckham
[23:30:41] Berckham (uuid: 4601223d-f6ff-48cd-8a8a-b1da570b186a): ye
[23:30:49] Element_85 (uuid: 3b5c7f35-2922-46b3-bafa-82f0f500643f): again
[23:30:50] overlordrusty (uuid: 5fb4dc96-b775-4b7d-93e4-7e62216d0eec): make bold
[23:30:52] Element_85 (uuid: 3b5c7f35-2922-46b3-bafa-82f0f500643f): yeah
[23:30:53] Element_85 (uuid: 3b5c7f35-2922-46b3-bafa-82f0f500643f): i did
[23:30:56] overlordrusty (uuid: 5fb4dc96-b775-4b7d-93e4-7e62216d0eec): okie
[23:30:57] Berckham (uuid: 4601223d-f6ff-48cd-8a8a-b1da570b186a): ye
[23:31:04] Element_85 (uuid: 3b5c7f35-2922-46b3-bafa-82f0f500643f): gang gang
[23:31:14] Element_85 (uuid: 3b5c7f35-2922-46b3-bafa-82f0f500643f): §lNOW §fbye yall §6:)
[23:31:17] Berckham (uuid: 4601223d-f6ff-48cd-8a8a-b1da570b186a): cya
[23:31:20] Hydr0lava (uuid: 80aad105-f057-467d-871d-8582812f11e9): cya
[23:31:45] Berckham (uuid: 4601223d-f6ff-48cd-8a8a-b1da570b186a): holy fuck hes annoying
[23:31:50] Berckham (uuid: 4601223d-f6ff-48cd-8a8a-b1da570b186a): bruy
[23:31:55] Berckham (uuid: 4601223d-f6ff-48cd-8a8a-b1da570b186a): bruh
[23:32:02] Hydr0lava (uuid: 80aad105-f057-467d-871d-8582812f11e9): lol
[23:32:05] overlordrusty (uuid: 5fb4dc96-b775-4b7d-93e4-7e62216d0eec): ik
[23:32:08] overlordrusty (uuid: 5fb4dc96-b775-4b7d-93e4-7e62216d0eec): xD
[23:32:12] Berckham (uuid: 4601223d-f6ff-48cd-8a8a-b1da570b186a): jk i was sudoed by element :)
[23:32:18] Berckham (uuid: 4601223d-f6ff-48cd-8a8a-b1da570b186a): LOL
[23:32:22] overlordrusty (uuid: 5fb4dc96-b775-4b7d-93e4-7e62216d0eec): He is prolly looking at console
[23:32:26] Berckham (uuid: 4601223d-f6ff-48cd-8a8a-b1da570b186a): ye
[23:32:31] overlordrusty (uuid: 5fb4dc96-b775-4b7d-93e4-7e62216d0eec): okay so what I am going to do is
[23:32:39] overlordrusty (uuid: 5fb4dc96-b775-4b7d-93e4-7e62216d0eec): we will still have the person spawn at hub
[23:32:58] overlordrusty (uuid: 5fb4dc96-b775-4b7d-93e4-7e62216d0eec): and we will put holograms saying that the other gamemodes are coming soon blah blah blah
[23:33:34] Berckham (uuid: 4601223d-f6ff-48cd-8a8a-b1da570b186a): im running out of steam
[23:33:35] Berckham (uuid: 4601223d-f6ff-48cd-8a8a-b1da570b186a): lo;
[23:33:37] Berckham (uuid: 4601223d-f6ff-48cd-8a8a-b1da570b186a): lol
[23:34:01] overlordrusty (uuid: 5fb4dc96-b775-4b7d-93e4-7e62216d0eec): ?
[23:34:11] Berckham (uuid: 4601223d-f6ff-48cd-8a8a-b1da570b186a): i stayed up till 4 working on factions and the woke up at 11 and worked on it more
[23:34:18] overlordrusty (uuid: 5fb4dc96-b775-4b7d-93e4-7e62216d0eec): geez
[23:34:23] overlordrusty (uuid: 5fb4dc96-b775-4b7d-93e4-7e62216d0eec): I will help if you want
[23:34:25] Berckham (uuid: 4601223d-f6ff-48cd-8a8a-b1da570b186a): yeah
[23:34:26] overlordrusty (uuid: 5fb4dc96-b775-4b7d-93e4-7e62216d0eec): once I do the holograms
[23:34:28] overlordrusty (uuid: 5fb4dc96-b775-4b7d-93e4-7e62216d0eec): okay
[23:34:50] Berckham (uuid: 4601223d-f6ff-48cd-8a8a-b1da570b186a): i need four towers inside of the walls near the spawn point if you could to those
[23:35:01] overlordrusty (uuid: 5fb4dc96-b775-4b7d-93e4-7e62216d0eec): is it okay if I quickly reset?
[23:35:05] overlordrusty (uuid: 5fb4dc96-b775-4b7d-93e4-7e62216d0eec): and okay
[23:35:05] Berckham (uuid: 4601223d-f6ff-48cd-8a8a-b1da570b186a): go ahead
[23:35:06] Hydr0lava (uuid: 80aad105-f057-467d-871d-8582812f11e9): yea
[23:38:40] overlordrusty (uuid: 5fb4dc96-b775-4b7d-93e4-7e62216d0eec): on the plus side it means that the server can go live a lot quicker
[23:38:54] Berckham (uuid: 4601223d-f6ff-48cd-8a8a-b1da570b186a): why?
[23:39:07] overlordrusty (uuid: 5fb4dc96-b775-4b7d-93e4-7e62216d0eec): did you read the update log?
[23:39:12] Berckham (uuid: 4601223d-f6ff-48cd-8a8a-b1da570b186a): no
[23:39:25] overlordrusty (uuid: 5fb4dc96-b775-4b7d-93e4-7e62216d0eec): well basicallt we cant have all 4 gamemodes on the same server
[23:39:32] Berckham (uuid: 4601223d-f6ff-48cd-8a8a-b1da570b186a): okay
[23:39:42] overlordrusty (uuid: 5fb4dc96-b775-4b7d-93e4-7e62216d0eec): so we are just going to do factions for now
[23:39:45] Berckham (uuid: 4601223d-f6ff-48cd-8a8a-b1da570b186a): okay
[23:39:48] Berckham (uuid: 4601223d-f6ff-48cd-8a8a-b1da570b186a): cool cool
[23:39:51] overlordrusty (uuid: 5fb4dc96-b775-4b7d-93e4-7e62216d0eec): bc it is the most developed and best looking
[23:39:57] overlordrusty (uuid: 5fb4dc96-b775-4b7d-93e4-7e62216d0eec): but we are keeping hub
[23:40:02] Berckham (uuid: 4601223d-f6ff-48cd-8a8a-b1da570b186a): okay
[23:40:25] Berckham (uuid: 4601223d-f6ff-48cd-8a8a-b1da570b186a): and then will you have to make new server kind of things that are attactched to the hub?
[23:40:32] overlordrusty (uuid: 5fb4dc96-b775-4b7d-93e4-7e62216d0eec): yeah
[23:40:34] Berckham (uuid: 4601223d-f6ff-48cd-8a8a-b1da570b186a): cool
[23:40:36] overlordrusty (uuid: 5fb4dc96-b775-4b7d-93e4-7e62216d0eec): It is called a bungeecord
[23:40:38] overlordrusty (uuid: 5fb4dc96-b775-4b7d-93e4-7e62216d0eec): but like
[23:40:40] overlordrusty (uuid: 5fb4dc96-b775-4b7d-93e4-7e62216d0eec): moneuy
[23:40:44] Berckham (uuid: 4601223d-f6ff-48cd-8a8a-b1da570b186a): yeah
[23:40:45] overlordrusty (uuid: 5fb4dc96-b775-4b7d-93e4-7e62216d0eec): and I am 15 and dont have a job
[23:40:49] Berckham (uuid: 4601223d-f6ff-48cd-8a8a-b1da570b186a): lol
[23:40:50] overlordrusty (uuid: 5fb4dc96-b775-4b7d-93e4-7e62216d0eec): so that will have to wait
[23:40:54] overlordrusty (uuid: 5fb4dc96-b775-4b7d-93e4-7e62216d0eec): xD
[23:40:55] Berckham (uuid: 4601223d-f6ff-48cd-8a8a-b1da570b186a): ye
[23:41:10] Berckham (uuid: 4601223d-f6ff-48cd-8a8a-b1da570b186a): how much does it cost to do a second server attatched to this one
[23:41:29] overlordrusty (uuid: 5fb4dc96-b775-4b7d-93e4-7e62216d0eec): the minium for another server is $8
[23:41:34] overlordrusty (uuid: 5fb4dc96-b775-4b7d-93e4-7e62216d0eec): minimum
[23:41:44] Berckham (uuid: 4601223d-f6ff-48cd-8a8a-b1da570b186a): what would you want to do
[23:41:49] overlordrusty (uuid: 5fb4dc96-b775-4b7d-93e4-7e62216d0eec): wdym
[23:42:17] Berckham (uuid: 4601223d-f6ff-48cd-8a8a-b1da570b186a): never mind
[23:42:23] Berckham (uuid: 4601223d-f6ff-48cd-8a8a-b1da570b186a): is it 8$ a month
[23:42:26] overlordrusty (uuid: 5fb4dc96-b775-4b7d-93e4-7e62216d0eec): yeee
[23:42:28] Berckham (uuid: 4601223d-f6ff-48cd-8a8a-b1da570b186a): okay
[23:42:38] Berckham (uuid: 4601223d-f6ff-48cd-8a8a-b1da570b186a): is that how much you are paying for this server
[23:42:41] Berckham (uuid: 4601223d-f6ff-48cd-8a8a-b1da570b186a): currently
[23:42:44] overlordrusty (uuid: 5fb4dc96-b775-4b7d-93e4-7e62216d0eec): I am paying 10
[23:42:50] overlordrusty (uuid: 5fb4dc96-b775-4b7d-93e4-7e62216d0eec): lewis is splitting
[23:42:54] overlordrusty (uuid: 5fb4dc96-b775-4b7d-93e4-7e62216d0eec): so 5 each
[23:42:54] Berckham (uuid: 4601223d-f6ff-48cd-8a8a-b1da570b186a): okay
[23:43:01] overlordrusty (uuid: 5fb4dc96-b775-4b7d-93e4-7e62216d0eec): so it isnt too bad
[23:43:06] Berckham (uuid: 4601223d-f6ff-48cd-8a8a-b1da570b186a): so would you want to do 10 for the other as well
[23:43:43] overlordrusty (uuid: 5fb4dc96-b775-4b7d-93e4-7e62216d0eec): I mean you get an extra 1g ram and 10 extra players for it so probably
[23:44:05] Berckham (uuid: 4601223d-f6ff-48cd-8a8a-b1da570b186a): okay
[23:44:15] Berckham (uuid: 4601223d-f6ff-48cd-8a8a-b1da570b186a): ill be right back
[23:44:57] Berckham (uuid: 4601223d-f6ff-48cd-8a8a-b1da570b186a): when factions is up and running i could probably give you some money if you want
[23:45:04] overlordrusty (uuid: 5fb4dc96-b775-4b7d-93e4-7e62216d0eec): nonono
[23:45:06] overlordrusty (uuid: 5fb4dc96-b775-4b7d-93e4-7e62216d0eec): it is fine
[23:45:12] Berckham (uuid: 4601223d-f6ff-48cd-8a8a-b1da570b186a): are you sure
[23:45:15] Berckham (uuid: 4601223d-f6ff-48cd-8a8a-b1da570b186a): i have a job lol
[23:45:21] overlordrusty (uuid: 5fb4dc96-b775-4b7d-93e4-7e62216d0eec): yeah, I wouldnt want to do that
[23:45:28] Berckham (uuid: 4601223d-f6ff-48cd-8a8a-b1da570b186a): are you sure
[23:46:04] overlordrusty (uuid: 5fb4dc96-b775-4b7d-93e4-7e62216d0eec): I am very grateful
[23:46:15] overlordrusty (uuid: 5fb4dc96-b775-4b7d-93e4-7e62216d0eec): but like I am not expecting you to at all
[23:46:20] Berckham (uuid: 4601223d-f6ff-48cd-8a8a-b1da570b186a): okay
[23:46:27] Berckham (uuid: 4601223d-f6ff-48cd-8a8a-b1da570b186a): ill think about it a little
[23:46:33] overlordrusty (uuid: 5fb4dc96-b775-4b7d-93e4-7e62216d0eec): okay
[23:46:40] Hydr0lava (uuid: 80aad105-f057-467d-871d-8582812f11e9): so what are we doing
[23:46:45] overlordrusty (uuid: 5fb4dc96-b775-4b7d-93e4-7e62216d0eec): factions
[23:46:50] Hydr0lava (uuid: 80aad105-f057-467d-871d-8582812f11e9): alright
[23:47:01] Berckham (uuid: 4601223d-f6ff-48cd-8a8a-b1da570b186a): i dont know how i feel about this floor
[23:47:08] Berckham (uuid: 4601223d-f6ff-48cd-8a8a-b1da570b186a): hydro do you want to change it
[23:47:12] overlordrusty (uuid: 5fb4dc96-b775-4b7d-93e4-7e62216d0eec): it is a bit of an eye sore
[23:47:27] Hydr0lava (uuid: 80aad105-f057-467d-871d-8582812f11e9): oh
[23:47:32] overlordrusty (uuid: 5fb4dc96-b775-4b7d-93e4-7e62216d0eec): but it looks nice at the same time
[23:47:35] Hydr0lava (uuid: 80aad105-f057-467d-871d-8582812f11e9): sure
[23:47:38] Hydr0lava (uuid: 80aad105-f057-467d-871d-8582812f11e9): ill change it
[23:47:45] Berckham (uuid: 4601223d-f6ff-48cd-8a8a-b1da570b186a): we can always change it back
[23:47:50] overlordrusty (uuid: 5fb4dc96-b775-4b7d-93e4-7e62216d0eec): yesah
[23:47:52] overlordrusty (uuid: 5fb4dc96-b775-4b7d-93e4-7e62216d0eec): yeah*
[23:47:56] Hydr0lava (uuid: 80aad105-f057-467d-871d-8582812f11e9): what do you want it to be?
[23:48:01] Berckham (uuid: 4601223d-f6ff-48cd-8a8a-b1da570b186a): idc
[23:48:07] Hydr0lava (uuid: 80aad105-f057-467d-871d-8582812f11e9): ok
[23:48:09] Berckham (uuid: 4601223d-f6ff-48cd-8a8a-b1da570b186a): something that doesnt hur your eyes
[23:48:14] Berckham (uuid: 4601223d-f6ff-48cd-8a8a-b1da570b186a): hurt*
[23:50:09] overlordrusty (uuid: 5fb4dc96-b775-4b7d-93e4-7e62216d0eec): I was thinking
[23:50:16] overlordrusty (uuid: 5fb4dc96-b775-4b7d-93e4-7e62216d0eec): so yenno mcmmo
[23:50:18] Berckham (uuid: 4601223d-f6ff-48cd-8a8a-b1da570b186a): really
[23:50:21] Berckham (uuid: 4601223d-f6ff-48cd-8a8a-b1da570b186a): ye
[23:50:37] overlordrusty (uuid: 5fb4dc96-b775-4b7d-93e4-7e62216d0eec): you could go to kitpvp to get your sword up n that
[23:50:47] overlordrusty (uuid: 5fb4dc96-b775-4b7d-93e4-7e62216d0eec): or does that destroy the purpose of factions?
[23:51:01] Berckham (uuid: 4601223d-f6ff-48cd-8a8a-b1da570b186a): no not really
[23:51:08] overlordrusty (uuid: 5fb4dc96-b775-4b7d-93e4-7e62216d0eec): okay
[23:51:10] Berckham (uuid: 4601223d-f6ff-48cd-8a8a-b1da570b186a): i know servers that had a battle zone
[23:51:15] overlordrusty (uuid: 5fb4dc96-b775-4b7d-93e4-7e62216d0eec): yeah
[23:51:27] overlordrusty (uuid: 5fb4dc96-b775-4b7d-93e4-7e62216d0eec): that would make things less expensive
[23:51:30] Hydr0lava (uuid: 80aad105-f057-467d-871d-8582812f11e9): ok there might be lag
[23:51:32] overlordrusty (uuid: 5fb4dc96-b775-4b7d-93e4-7e62216d0eec): okay
[23:51:33] Berckham (uuid: 4601223d-f6ff-48cd-8a8a-b1da570b186a): yeah
[23:51:49] Hydr0lava (uuid: 80aad105-f057-467d-871d-8582812f11e9): hmm
[23:51:55] overlordrusty (uuid: 5fb4dc96-b775-4b7d-93e4-7e62216d0eec): ?
[23:52:11] Hydr0lava (uuid: 80aad105-f057-467d-871d-8582812f11e9): whats the command that mixes blocks
[23:52:19] overlordrusty (uuid: 5fb4dc96-b775-4b7d-93e4-7e62216d0eec): ,//set air
[23:52:21] Berckham (uuid: 4601223d-f6ff-48cd-8a8a-b1da570b186a): you do /set block,block
[23:52:28] Hydr0lava (uuid: 80aad105-f057-467d-871d-8582812f11e9): ok thanks i try
[23:52:32] Berckham (uuid: 4601223d-f6ff-48cd-8a8a-b1da570b186a): .//set
[23:52:33] overlordrusty (uuid: 5fb4dc96-b775-4b7d-93e4-7e62216d0eec): awww
[23:52:34] overlordrusty (uuid: 5fb4dc96-b775-4b7d-93e4-7e62216d0eec): mixes
[23:52:39] overlordrusty (uuid: 5fb4dc96-b775-4b7d-93e4-7e62216d0eec): sorry I read mines
[23:52:44] Berckham (uuid: 4601223d-f6ff-48cd-8a8a-b1da570b186a): lol
[23:53:47] overlordrusty (uuid: 5fb4dc96-b775-4b7d-93e4-7e62216d0eec): okay I am coming to help for a bit
[23:53:57] Berckham (uuid: 4601223d-f6ff-48cd-8a8a-b1da570b186a): tanks
[23:53:58] overlordrusty (uuid: 5fb4dc96-b775-4b7d-93e4-7e62216d0eec): before I hop off
[23:53:58] Berckham (uuid: 4601223d-f6ff-48cd-8a8a-b1da570b186a): thanks
[23:55:16] overlordrusty (uuid: 5fb4dc96-b775-4b7d-93e4-7e62216d0eec): just going to quickly brush my teeth
[23:55:24] Berckham (uuid: 4601223d-f6ff-48cd-8a8a-b1da570b186a): oker
[23:55:38] Hydr0lava (uuid: 80aad105-f057-467d-871d-8582812f11e9): so i was trying to set the foor to be gray concrete stonebrick stairs, slab, and stone brick but i cant
[23:55:57] overlordrusty (uuid: 5fb4dc96-b775-4b7d-93e4-7e62216d0eec): did you put underscores for stairs
[23:55:58] Berckham (uuid: 4601223d-f6ff-48cd-8a8a-b1da570b186a): huh
[23:56:04] overlordrusty (uuid: 5fb4dc96-b775-4b7d-93e4-7e62216d0eec): stonebrick_stairs
[23:56:15] Hydr0lava (uuid: 80aad105-f057-467d-871d-8582812f11e9): thats whats wrong
[23:56:17] overlordrusty (uuid: 5fb4dc96-b775-4b7d-93e4-7e62216d0eec): gray_concrete
[23:58:29] Berckham (uuid: 4601223d-f6ff-48cd-8a8a-b1da570b186a): is that what you wanted
[23:59:01] Hydr0lava (uuid: 80aad105-f057-467d-871d-8582812f11e9): yeah thanks
[23:59:16] Berckham (uuid: 4601223d-f6ff-48cd-8a8a-b1da570b186a): idk it looks weird
[23:59:18] Hydr0lava (uuid: 80aad105-f057-467d-871d-8582812f11e9): yea
[23:59:39] Hydr0lava (uuid: 80aad105-f057-467d-871d-8582812f11e9): ill think of a new design \
[23:59:41] Hydr0lava (uuid: 80aad105-f057-467d-871d-8582812f11e9): brb
