[00:01:21] overlordrusty (uuid: 5fb4dc96-b775-4b7d-93e4-7e62216d0eec): I like that floor
[00:01:27] Berckham (uuid: 4601223d-f6ff-48cd-8a8a-b1da570b186a): yeah i did it
[00:02:04] Berckham (uuid: 4601223d-f6ff-48cd-8a8a-b1da570b186a): oh i can just copy it
[00:02:15] overlordrusty (uuid: 5fb4dc96-b775-4b7d-93e4-7e62216d0eec): aw yeah
[00:02:17] Berckham (uuid: 4601223d-f6ff-48cd-8a8a-b1da570b186a): can you make a tower
[00:02:21] overlordrusty (uuid: 5fb4dc96-b775-4b7d-93e4-7e62216d0eec): okay
[00:02:25] overlordrusty (uuid: 5fb4dc96-b775-4b7d-93e4-7e62216d0eec): where?
[00:02:28] Berckham (uuid: 4601223d-f6ff-48cd-8a8a-b1da570b186a): like 60 blocks high
[00:02:31] overlordrusty (uuid: 5fb4dc96-b775-4b7d-93e4-7e62216d0eec): okay
[00:02:34] Berckham (uuid: 4601223d-f6ff-48cd-8a8a-b1da570b186a): any where and ill paste it in
[00:02:39] overlordrusty (uuid: 5fb4dc96-b775-4b7d-93e4-7e62216d0eec): ah
[00:02:40] overlordrusty (uuid: 5fb4dc96-b775-4b7d-93e4-7e62216d0eec): okay
[00:02:42] overlordrusty (uuid: 5fb4dc96-b775-4b7d-93e4-7e62216d0eec): made of>
[00:02:43] overlordrusty (uuid: 5fb4dc96-b775-4b7d-93e4-7e62216d0eec): ?
[00:02:47] Berckham (uuid: 4601223d-f6ff-48cd-8a8a-b1da570b186a): not 60 blocks high
[00:03:02] Berckham (uuid: 4601223d-f6ff-48cd-8a8a-b1da570b186a): just fairly high
[00:03:05] overlordrusty (uuid: 5fb4dc96-b775-4b7d-93e4-7e62216d0eec): okay
[00:03:11] overlordrusty (uuid: 5fb4dc96-b775-4b7d-93e4-7e62216d0eec): like what kind of tower?
[00:03:17] overlordrusty (uuid: 5fb4dc96-b775-4b7d-93e4-7e62216d0eec): like the ones in the corner?
[00:03:20] Berckham (uuid: 4601223d-f6ff-48cd-8a8a-b1da570b186a): no\
[00:03:22] Berckham (uuid: 4601223d-f6ff-48cd-8a8a-b1da570b186a): no
[00:03:29] Berckham (uuid: 4601223d-f6ff-48cd-8a8a-b1da570b186a): one sec ill send you a picture on discord
[00:03:32] overlordrusty (uuid: 5fb4dc96-b775-4b7d-93e4-7e62216d0eec): okie
[00:04:10] overlordrusty (uuid: 5fb4dc96-b775-4b7d-93e4-7e62216d0eec): okay
[00:08:14] overlordrusty (uuid: 5fb4dc96-b775-4b7d-93e4-7e62216d0eec): hola
[00:08:17] Element_85 (uuid: 3b5c7f35-2922-46b3-bafa-82f0f500643f): WASAMMMMM
[00:08:22] Berckham (uuid: 4601223d-f6ff-48cd-8a8a-b1da570b186a): hey
[00:11:55] Element_85 (uuid: 3b5c7f35-2922-46b3-bafa-82f0f500643f): thanks for not using brown wool
[00:11:59] overlordrusty (uuid: 5fb4dc96-b775-4b7d-93e4-7e62216d0eec): lol
[00:12:03] Berckham (uuid: 4601223d-f6ff-48cd-8a8a-b1da570b186a): lmao
[00:12:09] Element_85 (uuid: 3b5c7f35-2922-46b3-bafa-82f0f500643f): only russ knows
[00:12:18] Element_85 (uuid: 3b5c7f35-2922-46b3-bafa-82f0f500643f): and maybe Berckham
[00:12:26] overlordrusty (uuid: 5fb4dc96-b775-4b7d-93e4-7e62216d0eec): I thibk he was there
[00:12:31] Berckham (uuid: 4601223d-f6ff-48cd-8a8a-b1da570b186a): yeah i was
[00:12:35] overlordrusty (uuid: 5fb4dc96-b775-4b7d-93e4-7e62216d0eec): xD
[00:12:50] Hydr0lava (uuid: 80aad105-f057-467d-871d-8582812f11e9): oh
[00:12:52] Hydr0lava (uuid: 80aad105-f057-467d-871d-8582812f11e9): sick
[00:13:34] Element_85 (uuid: 3b5c7f35-2922-46b3-bafa-82f0f500643f): what else plugin related needs to happen?
[00:13:38] Element_85 (uuid: 3b5c7f35-2922-46b3-bafa-82f0f500643f): ill install factions
[00:13:44] overlordrusty (uuid: 5fb4dc96-b775-4b7d-93e4-7e62216d0eec): mcmmo
[00:13:49] overlordrusty (uuid: 5fb4dc96-b775-4b7d-93e4-7e62216d0eec): perworld inventory
[00:16:50] Element_85 (uuid: 3b5c7f35-2922-46b3-bafa-82f0f500643f): all of em added
[00:16:53] overlordrusty (uuid: 5fb4dc96-b775-4b7d-93e4-7e62216d0eec): moisrt
[00:17:33] Element_85 (uuid: 3b5c7f35-2922-46b3-bafa-82f0f500643f): disabled factions on bm
[00:17:40] overlordrusty (uuid: 5fb4dc96-b775-4b7d-93e4-7e62216d0eec): bm?
[00:17:46] Element_85 (uuid: 3b5c7f35-2922-46b3-bafa-82f0f500643f): bossmessenger
[00:17:49] overlordrusty (uuid: 5fb4dc96-b775-4b7d-93e4-7e62216d0eec): ah
[00:17:55] Element_85 (uuid: 3b5c7f35-2922-46b3-bafa-82f0f500643f): i can make a custom one for facs
[00:18:10] Element_85 (uuid: 3b5c7f35-2922-46b3-bafa-82f0f500643f): and it only shows up every now nd then
[00:18:17] overlordrusty (uuid: 5fb4dc96-b775-4b7d-93e4-7e62216d0eec): this game hates me
[00:18:21] Element_85 (uuid: 3b5c7f35-2922-46b3-bafa-82f0f500643f): why
[00:18:33] overlordrusty (uuid: 5fb4dc96-b775-4b7d-93e4-7e62216d0eec): when I copy and paste one half the other half disapears
[00:18:50] Element_85 (uuid: 3b5c7f35-2922-46b3-bafa-82f0f500643f): ur doing it wrong
[00:19:40] Element_85 (uuid: 3b5c7f35-2922-46b3-bafa-82f0f500643f): oops
[00:20:17] overlordrusty (uuid: 5fb4dc96-b775-4b7d-93e4-7e62216d0eec): there we go
[00:20:18] overlordrusty (uuid: 5fb4dc96-b775-4b7d-93e4-7e62216d0eec): thx
[00:20:33] Element_85 (uuid: 3b5c7f35-2922-46b3-bafa-82f0f500643f): ima genius ik
[00:20:37] Element_85 (uuid: 3b5c7f35-2922-46b3-bafa-82f0f500643f): ty ty
[00:20:58] Element_85 (uuid: 3b5c7f35-2922-46b3-bafa-82f0f500643f): guys use my custom pack
[00:21:01] overlordrusty (uuid: 5fb4dc96-b775-4b7d-93e4-7e62216d0eec): non
[00:21:56] Element_85 (uuid: 3b5c7f35-2922-46b3-bafa-82f0f500643f): added vault
[00:22:00] Element_85 (uuid: 3b5c7f35-2922-46b3-bafa-82f0f500643f): btw
[00:22:16] Element_85 (uuid: 3b5c7f35-2922-46b3-bafa-82f0f500643f): should i do wildtp as well?
[00:22:23] overlordrusty (uuid: 5fb4dc96-b775-4b7d-93e4-7e62216d0eec): yes
[00:24:48] Element_85 (uuid: 3b5c7f35-2922-46b3-bafa-82f0f500643f): TIME FOR AAAA:
[00:24:59] Element_85 (uuid: 3b5c7f35-2922-46b3-bafa-82f0f500643f): §lrestart
[00:25:01] overlordrusty (uuid: 5fb4dc96-b775-4b7d-93e4-7e62216d0eec): no
[00:25:05] overlordrusty (uuid: 5fb4dc96-b775-4b7d-93e4-7e62216d0eec): wait
[00:25:16] overlordrusty (uuid: 5fb4dc96-b775-4b7d-93e4-7e62216d0eec): okay
[00:25:18] overlordrusty (uuid: 5fb4dc96-b775-4b7d-93e4-7e62216d0eec): berk
[00:25:20] Element_85 (uuid: 3b5c7f35-2922-46b3-bafa-82f0f500643f): yall down?
[00:25:22] overlordrusty (uuid: 5fb4dc96-b775-4b7d-93e4-7e62216d0eec): beck
[00:25:26] Berckham (uuid: 4601223d-f6ff-48cd-8a8a-b1da570b186a): go ahead
[00:25:29] Element_85 (uuid: 3b5c7f35-2922-46b3-bafa-82f0f500643f): k
[00:25:33] overlordrusty (uuid: 5fb4dc96-b775-4b7d-93e4-7e62216d0eec): woo
[00:27:23] overlordrusty (uuid: 5fb4dc96-b775-4b7d-93e4-7e62216d0eec): ew
[00:27:39] overlordrusty (uuid: 5fb4dc96-b775-4b7d-93e4-7e62216d0eec): lol
[00:28:08] Element_85 (uuid: 3b5c7f35-2922-46b3-bafa-82f0f500643f): mcmmmo aint workinnnnnnnnnn
[00:28:16] Element_85 (uuid: 3b5c7f35-2922-46b3-bafa-82f0f500643f): ad wild D:
[00:28:19] overlordrusty (uuid: 5fb4dc96-b775-4b7d-93e4-7e62216d0eec): it isnt up to date
[00:28:23] overlordrusty (uuid: 5fb4dc96-b775-4b7d-93e4-7e62216d0eec): yeah
[00:28:27] overlordrusty (uuid: 5fb4dc96-b775-4b7d-93e4-7e62216d0eec): not upto date
[00:28:30] overlordrusty (uuid: 5fb4dc96-b775-4b7d-93e4-7e62216d0eec): delete them
[00:28:34] Element_85 (uuid: 3b5c7f35-2922-46b3-bafa-82f0f500643f): ok
[00:28:46] Element_85 (uuid: 3b5c7f35-2922-46b3-bafa-82f0f500643f): oopspsps
[00:28:47] overlordrusty (uuid: 5fb4dc96-b775-4b7d-93e4-7e62216d0eec): wtf
[00:28:50] Element_85 (uuid: 3b5c7f35-2922-46b3-bafa-82f0f500643f): my b
[00:28:53] overlordrusty (uuid: 5fb4dc96-b775-4b7d-93e4-7e62216d0eec): mmm
[00:29:14] overlordrusty (uuid: 5fb4dc96-b775-4b7d-93e4-7e62216d0eec): how does one accidentally do /kick overlordrusty
[00:29:29] Element_85 (uuid: 3b5c7f35-2922-46b3-bafa-82f0f500643f): i didnt
[00:29:31] overlordrusty (uuid: 5fb4dc96-b775-4b7d-93e4-7e62216d0eec): o
[00:29:34] Element_85 (uuid: 3b5c7f35-2922-46b3-bafa-82f0f500643f): theres a kick button
[00:29:37] overlordrusty (uuid: 5fb4dc96-b775-4b7d-93e4-7e62216d0eec): ah
[00:29:54] Element_85 (uuid: 3b5c7f35-2922-46b3-bafa-82f0f500643f): also why dont we give our servera custom domain
[00:30:00] overlordrusty (uuid: 5fb4dc96-b775-4b7d-93e4-7e62216d0eec): we will
[00:30:19] overlordrusty (uuid: 5fb4dc96-b775-4b7d-93e4-7e62216d0eec): AdmiralMC.gg
[00:30:30] Element_85 (uuid: 3b5c7f35-2922-46b3-bafa-82f0f500643f): wok
[00:30:55] Element_85 (uuid: 3b5c7f35-2922-46b3-bafa-82f0f500643f): i think u mean Admiral.mc.gg
[00:32:31] Element_85 (uuid: 3b5c7f35-2922-46b3-bafa-82f0f500643f): deleted em
[00:32:35] overlordrusty (uuid: 5fb4dc96-b775-4b7d-93e4-7e62216d0eec): goodie
[00:32:45] Element_85 (uuid: 3b5c7f35-2922-46b3-bafa-82f0f500643f): ill find up to date ones
[00:32:50] overlordrusty (uuid: 5fb4dc96-b775-4b7d-93e4-7e62216d0eec): yeah
[00:33:18] Element_85 (uuid: 3b5c7f35-2922-46b3-bafa-82f0f500643f): test perworldinventries
[00:33:29] overlordrusty (uuid: 5fb4dc96-b775-4b7d-93e4-7e62216d0eec): it dont work
[00:35:16] Element_85 (uuid: 3b5c7f35-2922-46b3-bafa-82f0f500643f): it might be a bypass node is why.
[00:38:20] Element_85 (uuid: 3b5c7f35-2922-46b3-bafa-82f0f500643f): lmk when yall gon reload, but for the moment ima be afk
[00:38:26] overlordrusty (uuid: 5fb4dc96-b775-4b7d-93e4-7e62216d0eec): okay
[00:38:28] Element_85 (uuid: 3b5c7f35-2922-46b3-bafa-82f0f500643f): just restart when u can
[00:38:37] Berckham (uuid: 4601223d-f6ff-48cd-8a8a-b1da570b186a): wait
[00:38:58] Berckham (uuid: 4601223d-f6ff-48cd-8a8a-b1da570b186a): okay yeah restart whenever
[00:39:06] overlordrusty (uuid: 5fb4dc96-b775-4b7d-93e4-7e62216d0eec): one sec
[00:39:10] Berckham (uuid: 4601223d-f6ff-48cd-8a8a-b1da570b186a): okay
[00:44:07] overlordrusty (uuid: 5fb4dc96-b775-4b7d-93e4-7e62216d0eec): I didnt get notified that yall joined xD
[00:44:13] Element_85 (uuid: 3b5c7f35-2922-46b3-bafa-82f0f500643f): wdym
[00:44:21] overlordrusty (uuid: 5fb4dc96-b775-4b7d-93e4-7e62216d0eec): it didnt come up saying that you joined
[00:44:26] Element_85 (uuid: 3b5c7f35-2922-46b3-bafa-82f0f500643f): we all joined the same time
[00:44:29] overlordrusty (uuid: 5fb4dc96-b775-4b7d-93e4-7e62216d0eec): o
[00:49:02] overlordrusty (uuid: 5fb4dc96-b775-4b7d-93e4-7e62216d0eec): sorry for it being a state xD
[00:52:20] overlordrusty (uuid: 5fb4dc96-b775-4b7d-93e4-7e62216d0eec): I think thats it, the roof is so bad
[00:52:28] Berckham (uuid: 4601223d-f6ff-48cd-8a8a-b1da570b186a): okay
[00:52:30] overlordrusty (uuid: 5fb4dc96-b775-4b7d-93e4-7e62216d0eec): the rest is decent tho
[00:52:33] Berckham (uuid: 4601223d-f6ff-48cd-8a8a-b1da570b186a): it doesnt look bad
[00:52:40] overlordrusty (uuid: 5fb4dc96-b775-4b7d-93e4-7e62216d0eec): look at the roof tho xD
[00:52:40] Berckham (uuid: 4601223d-f6ff-48cd-8a8a-b1da570b186a): i like ti
[00:52:42] Berckham (uuid: 4601223d-f6ff-48cd-8a8a-b1da570b186a): it
[00:53:05] overlordrusty (uuid: 5fb4dc96-b775-4b7d-93e4-7e62216d0eec): I wasnt sure where to put the yellow and blue so I just built it normally
[00:53:19] Berckham (uuid: 4601223d-f6ff-48cd-8a8a-b1da570b186a): thats okay
[00:53:39] overlordrusty (uuid: 5fb4dc96-b775-4b7d-93e4-7e62216d0eec): okay well good luck with the building. I am going to get some sleep
[00:53:45] Berckham (uuid: 4601223d-f6ff-48cd-8a8a-b1da570b186a): okay goodnight
[00:53:49] overlordrusty (uuid: 5fb4dc96-b775-4b7d-93e4-7e62216d0eec): goodnight
[00:54:02] Element_85 (uuid: 3b5c7f35-2922-46b3-bafa-82f0f500643f): hate to do this
[00:54:04] Element_85 (uuid: 3b5c7f35-2922-46b3-bafa-82f0f500643f): but
[00:54:06] Element_85 (uuid: 3b5c7f35-2922-46b3-bafa-82f0f500643f): restart?
[00:54:08] Berckham (uuid: 4601223d-f6ff-48cd-8a8a-b1da570b186a): sure
[00:54:12] Element_85 (uuid: 3b5c7f35-2922-46b3-bafa-82f0f500643f): last one tonight i sweae
[00:54:17] Berckham (uuid: 4601223d-f6ff-48cd-8a8a-b1da570b186a): okay lmao
[00:57:25] Element_85 (uuid: 3b5c7f35-2922-46b3-bafa-82f0f500643f): dude
[00:57:28] Berckham (uuid: 4601223d-f6ff-48cd-8a8a-b1da570b186a): yes
[00:57:30] Element_85 (uuid: 3b5c7f35-2922-46b3-bafa-82f0f500643f): u have wood on ur hear=d
[00:57:32] Element_85 (uuid: 3b5c7f35-2922-46b3-bafa-82f0f500643f): head
[00:57:42] Berckham (uuid: 4601223d-f6ff-48cd-8a8a-b1da570b186a): cool
[00:58:35] Berckham (uuid: 4601223d-f6ff-48cd-8a8a-b1da570b186a): tnx
[00:58:50] Element_85 (uuid: 3b5c7f35-2922-46b3-bafa-82f0f500643f): too op for u
[16:56:18] Element_85 (uuid: 3b5c7f35-2922-46b3-bafa-82f0f500643f): §6Welcome! Have fun
[16:56:26] Element_85 (uuid: 3b5c7f35-2922-46b3-bafa-82f0f500643f): 100
[16:57:39] Element_85 (uuid: 3b5c7f35-2922-46b3-bafa-82f0f500643f): §6Welcome to §dAdmiralMC! We hope you enjoy your stay in our server!
[16:57:48] Element_85 (uuid: 3b5c7f35-2922-46b3-bafa-82f0f500643f): 100
[16:57:57] Element_85 (uuid: 3b5c7f35-2922-46b3-bafa-82f0f500643f): 60
[16:58:17] Element_85 (uuid: 3b5c7f35-2922-46b3-bafa-82f0f500643f): 200
[22:58:28] Berckham (uuid: 4601223d-f6ff-48cd-8a8a-b1da570b186a): hey
[22:58:31] overlordrusty (uuid: 5fb4dc96-b775-4b7d-93e4-7e62216d0eec): HI
[22:58:40] Berckham (uuid: 4601223d-f6ff-48cd-8a8a-b1da570b186a): how are you?
[22:58:41] overlordrusty (uuid: 5fb4dc96-b775-4b7d-93e4-7e62216d0eec): lemme help
[22:58:44] overlordrusty (uuid: 5fb4dc96-b775-4b7d-93e4-7e62216d0eec): I am good, wby?
[22:58:50] Berckham (uuid: 4601223d-f6ff-48cd-8a8a-b1da570b186a): good
[22:59:17] Berckham (uuid: 4601223d-f6ff-48cd-8a8a-b1da570b186a): can you do the side
[22:59:28] Berckham (uuid: 4601223d-f6ff-48cd-8a8a-b1da570b186a): like the corner
[22:59:29] overlordrusty (uuid: 5fb4dc96-b775-4b7d-93e4-7e62216d0eec): idk how
[22:59:36] Berckham (uuid: 4601223d-f6ff-48cd-8a8a-b1da570b186a): oh then dont worry
[22:59:37] overlordrusty (uuid: 5fb4dc96-b775-4b7d-93e4-7e62216d0eec): like I am just copying what you have done
[22:59:41] Berckham (uuid: 4601223d-f6ff-48cd-8a8a-b1da570b186a): okay
[22:59:47] overlordrusty (uuid: 5fb4dc96-b775-4b7d-93e4-7e62216d0eec): i
[22:59:51] overlordrusty (uuid: 5fb4dc96-b775-4b7d-93e4-7e62216d0eec): mistake
[23:05:15] overlordrusty (uuid: 5fb4dc96-b775-4b7d-93e4-7e62216d0eec): we copying and pasting?
[23:05:28] Berckham (uuid: 4601223d-f6ff-48cd-8a8a-b1da570b186a): yeah but i need to do the corners
[23:05:32] overlordrusty (uuid: 5fb4dc96-b775-4b7d-93e4-7e62216d0eec): okay
[23:08:02] overlordrusty (uuid: 5fb4dc96-b775-4b7d-93e4-7e62216d0eec): this is looking good
[23:08:15] Berckham (uuid: 4601223d-f6ff-48cd-8a8a-b1da570b186a): ye
[23:14:09] Berckham (uuid: 4601223d-f6ff-48cd-8a8a-b1da570b186a): hey
[23:14:12] overlordrusty (uuid: 5fb4dc96-b775-4b7d-93e4-7e62216d0eec): ayyy
[23:14:14] Devilcraft (uuid: 84dd21b1-9e5d-41d1-aaca-dd9292db2aa1): bonjour
[23:14:23] Devilcraft (uuid: 84dd21b1-9e5d-41d1-aaca-dd9292db2aa1): ./mvtp factions?
[23:14:25] overlordrusty (uuid: 5fb4dc96-b775-4b7d-93e4-7e62216d0eec): yes
[23:14:25] Berckham (uuid: 4601223d-f6ff-48cd-8a8a-b1da570b186a): ye
[23:14:36] Devilcraft (uuid: 84dd21b1-9e5d-41d1-aaca-dd9292db2aa1): oo
[23:14:56] Devilcraft (uuid: 84dd21b1-9e5d-41d1-aaca-dd9292db2aa1): so i do the shop huh
[23:15:03] Berckham (uuid: 4601223d-f6ff-48cd-8a8a-b1da570b186a): ye
[23:15:05] overlordrusty (uuid: 5fb4dc96-b775-4b7d-93e4-7e62216d0eec): if you want yeah
[23:15:10] Devilcraft (uuid: 84dd21b1-9e5d-41d1-aaca-dd9292db2aa1): whereabouts
[23:15:15] Berckham (uuid: 4601223d-f6ff-48cd-8a8a-b1da570b186a): idk
[23:15:28] Devilcraft (uuid: 84dd21b1-9e5d-41d1-aaca-dd9292db2aa1): why is there a big tower
[23:15:40] Berckham (uuid: 4601223d-f6ff-48cd-8a8a-b1da570b186a): wich one
[23:15:47] Devilcraft (uuid: 84dd21b1-9e5d-41d1-aaca-dd9292db2aa1): this one
[23:15:50] Berckham (uuid: 4601223d-f6ff-48cd-8a8a-b1da570b186a): oh russ made it
[23:16:04] Devilcraft (uuid: 84dd21b1-9e5d-41d1-aaca-dd9292db2aa1): is it supposed to be here
[23:16:09] Berckham (uuid: 4601223d-f6ff-48cd-8a8a-b1da570b186a): well im remaking it
[23:16:13] Devilcraft (uuid: 84dd21b1-9e5d-41d1-aaca-dd9292db2aa1): ah ok
[23:16:18] Berckham (uuid: 4601223d-f6ff-48cd-8a8a-b1da570b186a): there is going to be four
[23:16:20] Devilcraft (uuid: 84dd21b1-9e5d-41d1-aaca-dd9292db2aa1): i was gonna say the wood looks off
[23:16:25] overlordrusty (uuid: 5fb4dc96-b775-4b7d-93e4-7e62216d0eec): yeah I am bad
[23:16:29] Berckham (uuid: 4601223d-f6ff-48cd-8a8a-b1da570b186a): np
[23:16:39] Devilcraft (uuid: 84dd21b1-9e5d-41d1-aaca-dd9292db2aa1): nah dw its good it just doesnt rly fit
[23:16:41] Devilcraft (uuid: 84dd21b1-9e5d-41d1-aaca-dd9292db2aa1): ya know
[23:16:57] overlordrusty (uuid: 5fb4dc96-b775-4b7d-93e4-7e62216d0eec): yeah, I was building it normally then I was going to add the blue and yello
[23:17:02] Devilcraft (uuid: 84dd21b1-9e5d-41d1-aaca-dd9292db2aa1): ahh makes sense
[23:17:03] overlordrusty (uuid: 5fb4dc96-b775-4b7d-93e4-7e62216d0eec): but I wasnt sure where
[23:17:49] Devilcraft (uuid: 84dd21b1-9e5d-41d1-aaca-dd9292db2aa1): my shop should keep the same colours and shit right
[23:17:53] overlordrusty (uuid: 5fb4dc96-b775-4b7d-93e4-7e62216d0eec): yeah
[23:18:33] overlordrusty (uuid: 5fb4dc96-b775-4b7d-93e4-7e62216d0eec): I could try and build a big mountain next the the castle
[23:18:37] overlordrusty (uuid: 5fb4dc96-b775-4b7d-93e4-7e62216d0eec): with voxel and we
[23:18:44] Berckham (uuid: 4601223d-f6ff-48cd-8a8a-b1da570b186a): sure
[23:18:59] overlordrusty (uuid: 5fb4dc96-b775-4b7d-93e4-7e62216d0eec): until you need me again
[23:19:04] Berckham (uuid: 4601223d-f6ff-48cd-8a8a-b1da570b186a): Devilcraft can i send you a picture for what i was thinking for the shop
[23:19:09] Devilcraft (uuid: 84dd21b1-9e5d-41d1-aaca-dd9292db2aa1): sure
[23:19:21] Berckham (uuid: 4601223d-f6ff-48cd-8a8a-b1da570b186a): what is your discord
[23:19:25] Devilcraft (uuid: 84dd21b1-9e5d-41d1-aaca-dd9292db2aa1): vyper
[23:19:29] Berckham (uuid: 4601223d-f6ff-48cd-8a8a-b1da570b186a): ok
[23:20:40] overlordrusty (uuid: 5fb4dc96-b775-4b7d-93e4-7e62216d0eec): berck will make this yellow?
[23:20:49] Berckham (uuid: 4601223d-f6ff-48cd-8a8a-b1da570b186a): make what yellow
[23:20:53] overlordrusty (uuid: 5fb4dc96-b775-4b7d-93e4-7e62216d0eec): this bit
[23:21:00] Berckham (uuid: 4601223d-f6ff-48cd-8a8a-b1da570b186a): nah
[23:21:02] overlordrusty (uuid: 5fb4dc96-b775-4b7d-93e4-7e62216d0eec): okay
[23:21:47] overlordrusty (uuid: 5fb4dc96-b775-4b7d-93e4-7e62216d0eec): can I see what the shop may look like?
[23:22:13] Berckham (uuid: 4601223d-f6ff-48cd-8a8a-b1da570b186a): yep
[23:22:16] overlordrusty (uuid: 5fb4dc96-b775-4b7d-93e4-7e62216d0eec): woo
[23:22:21] Berckham (uuid: 4601223d-f6ff-48cd-8a8a-b1da570b186a): its going to be undergrown
[23:22:26] Berckham (uuid: 4601223d-f6ff-48cd-8a8a-b1da570b186a): under ground
[23:22:27] overlordrusty (uuid: 5fb4dc96-b775-4b7d-93e4-7e62216d0eec): oo okau
[23:22:46] overlordrusty (uuid: 5fb4dc96-b775-4b7d-93e4-7e62216d0eec): Yeah thats sick
[23:22:54] overlordrusty (uuid: 5fb4dc96-b775-4b7d-93e4-7e62216d0eec): I am pretty sure I have played that before
[23:22:59] overlordrusty (uuid: 5fb4dc96-b775-4b7d-93e4-7e62216d0eec): I recognise it xD
[23:23:27] overlordrusty (uuid: 5fb4dc96-b775-4b7d-93e4-7e62216d0eec): grabbing a drink one sek
[23:23:29] overlordrusty (uuid: 5fb4dc96-b775-4b7d-93e4-7e62216d0eec): sec
[23:25:10] Devilcraft (uuid: 84dd21b1-9e5d-41d1-aaca-dd9292db2aa1): bec
[23:25:12] Berckham (uuid: 4601223d-f6ff-48cd-8a8a-b1da570b186a): yes
[23:25:15] Devilcraft (uuid: 84dd21b1-9e5d-41d1-aaca-dd9292db2aa1): i hav questi
[23:25:19] Berckham (uuid: 4601223d-f6ff-48cd-8a8a-b1da570b186a): shoot
[23:25:27] Devilcraft (uuid: 84dd21b1-9e5d-41d1-aaca-dd9292db2aa1): should shop have same texture as up here
[23:25:33] Devilcraft (uuid: 84dd21b1-9e5d-41d1-aaca-dd9292db2aa1): or more like pic u sen
[23:26:27] Berckham (uuid: 4601223d-f6ff-48cd-8a8a-b1da570b186a): use the same blocks as the towers and stuff but make it so its the general shape of the picture
[23:26:39] Devilcraft (uuid: 84dd21b1-9e5d-41d1-aaca-dd9292db2aa1): thought so
[23:32:34] overlordrusty (uuid: 5fb4dc96-b775-4b7d-93e4-7e62216d0eec): henlo
[23:32:39] Devilcraft (uuid: 84dd21b1-9e5d-41d1-aaca-dd9292db2aa1): bonjour
[23:32:40] Berckham (uuid: 4601223d-f6ff-48cd-8a8a-b1da570b186a): welcome back
[23:32:57] overlordrusty (uuid: 5fb4dc96-b775-4b7d-93e4-7e62216d0eec): ended up brushing my teeth n that
[23:33:05] Devilcraft (uuid: 84dd21b1-9e5d-41d1-aaca-dd9292db2aa1): hot
[23:33:08] overlordrusty (uuid: 5fb4dc96-b775-4b7d-93e4-7e62216d0eec): ik
[23:33:58] overlordrusty (uuid: 5fb4dc96-b775-4b7d-93e4-7e62216d0eec): this is good devil
[23:34:00] overlordrusty (uuid: 5fb4dc96-b775-4b7d-93e4-7e62216d0eec): I like
[23:34:01] Devilcraft (uuid: 84dd21b1-9e5d-41d1-aaca-dd9292db2aa1): yey
[23:34:07] Devilcraft (uuid: 84dd21b1-9e5d-41d1-aaca-dd9292db2aa1): bckm
[23:34:11] Berckham (uuid: 4601223d-f6ff-48cd-8a8a-b1da570b186a): nice
[23:34:14] Devilcraft (uuid: 84dd21b1-9e5d-41d1-aaca-dd9292db2aa1): 1 or 2 row of sign
[23:34:25] Berckham (uuid: 4601223d-f6ff-48cd-8a8a-b1da570b186a): two
[23:34:32] Devilcraft (uuid: 84dd21b1-9e5d-41d1-aaca-dd9292db2aa1): kk
[23:34:41] Berckham (uuid: 4601223d-f6ff-48cd-8a8a-b1da570b186a): sell and buy
[23:34:47] Devilcraft (uuid: 84dd21b1-9e5d-41d1-aaca-dd9292db2aa1): ok
[23:34:58] Devilcraft (uuid: 84dd21b1-9e5d-41d1-aaca-dd9292db2aa1): so it wont be left click buy right click sell
[23:35:07] overlordrusty (uuid: 5fb4dc96-b775-4b7d-93e4-7e62216d0eec): yeah
[23:35:14] Devilcraft (uuid: 84dd21b1-9e5d-41d1-aaca-dd9292db2aa1): coolio
[23:35:26] Berckham (uuid: 4601223d-f6ff-48cd-8a8a-b1da570b186a): it could be that
[23:35:57] Berckham (uuid: 4601223d-f6ff-48cd-8a8a-b1da570b186a): it could be left click buy right click sell, but then the two diffrent signs are like 32 and 64
[23:36:10] Devilcraft (uuid: 84dd21b1-9e5d-41d1-aaca-dd9292db2aa1): maybe just one sign buy and one sell
[23:36:18] Devilcraft (uuid: 84dd21b1-9e5d-41d1-aaca-dd9292db2aa1): and then stacks are right click or smth
[23:36:24] Berckham (uuid: 4601223d-f6ff-48cd-8a8a-b1da570b186a): okay
[23:36:30] overlordrusty (uuid: 5fb4dc96-b775-4b7d-93e4-7e62216d0eec): sounds good
[23:36:43] Berckham (uuid: 4601223d-f6ff-48cd-8a8a-b1da570b186a): also are we going to have /shop
[23:37:34] overlordrusty (uuid: 5fb4dc96-b775-4b7d-93e4-7e62216d0eec): tops
[23:37:37] overlordrusty (uuid: 5fb4dc96-b775-4b7d-93e4-7e62216d0eec): oops*
[23:38:12] overlordrusty (uuid: 5fb4dc96-b775-4b7d-93e4-7e62216d0eec): frick
[23:38:15] Devilcraft (uuid: 84dd21b1-9e5d-41d1-aaca-dd9292db2aa1): lang
[23:38:17] Berckham (uuid: 4601223d-f6ff-48cd-8a8a-b1da570b186a): i got it
[23:38:55] overlordrusty (uuid: 5fb4dc96-b775-4b7d-93e4-7e62216d0eec): aw yeah it was only a 90 degree turn
[23:38:59] overlordrusty (uuid: 5fb4dc96-b775-4b7d-93e4-7e62216d0eec): lol
[23:41:00] overlordrusty (uuid: 5fb4dc96-b775-4b7d-93e4-7e62216d0eec): it is off a bit
[23:41:04] overlordrusty (uuid: 5fb4dc96-b775-4b7d-93e4-7e62216d0eec): this one
[23:42:04] overlordrusty (uuid: 5fb4dc96-b775-4b7d-93e4-7e62216d0eec): perfect
[23:42:22] overlordrusty (uuid: 5fb4dc96-b775-4b7d-93e4-7e62216d0eec): woo
[23:42:25] overlordrusty (uuid: 5fb4dc96-b775-4b7d-93e4-7e62216d0eec): moist
[23:42:30] Berckham (uuid: 4601223d-f6ff-48cd-8a8a-b1da570b186a): ye
[23:42:32] Devilcraft (uuid: 84dd21b1-9e5d-41d1-aaca-dd9292db2aa1): thic tower
[23:42:39] overlordrusty (uuid: 5fb4dc96-b775-4b7d-93e4-7e62216d0eec): thicccccccccccccccccc dont you mean
[23:42:40] Devilcraft (uuid: 84dd21b1-9e5d-41d1-aaca-dd9292db2aa1): such girth
[23:42:40] Berckham (uuid: 4601223d-f6ff-48cd-8a8a-b1da570b186a): ye
[23:42:48] overlordrusty (uuid: 5fb4dc96-b775-4b7d-93e4-7e62216d0eec): girth xD
[23:43:02] Devilcraft (uuid: 84dd21b1-9e5d-41d1-aaca-dd9292db2aa1): if only there were gray signs
[23:43:10] overlordrusty (uuid: 5fb4dc96-b775-4b7d-93e4-7e62216d0eec): yeah
[23:43:10] Devilcraft (uuid: 84dd21b1-9e5d-41d1-aaca-dd9292db2aa1): they should add iron signs
[23:43:16] overlordrusty (uuid: 5fb4dc96-b775-4b7d-93e4-7e62216d0eec): they should xD
[23:43:39] Devilcraft (uuid: 84dd21b1-9e5d-41d1-aaca-dd9292db2aa1): lol
[23:43:41] Devilcraft (uuid: 84dd21b1-9e5d-41d1-aaca-dd9292db2aa1): acacia
[23:44:18] overlordrusty (uuid: 5fb4dc96-b775-4b7d-93e4-7e62216d0eec): you can barely read
[23:44:28] Berckham (uuid: 4601223d-f6ff-48cd-8a8a-b1da570b186a): i would be white
[23:44:34] overlordrusty (uuid: 5fb4dc96-b775-4b7d-93e4-7e62216d0eec): mm
[23:45:21] overlordrusty (uuid: 5fb4dc96-b775-4b7d-93e4-7e62216d0eec): what next?
[23:45:38] Devilcraft (uuid: 84dd21b1-9e5d-41d1-aaca-dd9292db2aa1): oops
[23:45:40] overlordrusty (uuid: 5fb4dc96-b775-4b7d-93e4-7e62216d0eec): lol
[23:45:46] Devilcraft (uuid: 84dd21b1-9e5d-41d1-aaca-dd9292db2aa1): i apolgiz
[23:46:11] overlordrusty (uuid: 5fb4dc96-b775-4b7d-93e4-7e62216d0eec): what is the roof of the tower going to be like?
[23:46:16] Devilcraft (uuid: 84dd21b1-9e5d-41d1-aaca-dd9292db2aa1): spong
[23:46:24] Berckham (uuid: 4601223d-f6ff-48cd-8a8a-b1da570b186a): its a turret so it wont have roof
[23:46:36] overlordrusty (uuid: 5fb4dc96-b775-4b7d-93e4-7e62216d0eec): like a spike thing
[23:46:40] overlordrusty (uuid: 5fb4dc96-b775-4b7d-93e4-7e62216d0eec): that wat i mean
[23:47:07] Berckham (uuid: 4601223d-f6ff-48cd-8a8a-b1da570b186a): it will just have a fence thign
[23:49:25] Devilcraft (uuid: 84dd21b1-9e5d-41d1-aaca-dd9292db2aa1): brb
[23:49:28] overlordrusty (uuid: 5fb4dc96-b775-4b7d-93e4-7e62216d0eec): okie
[23:49:29] Berckham (uuid: 4601223d-f6ff-48cd-8a8a-b1da570b186a): oker
[23:49:44] Berckham (uuid: 4601223d-f6ff-48cd-8a8a-b1da570b186a): russ
[23:49:47] overlordrusty (uuid: 5fb4dc96-b775-4b7d-93e4-7e62216d0eec): yes?
[23:49:56] Berckham (uuid: 4601223d-f6ff-48cd-8a8a-b1da570b186a): im currently working on a large project
[23:50:01] Berckham (uuid: 4601223d-f6ff-48cd-8a8a-b1da570b186a): its a giant dragon
[23:50:05] overlordrusty (uuid: 5fb4dc96-b775-4b7d-93e4-7e62216d0eec): okay
[23:50:17] Berckham (uuid: 4601223d-f6ff-48cd-8a8a-b1da570b186a): and im trying to think of a way to add it into the server
[23:50:23] Berckham (uuid: 4601223d-f6ff-48cd-8a8a-b1da570b186a): any ideas
[23:50:33] overlordrusty (uuid: 5fb4dc96-b775-4b7d-93e4-7e62216d0eec): do you mean to like import it?
[23:50:47] Berckham (uuid: 4601223d-f6ff-48cd-8a8a-b1da570b186a): yeah but i dont know what for
[23:51:02] overlordrusty (uuid: 5fb4dc96-b775-4b7d-93e4-7e62216d0eec): I think you would need to download the world and send it to me
[23:51:16] Berckham (uuid: 4601223d-f6ff-48cd-8a8a-b1da570b186a): no like what map like should it be for kit pvp or something
[23:51:24] overlordrusty (uuid: 5fb4dc96-b775-4b7d-93e4-7e62216d0eec): awwwww
[23:51:32] overlordrusty (uuid: 5fb4dc96-b775-4b7d-93e4-7e62216d0eec): depends on what kind of dragon
[23:51:37] Berckham (uuid: 4601223d-f6ff-48cd-8a8a-b1da570b186a): its huge
[23:51:43] overlordrusty (uuid: 5fb4dc96-b775-4b7d-93e4-7e62216d0eec): can I see?
[23:51:44] Berckham (uuid: 4601223d-f6ff-48cd-8a8a-b1da570b186a): and red
[23:51:51] Berckham (uuid: 4601223d-f6ff-48cd-8a8a-b1da570b186a): sure its just the skeloton
[23:51:55] Berckham (uuid: 4601223d-f6ff-48cd-8a8a-b1da570b186a): brb
[23:51:57] overlordrusty (uuid: 5fb4dc96-b775-4b7d-93e4-7e62216d0eec): okay
[23:54:45] Devilcraft (uuid: 84dd21b1-9e5d-41d1-aaca-dd9292db2aa1): je suis here again
[23:54:52] overlordrusty (uuid: 5fb4dc96-b775-4b7d-93e4-7e62216d0eec): HHEEHE
[23:55:00] overlordrusty (uuid: 5fb4dc96-b775-4b7d-93e4-7e62216d0eec): sorry I love that
[23:55:01] Devilcraft (uuid: 84dd21b1-9e5d-41d1-aaca-dd9292db2aa1): ecks dee
[23:55:20] Berckham (uuid: 4601223d-f6ff-48cd-8a8a-b1da570b186a): oui
[23:55:29] Devilcraft (uuid: 84dd21b1-9e5d-41d1-aaca-dd9292db2aa1): francais
[23:55:42] Berckham (uuid: 4601223d-f6ff-48cd-8a8a-b1da570b186a): je suis in autobus
[23:55:47] Berckham (uuid: 4601223d-f6ff-48cd-8a8a-b1da570b186a): un
[23:55:52] Devilcraft (uuid: 84dd21b1-9e5d-41d1-aaca-dd9292db2aa1): oh
[23:56:16] Berckham (uuid: 4601223d-f6ff-48cd-8a8a-b1da570b186a): je suis un autobus!!!!
[23:56:17] Devilcraft (uuid: 84dd21b1-9e5d-41d1-aaca-dd9292db2aa1): this build needs a conduit
[23:56:28] Berckham (uuid: 4601223d-f6ff-48cd-8a8a-b1da570b186a): thanks
