[21:47:35] Berckham (uuid: 4601223d-f6ff-48cd-8a8a-b1da570b186a): hey
[21:49:06] overlordrusty (uuid: 5fb4dc96-b775-4b7d-93e4-7e62216d0eec): oh hello
[21:49:06] Berckham (uuid: 4601223d-f6ff-48cd-8a8a-b1da570b186a): hey
[21:49:43] Berckham (uuid: 4601223d-f6ff-48cd-8a8a-b1da570b186a): is there any way to make it so mobs dont spawn in the shop
[21:49:46] Berckham (uuid: 4601223d-f6ff-48cd-8a8a-b1da570b186a): or spawn
[21:49:53] overlordrusty (uuid: 5fb4dc96-b775-4b7d-93e4-7e62216d0eec): probably yeah
[21:50:00] overlordrusty (uuid: 5fb4dc96-b775-4b7d-93e4-7e62216d0eec): probably just put light sources
[21:50:08] Berckham (uuid: 4601223d-f6ff-48cd-8a8a-b1da570b186a): yeah
[21:50:36] overlordrusty (uuid: 5fb4dc96-b775-4b7d-93e4-7e62216d0eec): you like the npcs?
[21:50:39] Berckham (uuid: 4601223d-f6ff-48cd-8a8a-b1da570b186a): ye
[21:50:43] overlordrusty (uuid: 5fb4dc96-b775-4b7d-93e4-7e62216d0eec): woo
[21:53:15] overlordrusty (uuid: 5fb4dc96-b775-4b7d-93e4-7e62216d0eec): brb
[21:55:04] Berckham (uuid: 4601223d-f6ff-48cd-8a8a-b1da570b186a): wb
[21:56:40] overlordrusty (uuid: 5fb4dc96-b775-4b7d-93e4-7e62216d0eec): woo
[22:02:17] overlordrusty (uuid: 5fb4dc96-b775-4b7d-93e4-7e62216d0eec): let me know when I an restart
[22:02:21] Berckham (uuid: 4601223d-f6ff-48cd-8a8a-b1da570b186a): go ahead
[22:02:30] overlordrusty (uuid: 5fb4dc96-b775-4b7d-93e4-7e62216d0eec): okay ty
[22:13:54] overlordrusty (uuid: 5fb4dc96-b775-4b7d-93e4-7e62216d0eec): HI MURRAY
[22:14:00] ItzMu44aGamer (uuid: 78b84a0a-b59b-4d30-b279-2c832584cd80): HI RUSSELL
[22:14:28] ItzMu44aGamer (uuid: 78b84a0a-b59b-4d30-b279-2c832584cd80): hi
[22:14:58] overlordrusty (uuid: 5fb4dc96-b775-4b7d-93e4-7e62216d0eec): ./mvtp flatroon
[22:15:00] overlordrusty (uuid: 5fb4dc96-b775-4b7d-93e4-7e62216d0eec): ./mvtp flatroom
[22:42:49] overlordrusty (uuid: 5fb4dc96-b775-4b7d-93e4-7e62216d0eec): t
[22:43:03] overlordrusty (uuid: 5fb4dc96-b775-4b7d-93e4-7e62216d0eec): on3e sec
[22:43:07] ItzMu44aGamer (uuid: 78b84a0a-b59b-4d30-b279-2c832584cd80): ok
[22:47:58] overlordrusty (uuid: 5fb4dc96-b775-4b7d-93e4-7e62216d0eec): t
[23:02:03] overlordrusty (uuid: 5fb4dc96-b775-4b7d-93e4-7e62216d0eec): #
