[16:34:22] Element_85 (uuid: 3b5c7f35-2922-46b3-bafa-82f0f500643f): hey
[16:36:54] Element_85 (uuid: 3b5c7f35-2922-46b3-bafa-82f0f500643f): did u install some other plugin i think its messing w it
[16:40:59] Element_85 (uuid: 3b5c7f35-2922-46b3-bafa-82f0f500643f): whyd u download luckperms
[16:43:12] Element_85 (uuid: 3b5c7f35-2922-46b3-bafa-82f0f500643f): i fixed it
[22:19:34] overlordrusty (uuid: 5fb4dc96-b775-4b7d-93e4-7e62216d0eec): hola
[22:19:42] Element_85 (uuid: 3b5c7f35-2922-46b3-bafa-82f0f500643f): hola papasito
[22:19:46] overlordrusty (uuid: 5fb4dc96-b775-4b7d-93e4-7e62216d0eec): yum
[22:19:50] Element_85 (uuid: 3b5c7f35-2922-46b3-bafa-82f0f500643f): nh
[22:21:51] Element_85 (uuid: 3b5c7f35-2922-46b3-bafa-82f0f500643f): wud
[22:21:55] Element_85 (uuid: 3b5c7f35-2922-46b3-bafa-82f0f500643f): wyd
[22:22:03] overlordrusty (uuid: 5fb4dc96-b775-4b7d-93e4-7e62216d0eec): I am bout to build a bit
[22:22:10] overlordrusty (uuid: 5fb4dc96-b775-4b7d-93e4-7e62216d0eec): in the center
[22:22:14] overlordrusty (uuid: 5fb4dc96-b775-4b7d-93e4-7e62216d0eec): n stuff
[22:22:17] Element_85 (uuid: 3b5c7f35-2922-46b3-bafa-82f0f500643f): ok
[22:22:22] Element_85 (uuid: 3b5c7f35-2922-46b3-bafa-82f0f500643f): also
[22:22:29] Element_85 (uuid: 3b5c7f35-2922-46b3-bafa-82f0f500643f): the resaon prefixes werenyt working
[22:22:38] Element_85 (uuid: 3b5c7f35-2922-46b3-bafa-82f0f500643f): is bc u installed luckperms
[22:22:43] overlordrusty (uuid: 5fb4dc96-b775-4b7d-93e4-7e62216d0eec): ahhh
[22:22:44] overlordrusty (uuid: 5fb4dc96-b775-4b7d-93e4-7e62216d0eec): my bad
[22:22:51] Element_85 (uuid: 3b5c7f35-2922-46b3-bafa-82f0f500643f): what did u need ti for?
[22:22:57] overlordrusty (uuid: 5fb4dc96-b775-4b7d-93e4-7e62216d0eec): I cant remember xD
[22:23:03] Element_85 (uuid: 3b5c7f35-2922-46b3-bafa-82f0f500643f): oh
[22:23:12] Element_85 (uuid: 3b5c7f35-2922-46b3-bafa-82f0f500643f): good cause i deleted it
[22:23:17] overlordrusty (uuid: 5fb4dc96-b775-4b7d-93e4-7e62216d0eec): thats fine xD
[22:23:23] Element_85 (uuid: 3b5c7f35-2922-46b3-bafa-82f0f500643f): waiiit
[22:24:34] overlordrusty (uuid: 5fb4dc96-b775-4b7d-93e4-7e62216d0eec): waaaaa?
[22:24:50] Element_85 (uuid: 3b5c7f35-2922-46b3-bafa-82f0f500643f): t
[22:25:00] Element_85 (uuid: 3b5c7f35-2922-46b3-bafa-82f0f500643f): gang
[22:25:10] Element_85 (uuid: 3b5c7f35-2922-46b3-bafa-82f0f500643f): ill fix tab now
[22:25:13] overlordrusty (uuid: 5fb4dc96-b775-4b7d-93e4-7e62216d0eec): wdym
[22:25:22] Element_85 (uuid: 3b5c7f35-2922-46b3-bafa-82f0f500643f): so it showsa my prefix correctly
[22:25:24] overlordrusty (uuid: 5fb4dc96-b775-4b7d-93e4-7e62216d0eec): its broken?
[22:25:27] Element_85 (uuid: 3b5c7f35-2922-46b3-bafa-82f0f500643f): no
[22:25:27] overlordrusty (uuid: 5fb4dc96-b775-4b7d-93e4-7e62216d0eec): ohhh
[22:25:30] overlordrusty (uuid: 5fb4dc96-b775-4b7d-93e4-7e62216d0eec): yeah I see it
[22:29:12] Element_85 (uuid: 3b5c7f35-2922-46b3-bafa-82f0f500643f): boom
[22:29:16] overlordrusty (uuid: 5fb4dc96-b775-4b7d-93e4-7e62216d0eec): yum
[22:29:16] Element_85 (uuid: 3b5c7f35-2922-46b3-bafa-82f0f500643f): done
[22:29:29] Element_85 (uuid: 3b5c7f35-2922-46b3-bafa-82f0f500643f): am i the best staff member ever or what
[22:29:30] overlordrusty (uuid: 5fb4dc96-b775-4b7d-93e4-7e62216d0eec): I need to restart bc we is not working
[22:29:33] overlordrusty (uuid: 5fb4dc96-b775-4b7d-93e4-7e62216d0eec): indded xD
[22:29:41] Element_85 (uuid: 3b5c7f35-2922-46b3-bafa-82f0f500643f): go ahead
[22:32:07] Element_85 (uuid: 3b5c7f35-2922-46b3-bafa-82f0f500643f): can u see me
[22:32:14] overlordrusty (uuid: 5fb4dc96-b775-4b7d-93e4-7e62216d0eec): yes
[22:32:23] Element_85 (uuid: 3b5c7f35-2922-46b3-bafa-82f0f500643f): actually see m,e
[22:32:28] overlordrusty (uuid: 5fb4dc96-b775-4b7d-93e4-7e62216d0eec): I found the old factions spawn xD
[22:32:41] overlordrusty (uuid: 5fb4dc96-b775-4b7d-93e4-7e62216d0eec): I do see you
[22:32:43] Element_85 (uuid: 3b5c7f35-2922-46b3-bafa-82f0f500643f): i see
[22:32:53] Element_85 (uuid: 3b5c7f35-2922-46b3-bafa-82f0f500643f): this shitty are here
[22:33:06] Element_85 (uuid: 3b5c7f35-2922-46b3-bafa-82f0f500643f): tp to mw
[22:33:25] overlordrusty (uuid: 5fb4dc96-b775-4b7d-93e4-7e62216d0eec): lol
[22:33:27] Element_85 (uuid: 3b5c7f35-2922-46b3-bafa-82f0f500643f): i built this
[22:33:31] Element_85 (uuid: 3b5c7f35-2922-46b3-bafa-82f0f500643f): dont break :(
[22:33:40] overlordrusty (uuid: 5fb4dc96-b775-4b7d-93e4-7e62216d0eec): i wont
[22:33:48] overlordrusty (uuid: 5fb4dc96-b775-4b7d-93e4-7e62216d0eec): no promises that other folk wont
[22:33:52] Element_85 (uuid: 3b5c7f35-2922-46b3-bafa-82f0f500643f): ok lol
[22:34:10] overlordrusty (uuid: 5fb4dc96-b775-4b7d-93e4-7e62216d0eec): right
[22:34:22] overlordrusty (uuid: 5fb4dc96-b775-4b7d-93e4-7e62216d0eec): I made a ticket and they seem to be taking ages to answer it
[22:34:31] overlordrusty (uuid: 5fb4dc96-b775-4b7d-93e4-7e62216d0eec): do you know if there is a way to separate warps?
[22:34:31] Element_85 (uuid: 3b5c7f35-2922-46b3-bafa-82f0f500643f): hm
[22:34:34] Element_85 (uuid: 3b5c7f35-2922-46b3-bafa-82f0f500643f): i gtg
[22:34:38] overlordrusty (uuid: 5fb4dc96-b775-4b7d-93e4-7e62216d0eec): so certain warps in in certain worlds
[22:34:40] overlordrusty (uuid: 5fb4dc96-b775-4b7d-93e4-7e62216d0eec): nooooo
