[01:59:25] Element_85 (uuid: 3b5c7f35-2922-46b3-bafa-82f0f500643f): &ut
[02:01:52] Element_85 (uuid: 3b5c7f35-2922-46b3-bafa-82f0f500643f): §a2
[02:01:57] Element_85 (uuid: 3b5c7f35-2922-46b3-bafa-82f0f500643f): §a2§b1
[02:02:16] Element_85 (uuid: 3b5c7f35-2922-46b3-bafa-82f0f500643f): §a2§b1§c3§d4§e5§f6
[02:03:10] Element_85 (uuid: 3b5c7f35-2922-46b3-bafa-82f0f500643f): t
[02:04:52] Element_85 (uuid: 3b5c7f35-2922-46b3-bafa-82f0f500643f): t
[02:05:25] Element_85 (uuid: 3b5c7f35-2922-46b3-bafa-82f0f500643f): t
[02:05:55] Element_85 (uuid: 3b5c7f35-2922-46b3-bafa-82f0f500643f): peter piper picked a (idk) of peppers
[18:06:43] Je2ter (uuid: 51a48370-dcc1-487f-acad-a065f06aeb74): t
[18:06:48] Je2ter (uuid: 51a48370-dcc1-487f-acad-a065f06aeb74): &6t
[18:33:16] overlordrusty (uuid: 5fb4dc96-b775-4b7d-93e4-7e62216d0eec): hello
[18:33:30] Element_85 (uuid: 3b5c7f35-2922-46b3-bafa-82f0f500643f): hi
[18:33:32] overlordrusty (uuid: 5fb4dc96-b775-4b7d-93e4-7e62216d0eec): yo
[18:33:36] Element_85 (uuid: 3b5c7f35-2922-46b3-bafa-82f0f500643f): im pissed
[18:33:44] overlordrusty (uuid: 5fb4dc96-b775-4b7d-93e4-7e62216d0eec): how?
[18:33:55] Element_85 (uuid: 3b5c7f35-2922-46b3-bafa-82f0f500643f): its gonna take forever to fix perms n shit
[18:33:59] overlordrusty (uuid: 5fb4dc96-b775-4b7d-93e4-7e62216d0eec): how come?
[18:34:04] Element_85 (uuid: 3b5c7f35-2922-46b3-bafa-82f0f500643f): im fixing command npcs rn
[18:34:13] Element_85 (uuid: 3b5c7f35-2922-46b3-bafa-82f0f500643f): i had to make it use console
[18:34:14] overlordrusty (uuid: 5fb4dc96-b775-4b7d-93e4-7e62216d0eec): wdym what happened?
[18:34:34] Element_85 (uuid: 3b5c7f35-2922-46b3-bafa-82f0f500643f): also Je2ter is a dude who randomly joined ion who he is
[18:34:34] overlordrusty (uuid: 5fb4dc96-b775-4b7d-93e4-7e62216d0eec): is Je2ter your alt?
[18:34:38] overlordrusty (uuid: 5fb4dc96-b775-4b7d-93e4-7e62216d0eec): oh
[18:34:43] overlordrusty (uuid: 5fb4dc96-b775-4b7d-93e4-7e62216d0eec): I mean
[18:34:48] overlordrusty (uuid: 5fb4dc96-b775-4b7d-93e4-7e62216d0eec): I am not going to complain xD
[18:34:48] Element_85 (uuid: 3b5c7f35-2922-46b3-bafa-82f0f500643f): hes afk
[18:34:56] overlordrusty (uuid: 5fb4dc96-b775-4b7d-93e4-7e62216d0eec): did he say anything
[18:34:58] overlordrusty (uuid: 5fb4dc96-b775-4b7d-93e4-7e62216d0eec): ?
[18:34:59] Element_85 (uuid: 3b5c7f35-2922-46b3-bafa-82f0f500643f): yes
[18:35:03] overlordrusty (uuid: 5fb4dc96-b775-4b7d-93e4-7e62216d0eec): what did he say?
[18:35:08] Element_85 (uuid: 3b5c7f35-2922-46b3-bafa-82f0f500643f): fuck this server
[18:35:10] overlordrusty (uuid: 5fb4dc96-b775-4b7d-93e4-7e62216d0eec): oh
[18:35:12] Element_85 (uuid: 3b5c7f35-2922-46b3-bafa-82f0f500643f): lol
[18:35:14] overlordrusty (uuid: 5fb4dc96-b775-4b7d-93e4-7e62216d0eec): why? xD
[18:35:19] Element_85 (uuid: 3b5c7f35-2922-46b3-bafa-82f0f500643f): he said its undeveloped
[18:35:24] overlordrusty (uuid: 5fb4dc96-b775-4b7d-93e4-7e62216d0eec): WELL NO SHIT
[18:35:29] Element_85 (uuid: 3b5c7f35-2922-46b3-bafa-82f0f500643f): jk its my alt
[18:35:31] overlordrusty (uuid: 5fb4dc96-b775-4b7d-93e4-7e62216d0eec): its not even livexD
[18:35:32] Element_85 (uuid: 3b5c7f35-2922-46b3-bafa-82f0f500643f): to test perms
[18:35:32] overlordrusty (uuid: 5fb4dc96-b775-4b7d-93e4-7e62216d0eec): aw
[18:35:37] overlordrusty (uuid: 5fb4dc96-b775-4b7d-93e4-7e62216d0eec): I got rekt
[18:35:39] overlordrusty (uuid: 5fb4dc96-b775-4b7d-93e4-7e62216d0eec): oh no
[18:35:40] Element_85 (uuid: 3b5c7f35-2922-46b3-bafa-82f0f500643f): lolol
[18:35:44] overlordrusty (uuid: 5fb4dc96-b775-4b7d-93e4-7e62216d0eec): gg no re
[18:35:45] Element_85 (uuid: 3b5c7f35-2922-46b3-bafa-82f0f500643f): que
[18:35:50] overlordrusty (uuid: 5fb4dc96-b775-4b7d-93e4-7e62216d0eec): I asked at the start xD
[18:36:05] overlordrusty (uuid: 5fb4dc96-b775-4b7d-93e4-7e62216d0eec): fucking vindiactors
[18:36:10] overlordrusty (uuid: 5fb4dc96-b775-4b7d-93e4-7e62216d0eec): vindicators
[18:41:02] Element_85 (uuid: 3b5c7f35-2922-46b3-bafa-82f0f500643f): whats teh command to go to the shop
[18:41:09] overlordrusty (uuid: 5fb4dc96-b775-4b7d-93e4-7e62216d0eec): there isnt one
[18:41:14] overlordrusty (uuid: 5fb4dc96-b775-4b7d-93e4-7e62216d0eec): it is supposed to be a warp
[18:41:18] Element_85 (uuid: 3b5c7f35-2922-46b3-bafa-82f0f500643f): so what did the shop npc have
[18:41:24] Element_85 (uuid: 3b5c7f35-2922-46b3-bafa-82f0f500643f): oh
[18:41:26] overlordrusty (uuid: 5fb4dc96-b775-4b7d-93e4-7e62216d0eec): ./warp shop
[18:41:38] Element_85 (uuid: 3b5c7f35-2922-46b3-bafa-82f0f500643f): ill set it
[18:41:40] overlordrusty (uuid: 5fb4dc96-b775-4b7d-93e4-7e62216d0eec): okie
[18:43:30] Element_85 (uuid: 3b5c7f35-2922-46b3-bafa-82f0f500643f): pl
[18:43:33] overlordrusty (uuid: 5fb4dc96-b775-4b7d-93e4-7e62216d0eec): ?
[18:43:38] Element_85 (uuid: 3b5c7f35-2922-46b3-bafa-82f0f500643f): ./pl*
[18:43:42] overlordrusty (uuid: 5fb4dc96-b775-4b7d-93e4-7e62216d0eec): ah
[18:43:45] Element_85 (uuid: 3b5c7f35-2922-46b3-bafa-82f0f500643f): install facs
[18:43:49] overlordrusty (uuid: 5fb4dc96-b775-4b7d-93e4-7e62216d0eec): okay
[18:44:10] overlordrusty (uuid: 5fb4dc96-b775-4b7d-93e4-7e62216d0eec): it is for 1.12
[18:44:13] Element_85 (uuid: 3b5c7f35-2922-46b3-bafa-82f0f500643f): ion
[18:44:22] overlordrusty (uuid: 5fb4dc96-b775-4b7d-93e4-7e62216d0eec): there is savage factions
[18:44:26] overlordrusty (uuid: 5fb4dc96-b775-4b7d-93e4-7e62216d0eec): which is up to date
[18:44:31] Element_85 (uuid: 3b5c7f35-2922-46b3-bafa-82f0f500643f): u choose
[18:44:36] Element_85 (uuid: 3b5c7f35-2922-46b3-bafa-82f0f500643f): 1.12 should work
[18:44:38] Element_85 (uuid: 3b5c7f35-2922-46b3-bafa-82f0f500643f): tho
[18:44:40] overlordrusty (uuid: 5fb4dc96-b775-4b7d-93e4-7e62216d0eec): okay
[18:44:44] overlordrusty (uuid: 5fb4dc96-b775-4b7d-93e4-7e62216d0eec): We wil first
[18:44:49] overlordrusty (uuid: 5fb4dc96-b775-4b7d-93e4-7e62216d0eec): try that first
[18:45:07] Element_85 (uuid: 3b5c7f35-2922-46b3-bafa-82f0f500643f): wait for my say to restart tho
[18:45:20] Element_85 (uuid: 3b5c7f35-2922-46b3-bafa-82f0f500643f): tbh lets just reload for now no ones using we
[18:45:21] overlordrusty (uuid: 5fb4dc96-b775-4b7d-93e4-7e62216d0eec): yeah it isnt going to work
[18:45:27] overlordrusty (uuid: 5fb4dc96-b775-4b7d-93e4-7e62216d0eec): dont reload
[18:45:28] overlordrusty (uuid: 5fb4dc96-b775-4b7d-93e4-7e62216d0eec): I am
[18:45:29] Element_85 (uuid: 3b5c7f35-2922-46b3-bafa-82f0f500643f): ik
[18:45:54] overlordrusty (uuid: 5fb4dc96-b775-4b7d-93e4-7e62216d0eec): tell me when
[18:46:40] Element_85 (uuid: 3b5c7f35-2922-46b3-bafa-82f0f500643f): 1 sec
[18:47:08] overlordrusty (uuid: 5fb4dc96-b775-4b7d-93e4-7e62216d0eec): I am adding a jump pad plugin
[18:48:12] Je2ter (uuid: 51a48370-dcc1-487f-acad-a065f06aeb74): reload
[18:48:19] Je2ter (uuid: 51a48370-dcc1-487f-acad-a065f06aeb74): u can reload
[18:49:34] Element_85 (uuid: 3b5c7f35-2922-46b3-bafa-82f0f500643f): i can make a "warp to f home" npc
[18:49:37] Element_85 (uuid: 3b5c7f35-2922-46b3-bafa-82f0f500643f): if u want
[18:49:49] Element_85 (uuid: 3b5c7f35-2922-46b3-bafa-82f0f500643f): shoudlk i
[18:49:50] overlordrusty (uuid: 5fb4dc96-b775-4b7d-93e4-7e62216d0eec): wat
[18:50:01] overlordrusty (uuid: 5fb4dc96-b775-4b7d-93e4-7e62216d0eec): wdym
[18:50:56] overlordrusty (uuid: 5fb4dc96-b775-4b7d-93e4-7e62216d0eec): awwwwwwwwww
[18:51:00] overlordrusty (uuid: 5fb4dc96-b775-4b7d-93e4-7e62216d0eec): okay I get you
[18:51:04] Je2ter (uuid: 51a48370-dcc1-487f-acad-a065f06aeb74): yeah
[18:52:48] overlordrusty (uuid: 5fb4dc96-b775-4b7d-93e4-7e62216d0eec): bloody mobs
[18:53:50] Je2ter (uuid: 51a48370-dcc1-487f-acad-a065f06aeb74): my nick is good
[18:53:57] overlordrusty (uuid: 5fb4dc96-b775-4b7d-93e4-7e62216d0eec): yes
[18:54:25] Je2ter (uuid: 51a48370-dcc1-487f-acad-a065f06aeb74): better now
[18:54:33] Element_85 (uuid: 3b5c7f35-2922-46b3-bafa-82f0f500643f): whos is better
[18:54:33] overlordrusty (uuid: 5fb4dc96-b775-4b7d-93e4-7e62216d0eec): the bold is better
[18:55:35] overlordrusty (uuid: 5fb4dc96-b775-4b7d-93e4-7e62216d0eec): you like the auction house?
[18:56:42] Element_85 (uuid: 3b5c7f35-2922-46b3-bafa-82f0f500643f): t
[18:56:46] Element_85 (uuid: 3b5c7f35-2922-46b3-bafa-82f0f500643f): is bold better
[18:56:49] overlordrusty (uuid: 5fb4dc96-b775-4b7d-93e4-7e62216d0eec): yes
[18:56:50] overlordrusty (uuid: 5fb4dc96-b775-4b7d-93e4-7e62216d0eec): much
[18:56:54] overlordrusty (uuid: 5fb4dc96-b775-4b7d-93e4-7e62216d0eec): yes
[18:57:10] overlordrusty (uuid: 5fb4dc96-b775-4b7d-93e4-7e62216d0eec): you like the auction house?
[18:57:29] Element_85 (uuid: 3b5c7f35-2922-46b3-bafa-82f0f500643f): si
[18:57:40] overlordrusty (uuid: 5fb4dc96-b775-4b7d-93e4-7e62216d0eec): isnt a schematic btw
[18:57:51] Element_85 (uuid: 3b5c7f35-2922-46b3-bafa-82f0f500643f): lol
[18:57:55] Element_85 (uuid: 3b5c7f35-2922-46b3-bafa-82f0f500643f): u sure
[18:57:57] overlordrusty (uuid: 5fb4dc96-b775-4b7d-93e4-7e62216d0eec): yeah
[18:58:05] overlordrusty (uuid: 5fb4dc96-b775-4b7d-93e4-7e62216d0eec): my friend built it back in february
[18:58:23] overlordrusty (uuid: 5fb4dc96-b775-4b7d-93e4-7e62216d0eec): do you think it suits?
[18:58:28] Element_85 (uuid: 3b5c7f35-2922-46b3-bafa-82f0f500643f): not really
[18:58:31] overlordrusty (uuid: 5fb4dc96-b775-4b7d-93e4-7e62216d0eec): yeah xD
[18:58:37] overlordrusty (uuid: 5fb4dc96-b775-4b7d-93e4-7e62216d0eec): I mean it can be spiced up
[18:58:49] Element_85 (uuid: 3b5c7f35-2922-46b3-bafa-82f0f500643f): its facs not towny
[18:58:58] overlordrusty (uuid: 5fb4dc96-b775-4b7d-93e4-7e62216d0eec): yeah but auction houses are fun
[18:59:40] overlordrusty (uuid: 5fb4dc96-b775-4b7d-93e4-7e62216d0eec): what do you think the blocks could be changed to?
[18:59:53] Element_85 (uuid: 3b5c7f35-2922-46b3-bafa-82f0f500643f): idk but somethings wrong right here
[19:00:02] overlordrusty (uuid: 5fb4dc96-b775-4b7d-93e4-7e62216d0eec): oh yeah
[19:02:01] overlordrusty (uuid: 5fb4dc96-b775-4b7d-93e4-7e62216d0eec): now we are talking
[19:03:10] Element_85 (uuid: 3b5c7f35-2922-46b3-bafa-82f0f500643f): it glitched
[19:03:11] Element_85 (uuid: 3b5c7f35-2922-46b3-bafa-82f0f500643f): tf
[19:03:15] overlordrusty (uuid: 5fb4dc96-b775-4b7d-93e4-7e62216d0eec): i think keep glass
[19:03:20] overlordrusty (uuid: 5fb4dc96-b775-4b7d-93e4-7e62216d0eec): looks weird black
[19:03:28] Element_85 (uuid: 3b5c7f35-2922-46b3-bafa-82f0f500643f): i like it
[19:03:35] Element_85 (uuid: 3b5c7f35-2922-46b3-bafa-82f0f500643f): is it my pack
[19:03:53] overlordrusty (uuid: 5fb4dc96-b775-4b7d-93e4-7e62216d0eec): oh
[19:04:17] overlordrusty (uuid: 5fb4dc96-b775-4b7d-93e4-7e62216d0eec): ew
[19:04:52] overlordrusty (uuid: 5fb4dc96-b775-4b7d-93e4-7e62216d0eec): does the roof fit?
[19:04:56] overlordrusty (uuid: 5fb4dc96-b775-4b7d-93e4-7e62216d0eec): I'm not sure
[19:05:23] Element_85 (uuid: 3b5c7f35-2922-46b3-bafa-82f0f500643f): im gonna try somedif roosm
[19:05:26] Element_85 (uuid: 3b5c7f35-2922-46b3-bafa-82f0f500643f): dont flip shit
[19:05:29] overlordrusty (uuid: 5fb4dc96-b775-4b7d-93e4-7e62216d0eec): okay
[19:06:13] Element_85 (uuid: 3b5c7f35-2922-46b3-bafa-82f0f500643f): wtf
[19:06:28] Element_85 (uuid: 3b5c7f35-2922-46b3-bafa-82f0f500643f): ooh
[19:06:30] overlordrusty (uuid: 5fb4dc96-b775-4b7d-93e4-7e62216d0eec): better
[19:06:34] overlordrusty (uuid: 5fb4dc96-b775-4b7d-93e4-7e62216d0eec): too bright
[19:06:38] overlordrusty (uuid: 5fb4dc96-b775-4b7d-93e4-7e62216d0eec): if it was duller a bit
[19:06:40] Element_85 (uuid: 3b5c7f35-2922-46b3-bafa-82f0f500643f): its the wrong way
[19:07:30] Element_85 (uuid: 3b5c7f35-2922-46b3-bafa-82f0f500643f): roof fit
[19:07:42] overlordrusty (uuid: 5fb4dc96-b775-4b7d-93e4-7e62216d0eec): I tink its awright
[19:08:49] Element_85 (uuid: 3b5c7f35-2922-46b3-bafa-82f0f500643f): i had to literally fix every npc
[19:08:59] overlordrusty (uuid: 5fb4dc96-b775-4b7d-93e4-7e62216d0eec): were they broken?
[19:09:07] Element_85 (uuid: 3b5c7f35-2922-46b3-bafa-82f0f500643f): no they were made wqeong
[19:09:39] overlordrusty (uuid: 5fb4dc96-b775-4b7d-93e4-7e62216d0eec): you didnt capitalise Shop
[19:09:44] overlordrusty (uuid: 5fb4dc96-b775-4b7d-93e4-7e62216d0eec): I redid it
[19:09:51] Element_85 (uuid: 3b5c7f35-2922-46b3-bafa-82f0f500643f): i didnt rename it
[19:11:54] overlordrusty (uuid: 5fb4dc96-b775-4b7d-93e4-7e62216d0eec): how do you remove a command from an npc
[19:13:40] Element_85 (uuid: 3b5c7f35-2922-46b3-bafa-82f0f500643f): which one
[19:13:43] overlordrusty (uuid: 5fb4dc96-b775-4b7d-93e4-7e62216d0eec): shop
[19:13:48] Element_85 (uuid: 3b5c7f35-2922-46b3-bafa-82f0f500643f): for what reson
[19:13:52] overlordrusty (uuid: 5fb4dc96-b775-4b7d-93e4-7e62216d0eec): I messed up the cmd for one
[19:13:58] overlordrusty (uuid: 5fb4dc96-b775-4b7d-93e4-7e62216d0eec): and it says /help for help
[19:14:01] overlordrusty (uuid: 5fb4dc96-b775-4b7d-93e4-7e62216d0eec): when you warp
[19:14:02] Element_85 (uuid: 3b5c7f35-2922-46b3-bafa-82f0f500643f): oh
[19:15:54] overlordrusty (uuid: 5fb4dc96-b775-4b7d-93e4-7e62216d0eec): I dun goofed
[19:16:38] Element_85 (uuid: 3b5c7f35-2922-46b3-bafa-82f0f500643f): tf
[19:16:48] Element_85 (uuid: 3b5c7f35-2922-46b3-bafa-82f0f500643f): it was working before
[19:17:46] Element_85 (uuid: 3b5c7f35-2922-46b3-bafa-82f0f500643f): FIXED
[19:17:51] overlordrusty (uuid: 5fb4dc96-b775-4b7d-93e4-7e62216d0eec): yum
[19:17:56] overlordrusty (uuid: 5fb4dc96-b775-4b7d-93e4-7e62216d0eec): but the shop isnt capital
[19:17:58] Element_85 (uuid: 3b5c7f35-2922-46b3-bafa-82f0f500643f): make me a world gui thing
[19:18:14] Element_85 (uuid: 3b5c7f35-2922-46b3-bafa-82f0f500643f): it doesnt matter
[19:18:35] overlordrusty (uuid: 5fb4dc96-b775-4b7d-93e4-7e62216d0eec): thank you
[19:18:40] Element_85 (uuid: 3b5c7f35-2922-46b3-bafa-82f0f500643f): make me a world gui thing
[19:18:45] overlordrusty (uuid: 5fb4dc96-b775-4b7d-93e4-7e62216d0eec): do you mean like a compass nivagot?
[19:18:48] overlordrusty (uuid: 5fb4dc96-b775-4b7d-93e4-7e62216d0eec): navigator?
[19:18:52] Element_85 (uuid: 3b5c7f35-2922-46b3-bafa-82f0f500643f): a gui for it yes
[19:18:55] overlordrusty (uuid: 5fb4dc96-b775-4b7d-93e4-7e62216d0eec): okay
[19:19:01] Element_85 (uuid: 3b5c7f35-2922-46b3-bafa-82f0f500643f): and ill hb it
[19:19:05] overlordrusty (uuid: 5fb4dc96-b775-4b7d-93e4-7e62216d0eec): okay
[19:19:42] overlordrusty (uuid: 5fb4dc96-b775-4b7d-93e4-7e62216d0eec): I am going to put the plugins in and do it once I am back from my dog walk
[19:19:49] Element_85 (uuid: 3b5c7f35-2922-46b3-bafa-82f0f500643f): ok
[19:20:44] overlordrusty (uuid: 5fb4dc96-b775-4b7d-93e4-7e62216d0eec): do you want me to restart quickly?
[19:20:47] Element_85 (uuid: 3b5c7f35-2922-46b3-bafa-82f0f500643f): sure
[19:20:52] overlordrusty (uuid: 5fb4dc96-b775-4b7d-93e4-7e62216d0eec): how're the perms coming along>?
[19:20:57] Element_85 (uuid: 3b5c7f35-2922-46b3-bafa-82f0f500643f): good
[19:20:58] overlordrusty (uuid: 5fb4dc96-b775-4b7d-93e4-7e62216d0eec): okie
[19:22:29] Element_85 (uuid: 3b5c7f35-2922-46b3-bafa-82f0f500643f): oh hi
[19:22:31] overlordrusty (uuid: 5fb4dc96-b775-4b7d-93e4-7e62216d0eec): hello
[19:22:34] Hydr0lava (uuid: 80aad105-f057-467d-871d-8582812f11e9): hello
[19:22:45] overlordrusty (uuid: 5fb4dc96-b775-4b7d-93e4-7e62216d0eec): hydro
[19:22:52] Hydr0lava (uuid: 80aad105-f057-467d-871d-8582812f11e9): yea
[19:23:11] overlordrusty (uuid: 5fb4dc96-b775-4b7d-93e4-7e62216d0eec): would you be able to makea gate thing here?
[19:23:15] overlordrusty (uuid: 5fb4dc96-b775-4b7d-93e4-7e62216d0eec): going thouyrg
[19:23:17] overlordrusty (uuid: 5fb4dc96-b775-4b7d-93e4-7e62216d0eec): I need to go
[19:23:19] Hydr0lava (uuid: 80aad105-f057-467d-871d-8582812f11e9): sure
[19:23:20] overlordrusty (uuid: 5fb4dc96-b775-4b7d-93e4-7e62216d0eec): thanjk yoiu
[19:23:21] overlordrusty (uuid: 5fb4dc96-b775-4b7d-93e4-7e62216d0eec): brb
[19:24:36] Hydr0lava (uuid: 80aad105-f057-467d-871d-8582812f11e9): uh
[19:24:52] Element_85 (uuid: 3b5c7f35-2922-46b3-bafa-82f0f500643f): tf u doing
[19:25:01] Hydr0lava (uuid: 80aad105-f057-467d-871d-8582812f11e9): i have no clue
[19:25:05] Element_85 (uuid: 3b5c7f35-2922-46b3-bafa-82f0f500643f): pick it up
[19:25:16] Element_85 (uuid: 3b5c7f35-2922-46b3-bafa-82f0f500643f): pick it up
[19:25:20] Element_85 (uuid: 3b5c7f35-2922-46b3-bafa-82f0f500643f): oops
[19:26:58] Hydr0lava (uuid: 80aad105-f057-467d-871d-8582812f11e9): tf
[19:34:35] Element_85 (uuid: 3b5c7f35-2922-46b3-bafa-82f0f500643f): r u using wes
[19:52:36] overlordrusty (uuid: 5fb4dc96-b775-4b7d-93e4-7e62216d0eec): hola
[19:52:39] Hydr0lava (uuid: 80aad105-f057-467d-871d-8582812f11e9): hello
[19:52:40] overlordrusty (uuid: 5fb4dc96-b775-4b7d-93e4-7e62216d0eec): I like
[19:52:42] overlordrusty (uuid: 5fb4dc96-b775-4b7d-93e4-7e62216d0eec): very good
[19:52:51] Hydr0lava (uuid: 80aad105-f057-467d-871d-8582812f11e9): is the world edit plugin disabled?
[19:52:58] overlordrusty (uuid: 5fb4dc96-b775-4b7d-93e4-7e62216d0eec): ah
[19:53:02] overlordrusty (uuid: 5fb4dc96-b775-4b7d-93e4-7e62216d0eec): element must of /reloa
[19:53:07] overlordrusty (uuid: 5fb4dc96-b775-4b7d-93e4-7e62216d0eec): ,/reload
[19:53:09] overlordrusty (uuid: 5fb4dc96-b775-4b7d-93e4-7e62216d0eec): it breaks it
[19:53:10] Hydr0lava (uuid: 80aad105-f057-467d-871d-8582812f11e9): oh
[19:53:16] overlordrusty (uuid: 5fb4dc96-b775-4b7d-93e4-7e62216d0eec): I will need to restart to fixx it
[19:53:28] Hydr0lava (uuid: 80aad105-f057-467d-871d-8582812f11e9): i can go without it for now
[19:53:32] overlordrusty (uuid: 5fb4dc96-b775-4b7d-93e4-7e62216d0eec): okay
[19:56:21] Je2ter (uuid: 51a48370-dcc1-487f-acad-a065f06aeb74): damn i logged in on my alt
[19:56:24] overlordrusty (uuid: 5fb4dc96-b775-4b7d-93e4-7e62216d0eec): well done
[19:56:29] Hydr0lava (uuid: 80aad105-f057-467d-871d-8582812f11e9): good job
[19:56:37] Je2ter (uuid: 51a48370-dcc1-487f-acad-a065f06aeb74): ./pex user Je2ter group set manager pls
[19:56:44] Je2ter (uuid: 51a48370-dcc1-487f-acad-a065f06aeb74): and op
[19:57:05] overlordrusty (uuid: 5fb4dc96-b775-4b7d-93e4-7e62216d0eec): there ya go my dralin
[19:57:08] overlordrusty (uuid: 5fb4dc96-b775-4b7d-93e4-7e62216d0eec): darlin
[19:57:16] Je2ter (uuid: 51a48370-dcc1-487f-acad-a065f06aeb74): huh
[19:57:32] Je2ter (uuid: 51a48370-dcc1-487f-acad-a065f06aeb74): yeah lets get worldguard
[19:57:37] Je2ter (uuid: 51a48370-dcc1-487f-acad-a065f06aeb74): tp to me
[19:57:39] overlordrusty (uuid: 5fb4dc96-b775-4b7d-93e4-7e62216d0eec): hundo
[19:57:42] Je2ter (uuid: 51a48370-dcc1-487f-acad-a065f06aeb74): a god damn creeper
[19:57:47] overlordrusty (uuid: 5fb4dc96-b775-4b7d-93e4-7e62216d0eec): fuck
[19:57:55] overlordrusty (uuid: 5fb4dc96-b775-4b7d-93e4-7e62216d0eec): where are oyu
[19:57:56] Je2ter (uuid: 51a48370-dcc1-487f-acad-a065f06aeb74): theres more coming oh fuck oh shit
[19:57:59] Je2ter (uuid: 51a48370-dcc1-487f-acad-a065f06aeb74): tp to me
[19:58:05] overlordrusty (uuid: 5fb4dc96-b775-4b7d-93e4-7e62216d0eec): I am
[19:58:12] Hydr0lava (uuid: 80aad105-f057-467d-871d-8582812f11e9): uh oh
[19:58:16] overlordrusty (uuid: 5fb4dc96-b775-4b7d-93e4-7e62216d0eec): hm
[19:58:20] overlordrusty (uuid: 5fb4dc96-b775-4b7d-93e4-7e62216d0eec): worldguard one sec
[19:58:47] Je2ter (uuid: 51a48370-dcc1-487f-acad-a065f06aeb74): fuckers
[19:58:57] overlordrusty (uuid: 5fb4dc96-b775-4b7d-93e4-7e62216d0eec): ik xD
[19:58:59] overlordrusty (uuid: 5fb4dc96-b775-4b7d-93e4-7e62216d0eec): it is in
[19:59:02] Je2ter (uuid: 51a48370-dcc1-487f-acad-a065f06aeb74): fine, ill do it myself.
[19:59:08] overlordrusty (uuid: 5fb4dc96-b775-4b7d-93e4-7e62216d0eec): wat
[19:59:16] Je2ter (uuid: 51a48370-dcc1-487f-acad-a065f06aeb74): issa joke ho
[19:59:23] overlordrusty (uuid: 5fb4dc96-b775-4b7d-93e4-7e62216d0eec): as confusion
[20:01:16] Je2ter (uuid: 51a48370-dcc1-487f-acad-a065f06aeb74): reload this bitch thanks
[20:01:24] overlordrusty (uuid: 5fb4dc96-b775-4b7d-93e4-7e62216d0eec): one sec
[20:01:39] overlordrusty (uuid: 5fb4dc96-b775-4b7d-93e4-7e62216d0eec): tell me when I can hydro
[20:01:46] Je2ter (uuid: 51a48370-dcc1-487f-acad-a065f06aeb74): also
[20:01:46] Hydr0lava (uuid: 80aad105-f057-467d-871d-8582812f11e9): you can now
[20:01:47] overlordrusty (uuid: 5fb4dc96-b775-4b7d-93e4-7e62216d0eec): This is looking real good
[20:01:48] Je2ter (uuid: 51a48370-dcc1-487f-acad-a065f06aeb74): wait\
[20:01:48] overlordrusty (uuid: 5fb4dc96-b775-4b7d-93e4-7e62216d0eec): okie
[20:01:50] overlordrusty (uuid: 5fb4dc96-b775-4b7d-93e4-7e62216d0eec): okay
[20:01:53] overlordrusty (uuid: 5fb4dc96-b775-4b7d-93e4-7e62216d0eec): waiting
[20:02:00] Je2ter (uuid: 51a48370-dcc1-487f-acad-a065f06aeb74): i need to get a world switcher plugin
[20:02:04] Je2ter (uuid: 51a48370-dcc1-487f-acad-a065f06aeb74): dont restart yet
[20:02:05] overlordrusty (uuid: 5fb4dc96-b775-4b7d-93e4-7e62216d0eec): okay
[20:02:12] overlordrusty (uuid: 5fb4dc96-b775-4b7d-93e4-7e62216d0eec): will I get it?
[20:02:31] Je2ter (uuid: 51a48370-dcc1-487f-acad-a065f06aeb74): wdym
[20:02:37] overlordrusty (uuid: 5fb4dc96-b775-4b7d-93e4-7e62216d0eec): will I get the plugin?
[20:03:27] overlordrusty (uuid: 5fb4dc96-b775-4b7d-93e4-7e62216d0eec): ele
[20:03:30] overlordrusty (uuid: 5fb4dc96-b775-4b7d-93e4-7e62216d0eec): element
[20:03:50] Je2ter (uuid: 51a48370-dcc1-487f-acad-a065f06aeb74): si?
[20:03:55] overlordrusty (uuid: 5fb4dc96-b775-4b7d-93e4-7e62216d0eec): will I restart>?
[20:03:57] Je2ter (uuid: 51a48370-dcc1-487f-acad-a065f06aeb74): sure
[20:03:59] Je2ter (uuid: 51a48370-dcc1-487f-acad-a065f06aeb74): now u can
[20:04:00] overlordrusty (uuid: 5fb4dc96-b775-4b7d-93e4-7e62216d0eec): okay
[20:10:03] overlordrusty (uuid: 5fb4dc96-b775-4b7d-93e4-7e62216d0eec): big wasp
[20:10:03] Je2ter (uuid: 51a48370-dcc1-487f-acad-a065f06aeb74): we and wg isnt working
[20:10:08] overlordrusty (uuid: 5fb4dc96-b775-4b7d-93e4-7e62216d0eec): in my room
[20:10:09] overlordrusty (uuid: 5fb4dc96-b775-4b7d-93e4-7e62216d0eec): oh
[20:10:12] overlordrusty (uuid: 5fb4dc96-b775-4b7d-93e4-7e62216d0eec): shirt
[20:10:15] overlordrusty (uuid: 5fb4dc96-b775-4b7d-93e4-7e62216d0eec): I will reinstall
[20:10:19] Je2ter (uuid: 51a48370-dcc1-487f-acad-a065f06aeb74): wait
[20:10:26] Je2ter (uuid: 51a48370-dcc1-487f-acad-a065f06aeb74): lets try a reload
[20:10:32] Je2ter (uuid: 51a48370-dcc1-487f-acad-a065f06aeb74): restart i mean
[20:10:35] Je2ter (uuid: 51a48370-dcc1-487f-acad-a065f06aeb74): hydro
[20:10:40] Hydr0lava (uuid: 80aad105-f057-467d-871d-8582812f11e9): ?
[20:10:46] Je2ter (uuid: 51a48370-dcc1-487f-acad-a065f06aeb74): restart?
[20:10:49] Hydr0lava (uuid: 80aad105-f057-467d-871d-8582812f11e9): idc
[20:10:51] Hydr0lava (uuid: 80aad105-f057-467d-871d-8582812f11e9): sure
[20:10:54] overlordrusty (uuid: 5fb4dc96-b775-4b7d-93e4-7e62216d0eec): yos
[20:12:55] Je2ter (uuid: 51a48370-dcc1-487f-acad-a065f06aeb74): wg isnt working
[20:13:34] overlordrusty (uuid: 5fb4dc96-b775-4b7d-93e4-7e62216d0eec): frick
[20:13:38] overlordrusty (uuid: 5fb4dc96-b775-4b7d-93e4-7e62216d0eec): may be out of date]
[20:13:46] Je2ter (uuid: 51a48370-dcc1-487f-acad-a065f06aeb74): it says compatible with 1.14
[20:13:54] overlordrusty (uuid: 5fb4dc96-b775-4b7d-93e4-7e62216d0eec): yeah
[20:14:06] Je2ter (uuid: 51a48370-dcc1-487f-acad-a065f06aeb74): also
[20:14:07] overlordrusty (uuid: 5fb4dc96-b775-4b7d-93e4-7e62216d0eec): does it say that an interal error has occured hwen you tru to use it>?
[20:14:07] Je2ter (uuid: 51a48370-dcc1-487f-acad-a065f06aeb74): tbh
[20:14:10] Je2ter (uuid: 51a48370-dcc1-487f-acad-a065f06aeb74): no
[20:14:14] overlordrusty (uuid: 5fb4dc96-b775-4b7d-93e4-7e62216d0eec): okie
[20:14:31] Je2ter (uuid: 51a48370-dcc1-487f-acad-a065f06aeb74): we need to dlete all worlds but factions and spawn, but u can back them up if u want
[20:14:34] Hydr0lava (uuid: 80aad105-f057-467d-871d-8582812f11e9): gtg be back in an hour or so
[20:14:46] overlordrusty (uuid: 5fb4dc96-b775-4b7d-93e4-7e62216d0eec): nah I dont need them
[20:14:56] overlordrusty (uuid: 5fb4dc96-b775-4b7d-93e4-7e62216d0eec): maybe keep prison
[20:15:34] Je2ter (uuid: 51a48370-dcc1-487f-acad-a065f06aeb74): delete all
[20:15:39] overlordrusty (uuid: 5fb4dc96-b775-4b7d-93e4-7e62216d0eec): y
[20:15:40] Je2ter (uuid: 51a48370-dcc1-487f-acad-a065f06aeb74): including prison
[20:15:45] Je2ter (uuid: 51a48370-dcc1-487f-acad-a065f06aeb74): but back it up
[20:15:50] overlordrusty (uuid: 5fb4dc96-b775-4b7d-93e4-7e62216d0eec): okay
[20:16:08] Je2ter (uuid: 51a48370-dcc1-487f-acad-a065f06aeb74): if i give playrs access to /wold i dont want them wandering off over there
[20:16:13] Je2ter (uuid: 51a48370-dcc1-487f-acad-a065f06aeb74): i cant set specific worlds
[20:16:25] overlordrusty (uuid: 5fb4dc96-b775-4b7d-93e4-7e62216d0eec): ahhh
[20:16:27] overlordrusty (uuid: 5fb4dc96-b775-4b7d-93e4-7e62216d0eec): okay
[20:16:38] Je2ter (uuid: 51a48370-dcc1-487f-acad-a065f06aeb74): im gonna rerload, no ones using world edit
[20:16:39] overlordrusty (uuid: 5fb4dc96-b775-4b7d-93e4-7e62216d0eec): I will delete them all apart from flatroom because my friend is using that
[20:16:45] overlordrusty (uuid: 5fb4dc96-b775-4b7d-93e4-7e62216d0eec): dont reload
[20:16:50] overlordrusty (uuid: 5fb4dc96-b775-4b7d-93e4-7e62216d0eec): it just messed eveyrthing up
[20:17:09] overlordrusty (uuid: 5fb4dc96-b775-4b7d-93e4-7e62216d0eec): I deleted them all
[20:17:09] Je2ter (uuid: 51a48370-dcc1-487f-acad-a065f06aeb74): we'll restart ater everythings done
[20:18:53] Je2ter (uuid: 51a48370-dcc1-487f-acad-a065f06aeb74): wg aint workinnnnnnnnnnnnnn
[20:18:56] overlordrusty (uuid: 5fb4dc96-b775-4b7d-93e4-7e62216d0eec): ik
[20:18:57] Je2ter (uuid: 51a48370-dcc1-487f-acad-a065f06aeb74): i gtg
[20:18:57] overlordrusty (uuid: 5fb4dc96-b775-4b7d-93e4-7e62216d0eec): one sec
[20:18:59] Je2ter (uuid: 51a48370-dcc1-487f-acad-a065f06aeb74): ly
[20:19:01] Je2ter (uuid: 51a48370-dcc1-487f-acad-a065f06aeb74): bye
[20:19:02] overlordrusty (uuid: 5fb4dc96-b775-4b7d-93e4-7e62216d0eec): lyt
