[00:02:46] overlordrusty (uuid: 5fb4dc96-b775-4b7d-93e4-7e62216d0eec): hola
[00:02:48] Hydr0lava (uuid: 80aad105-f057-467d-871d-8582812f11e9): ooo
[00:03:03] Hydr0lava (uuid: 80aad105-f057-467d-871d-8582812f11e9): kool
[00:03:06] overlordrusty (uuid: 5fb4dc96-b775-4b7d-93e4-7e62216d0eec): moist
[00:03:26] overlordrusty (uuid: 5fb4dc96-b775-4b7d-93e4-7e62216d0eec): if you can do the entrance thing with the rest
[00:03:34] overlordrusty (uuid: 5fb4dc96-b775-4b7d-93e4-7e62216d0eec): should be able to copy and paste
[00:03:34] Hydr0lava (uuid: 80aad105-f057-467d-871d-8582812f11e9): oh boy ok
[00:04:25] Hydr0lava (uuid: 80aad105-f057-467d-871d-8582812f11e9): brb
[00:04:29] overlordrusty (uuid: 5fb4dc96-b775-4b7d-93e4-7e62216d0eec): okie
[01:06:51] Element_85 (uuid: 3b5c7f35-2922-46b3-bafa-82f0f500643f): hey
[01:06:56] Hydr0lava (uuid: 80aad105-f057-467d-871d-8582812f11e9): ay
[01:07:29] Element_85 (uuid: 3b5c7f35-2922-46b3-bafa-82f0f500643f): issa problem
[01:07:39] Element_85 (uuid: 3b5c7f35-2922-46b3-bafa-82f0f500643f): sooo ummm
[01:07:40] Hydr0lava (uuid: 80aad105-f057-467d-871d-8582812f11e9): where
[01:07:51] Element_85 (uuid: 3b5c7f35-2922-46b3-bafa-82f0f500643f): tp to me
[01:08:14] Hydr0lava (uuid: 80aad105-f057-467d-871d-8582812f11e9): dam
[01:08:30] Hydr0lava (uuid: 80aad105-f057-467d-871d-8582812f11e9): fantastic
[01:08:33] Element_85 (uuid: 3b5c7f35-2922-46b3-bafa-82f0f500643f): lol
[01:09:19] Element_85 (uuid: 3b5c7f35-2922-46b3-bafa-82f0f500643f): lets see
[01:09:23] Hydr0lava (uuid: 80aad105-f057-467d-871d-8582812f11e9): ooo
[01:09:30] Element_85 (uuid: 3b5c7f35-2922-46b3-bafa-82f0f500643f): si o no?
[01:10:03] Element_85 (uuid: 3b5c7f35-2922-46b3-bafa-82f0f500643f): but i prefer being unique
[01:10:25] Element_85 (uuid: 3b5c7f35-2922-46b3-bafa-82f0f500643f): how old are u?
[01:10:30] Hydr0lava (uuid: 80aad105-f057-467d-871d-8582812f11e9): 14
[01:10:39] Element_85 (uuid: 3b5c7f35-2922-46b3-bafa-82f0f500643f): alr
[01:10:50] Hydr0lava (uuid: 80aad105-f057-467d-871d-8582812f11e9): tf
[01:10:54] Element_85 (uuid: 3b5c7f35-2922-46b3-bafa-82f0f500643f): huh?
[01:11:08] Hydr0lava (uuid: 80aad105-f057-467d-871d-8582812f11e9): im doing something wrong
[01:11:11] Element_85 (uuid: 3b5c7f35-2922-46b3-bafa-82f0f500643f): what
[01:11:26] Hydr0lava (uuid: 80aad105-f057-467d-871d-8582812f11e9): when ever i try to paste here it paste over there
[01:11:35] Element_85 (uuid: 3b5c7f35-2922-46b3-bafa-82f0f500643f): wait
[01:12:31] Element_85 (uuid: 3b5c7f35-2922-46b3-bafa-82f0f500643f): there ya go
[01:12:47] Hydr0lava (uuid: 80aad105-f057-467d-871d-8582812f11e9): alright
[01:13:04] Element_85 (uuid: 3b5c7f35-2922-46b3-bafa-82f0f500643f): i gotta be unique
[01:13:07] Element_85 (uuid: 3b5c7f35-2922-46b3-bafa-82f0f500643f): sry
[01:13:11] Element_85 (uuid: 3b5c7f35-2922-46b3-bafa-82f0f500643f): <3
[01:13:12] Hydr0lava (uuid: 80aad105-f057-467d-871d-8582812f11e9): its aight
[01:13:15] Element_85 (uuid: 3b5c7f35-2922-46b3-bafa-82f0f500643f): lol
[01:13:23] Hydr0lava (uuid: 80aad105-f057-467d-871d-8582812f11e9): huh
[01:14:36] Element_85 (uuid: 3b5c7f35-2922-46b3-bafa-82f0f500643f): oh i messed up
[01:14:48] Element_85 (uuid: 3b5c7f35-2922-46b3-bafa-82f0f500643f): fuck
[01:15:52] Element_85 (uuid: 3b5c7f35-2922-46b3-bafa-82f0f500643f): tf
[01:15:56] Element_85 (uuid: 3b5c7f35-2922-46b3-bafa-82f0f500643f): ooh
[01:16:15] Element_85 (uuid: 3b5c7f35-2922-46b3-bafa-82f0f500643f): gang
[01:16:22] Hydr0lava (uuid: 80aad105-f057-467d-871d-8582812f11e9): there we go
[01:16:23] Element_85 (uuid: 3b5c7f35-2922-46b3-bafa-82f0f500643f): im 12 btw
[01:16:33] Element_85 (uuid: 3b5c7f35-2922-46b3-bafa-82f0f500643f): wait no i turned 11 last month
[01:16:44] Element_85 (uuid: 3b5c7f35-2922-46b3-bafa-82f0f500643f): nah jp dude
[01:16:45] Element_85 (uuid: 3b5c7f35-2922-46b3-bafa-82f0f500643f): im 7
[01:16:51] Hydr0lava (uuid: 80aad105-f057-467d-871d-8582812f11e9): ah
[01:16:55] Hydr0lava (uuid: 80aad105-f057-467d-871d-8582812f11e9): brb
[01:16:55] Element_85 (uuid: 3b5c7f35-2922-46b3-bafa-82f0f500643f): ya
[01:16:57] Element_85 (uuid: 3b5c7f35-2922-46b3-bafa-82f0f500643f): alr
