[18:32:39] overlordrusty (uuid: 5fb4dc96-b775-4b7d-93e4-7e62216d0eec): I reloaded
[18:32:44] Berckham (uuid: 4601223d-f6ff-48cd-8a8a-b1da570b186a): lol
[18:32:46] overlordrusty (uuid: 5fb4dc96-b775-4b7d-93e4-7e62216d0eec): sorry
[18:32:48] Berckham (uuid: 4601223d-f6ff-48cd-8a8a-b1da570b186a): np
[18:32:55] overlordrusty (uuid: 5fb4dc96-b775-4b7d-93e4-7e62216d0eec): it keeps breaking world edit
[18:33:00] ItzMu44aGamer (uuid: 78b84a0a-b59b-4d30-b279-2c832584cd80): RIP
[18:34:40] Berckham (uuid: 4601223d-f6ff-48cd-8a8a-b1da570b186a): yeah world edit isnt working
[18:34:50] overlordrusty (uuid: 5fb4dc96-b775-4b7d-93e4-7e62216d0eec): it happens everytime we reload
[18:34:54] Berckham (uuid: 4601223d-f6ff-48cd-8a8a-b1da570b186a): oh
[18:35:00] overlordrusty (uuid: 5fb4dc96-b775-4b7d-93e4-7e62216d0eec): but it fixes when I restart
[18:35:03] Berckham (uuid: 4601223d-f6ff-48cd-8a8a-b1da570b186a): ok
[18:35:09] overlordrusty (uuid: 5fb4dc96-b775-4b7d-93e4-7e62216d0eec): I will quickly restart
[18:35:19] Berckham (uuid: 4601223d-f6ff-48cd-8a8a-b1da570b186a): okay thanks
[18:43:43] Berckham (uuid: 4601223d-f6ff-48cd-8a8a-b1da570b186a): warning lag
[18:43:46] overlordrusty (uuid: 5fb4dc96-b775-4b7d-93e4-7e62216d0eec): okay
[18:43:50] overlordrusty (uuid: 5fb4dc96-b775-4b7d-93e4-7e62216d0eec): standing still
[18:43:52] overlordrusty (uuid: 5fb4dc96-b775-4b7d-93e4-7e62216d0eec): brb
[18:44:02] Element_85 (uuid: 3b5c7f35-2922-46b3-bafa-82f0f500643f): lmk when i can reload
[18:44:10] Element_85 (uuid: 3b5c7f35-2922-46b3-bafa-82f0f500643f): i think i fixed our prefixes
[18:44:15] overlordrusty (uuid: 5fb4dc96-b775-4b7d-93e4-7e62216d0eec): sick
[18:44:19] overlordrusty (uuid: 5fb4dc96-b775-4b7d-93e4-7e62216d0eec): dont reload
[18:44:21] Element_85 (uuid: 3b5c7f35-2922-46b3-bafa-82f0f500643f): ik
[18:44:22] overlordrusty (uuid: 5fb4dc96-b775-4b7d-93e4-7e62216d0eec): let me restart
[18:44:27] overlordrusty (uuid: 5fb4dc96-b775-4b7d-93e4-7e62216d0eec): because it fucks shit yp
[18:45:48] overlordrusty (uuid: 5fb4dc96-b775-4b7d-93e4-7e62216d0eec): this is very nice
[18:45:53] Berckham (uuid: 4601223d-f6ff-48cd-8a8a-b1da570b186a): thanks
[18:45:59] Berckham (uuid: 4601223d-f6ff-48cd-8a8a-b1da570b186a): did you want it terracota
[18:46:10] overlordrusty (uuid: 5fb4dc96-b775-4b7d-93e4-7e62216d0eec): I would like to see it in terracota
[18:46:12] overlordrusty (uuid: 5fb4dc96-b775-4b7d-93e4-7e62216d0eec): and compare
[18:47:02] overlordrusty (uuid: 5fb4dc96-b775-4b7d-93e4-7e62216d0eec): could they maybe be a tad taller?
[18:49:45] Element_85 (uuid: 3b5c7f35-2922-46b3-bafa-82f0f500643f): i wuld do lime and green terracotta for grass
[18:50:03] overlordrusty (uuid: 5fb4dc96-b775-4b7d-93e4-7e62216d0eec): I am looking at this in my shaders and it is amazing
[18:50:20] overlordrusty (uuid: 5fb4dc96-b775-4b7d-93e4-7e62216d0eec): I like the whool
[18:50:22] overlordrusty (uuid: 5fb4dc96-b775-4b7d-93e4-7e62216d0eec): wool
[18:50:34] overlordrusty (uuid: 5fb4dc96-b775-4b7d-93e4-7e62216d0eec): what do yall think?
[18:50:37] Berckham (uuid: 4601223d-f6ff-48cd-8a8a-b1da570b186a): i like it
[18:50:40] overlordrusty (uuid: 5fb4dc96-b775-4b7d-93e4-7e62216d0eec): same
[18:50:42] Element_85 (uuid: 3b5c7f35-2922-46b3-bafa-82f0f500643f): ok ut most people dont have shaders
[18:50:52] Berckham (uuid: 4601223d-f6ff-48cd-8a8a-b1da570b186a): i dont have shaders
[18:51:00] Element_85 (uuid: 3b5c7f35-2922-46b3-bafa-82f0f500643f): i cant enjoy it n its full beauty
[18:51:04] overlordrusty (uuid: 5fb4dc96-b775-4b7d-93e4-7e62216d0eec): lol
[18:51:13] Element_85 (uuid: 3b5c7f35-2922-46b3-bafa-82f0f500643f): my brown woll texture is nutella
[18:51:15] overlordrusty (uuid: 5fb4dc96-b775-4b7d-93e4-7e62216d0eec): when it comes to making the trailer I am using shaers
[18:51:18] Element_85 (uuid: 3b5c7f35-2922-46b3-bafa-82f0f500643f): wool*
[18:51:35] Berckham (uuid: 4601223d-f6ff-48cd-8a8a-b1da570b186a): im going to make some customs trees
[18:52:30] Element_85 (uuid: 3b5c7f35-2922-46b3-bafa-82f0f500643f): can u do me a huige favor
[18:52:33] overlordrusty (uuid: 5fb4dc96-b775-4b7d-93e4-7e62216d0eec): me?
[18:52:38] Element_85 (uuid: 3b5c7f35-2922-46b3-bafa-82f0f500643f): yes
[18:52:40] overlordrusty (uuid: 5fb4dc96-b775-4b7d-93e4-7e62216d0eec): okay
[18:53:07] Element_85 (uuid: 3b5c7f35-2922-46b3-bafa-82f0f500643f): for the brown wool, can it be literally anything else
[18:53:15] overlordrusty (uuid: 5fb4dc96-b775-4b7d-93e4-7e62216d0eec): how come?
[18:54:09] overlordrusty (uuid: 5fb4dc96-b775-4b7d-93e4-7e62216d0eec): do you not like brown wool?
[18:54:09] Element_85 (uuid: 3b5c7f35-2922-46b3-bafa-82f0f500643f): my resouse pack has brown wool as nutella (i made it lol) and i cant stand not using my pack and i cant stand looking at the nutella mountain lol. ik its selfish bt
[18:54:22] overlordrusty (uuid: 5fb4dc96-b775-4b7d-93e4-7e62216d0eec): oh
[18:54:23] overlordrusty (uuid: 5fb4dc96-b775-4b7d-93e4-7e62216d0eec): awww
[18:54:35] overlordrusty (uuid: 5fb4dc96-b775-4b7d-93e4-7e62216d0eec): so its just a bunch of nuttela jars? xD
[18:54:39] Element_85 (uuid: 3b5c7f35-2922-46b3-bafa-82f0f500643f): [retty much
[18:54:42] overlordrusty (uuid: 5fb4dc96-b775-4b7d-93e4-7e62216d0eec): HAH
[18:54:42] Element_85 (uuid: 3b5c7f35-2922-46b3-bafa-82f0f500643f): wanna ss?
[18:54:44] overlordrusty (uuid: 5fb4dc96-b775-4b7d-93e4-7e62216d0eec): yes
[18:54:46] overlordrusty (uuid: 5fb4dc96-b775-4b7d-93e4-7e62216d0eec): please
[18:55:11] Element_85 (uuid: 3b5c7f35-2922-46b3-bafa-82f0f500643f): sending
[18:57:17] overlordrusty (uuid: 5fb4dc96-b775-4b7d-93e4-7e62216d0eec): wus dees?
[18:57:22] Berckham (uuid: 4601223d-f6ff-48cd-8a8a-b1da570b186a): a suprise
[18:57:25] overlordrusty (uuid: 5fb4dc96-b775-4b7d-93e4-7e62216d0eec): .o.
[18:57:36] overlordrusty (uuid: 5fb4dc96-b775-4b7d-93e4-7e62216d0eec): I'll leave you to it
[18:57:42] Berckham (uuid: 4601223d-f6ff-48cd-8a8a-b1da570b186a): oker
[18:57:52] overlordrusty (uuid: 5fb4dc96-b775-4b7d-93e4-7e62216d0eec): see if its a fricken floating eye again
[18:58:00] overlordrusty (uuid: 5fb4dc96-b775-4b7d-93e4-7e62216d0eec): with laser beams
[18:58:04] Berckham (uuid: 4601223d-f6ff-48cd-8a8a-b1da570b186a): lol
[18:58:07] Berckham (uuid: 4601223d-f6ff-48cd-8a8a-b1da570b186a): it wont be
[18:58:10] overlordrusty (uuid: 5fb4dc96-b775-4b7d-93e4-7e62216d0eec): good xD
[18:58:26] Element_85 (uuid: 3b5c7f35-2922-46b3-bafa-82f0f500643f): ok it sent
[18:58:34] overlordrusty (uuid: 5fb4dc96-b775-4b7d-93e4-7e62216d0eec): HHA
[18:58:38] overlordrusty (uuid: 5fb4dc96-b775-4b7d-93e4-7e62216d0eec): suck it up xD
[18:58:46] Element_85 (uuid: 3b5c7f35-2922-46b3-bafa-82f0f500643f): faggot
[18:58:54] Element_85 (uuid: 3b5c7f35-2922-46b3-bafa-82f0f500643f): :(
[18:59:01] overlordrusty (uuid: 5fb4dc96-b775-4b7d-93e4-7e62216d0eec): you could make the block brown but have the text still there
[18:59:16] Element_85 (uuid: 3b5c7f35-2922-46b3-bafa-82f0f500643f): too much work
[18:59:17] overlordrusty (uuid: 5fb4dc96-b775-4b7d-93e4-7e62216d0eec): bc it looks nice as brown
[18:59:36] Element_85 (uuid: 3b5c7f35-2922-46b3-bafa-82f0f500643f): ill just have nutella mountain
[18:59:40] overlordrusty (uuid: 5fb4dc96-b775-4b7d-93e4-7e62216d0eec): okay xD
[18:59:41] Element_85 (uuid: 3b5c7f35-2922-46b3-bafa-82f0f500643f): THATS ITS NAME
[18:59:46] overlordrusty (uuid: 5fb4dc96-b775-4b7d-93e4-7e62216d0eec): YESSSS
[18:59:46] Element_85 (uuid: 3b5c7f35-2922-46b3-bafa-82f0f500643f): Nutella Mountain
[18:59:51] overlordrusty (uuid: 5fb4dc96-b775-4b7d-93e4-7e62216d0eec): THAT IS SO MOIST
[18:59:54] ItzMu44aGamer (uuid: 78b84a0a-b59b-4d30-b279-2c832584cd80): PERFECTION!!!
[18:59:54] Element_85 (uuid: 3b5c7f35-2922-46b3-bafa-82f0f500643f): no
[18:59:58] Element_85 (uuid: 3b5c7f35-2922-46b3-bafa-82f0f500643f): not moist
[19:00:03] Berckham (uuid: 4601223d-f6ff-48cd-8a8a-b1da570b186a): moist
[19:00:06] Element_85 (uuid: 3b5c7f35-2922-46b3-bafa-82f0f500643f): fuck
[19:00:14] overlordrusty (uuid: 5fb4dc96-b775-4b7d-93e4-7e62216d0eec): xD
[19:00:26] ItzMu44aGamer (uuid: 78b84a0a-b59b-4d30-b279-2c832584cd80): Brillant
[19:00:27] Element_85 (uuid: 3b5c7f35-2922-46b3-bafa-82f0f500643f): say i if ur down to reload server
[19:00:30] Element_85 (uuid: 3b5c7f35-2922-46b3-bafa-82f0f500643f): i
[19:00:33] ItzMu44aGamer (uuid: 78b84a0a-b59b-4d30-b279-2c832584cd80): Just Brillant
[19:00:35] overlordrusty (uuid: 5fb4dc96-b775-4b7d-93e4-7e62216d0eec): hehe
[19:00:37] overlordrusty (uuid: 5fb4dc96-b775-4b7d-93e4-7e62216d0eec): aw yeah
[19:00:43] overlordrusty (uuid: 5fb4dc96-b775-4b7d-93e4-7e62216d0eec): is it alright if I quickly do that?
[19:01:00] overlordrusty (uuid: 5fb4dc96-b775-4b7d-93e4-7e62216d0eec): no?
[19:01:04] Element_85 (uuid: 3b5c7f35-2922-46b3-bafa-82f0f500643f): yes
[19:01:11] overlordrusty (uuid: 5fb4dc96-b775-4b7d-93e4-7e62216d0eec): berk?
[19:01:15] Berckham (uuid: 4601223d-f6ff-48cd-8a8a-b1da570b186a): yeah
[19:01:24] overlordrusty (uuid: 5fb4dc96-b775-4b7d-93e4-7e62216d0eec): I am going to quickly restart for element
[19:01:29] Berckham (uuid: 4601223d-f6ff-48cd-8a8a-b1da570b186a): oker
[19:02:52] Element_85 (uuid: 3b5c7f35-2922-46b3-bafa-82f0f500643f): t
[19:02:54] overlordrusty (uuid: 5fb4dc96-b775-4b7d-93e4-7e62216d0eec): t
[19:02:56] overlordrusty (uuid: 5fb4dc96-b775-4b7d-93e4-7e62216d0eec): oi
[19:02:56] Berckham (uuid: 4601223d-f6ff-48cd-8a8a-b1da570b186a): t
[19:02:56] Element_85 (uuid: 3b5c7f35-2922-46b3-bafa-82f0f500643f): yessir
[19:03:07] Element_85 (uuid: 3b5c7f35-2922-46b3-bafa-82f0f500643f): lemme fix everyones
[19:03:13] overlordrusty (uuid: 5fb4dc96-b775-4b7d-93e4-7e62216d0eec): get rid of minging star xD
[19:03:26] Element_85 (uuid: 3b5c7f35-2922-46b3-bafa-82f0f500643f): i was gonna put it on both sides
[19:03:34] overlordrusty (uuid: 5fb4dc96-b775-4b7d-93e4-7e62216d0eec): instead put bracket
[19:03:41] overlordrusty (uuid: 5fb4dc96-b775-4b7d-93e4-7e62216d0eec): []
[19:03:44] Element_85 (uuid: 3b5c7f35-2922-46b3-bafa-82f0f500643f): brackets are ugly
[19:03:49] Element_85 (uuid: 3b5c7f35-2922-46b3-bafa-82f0f500643f): wait
[19:03:53] overlordrusty (uuid: 5fb4dc96-b775-4b7d-93e4-7e62216d0eec): put brackets for me please
[19:03:54] Element_85 (uuid: 3b5c7f35-2922-46b3-bafa-82f0f500643f): see if u like this
[19:03:57] overlordrusty (uuid: 5fb4dc96-b775-4b7d-93e4-7e62216d0eec): okay
[19:04:14] Element_85 (uuid: 3b5c7f35-2922-46b3-bafa-82f0f500643f): talk
[19:04:16] Element_85 (uuid: 3b5c7f35-2922-46b3-bafa-82f0f500643f): nvm
[19:04:16] overlordrusty (uuid: 5fb4dc96-b775-4b7d-93e4-7e62216d0eec): thola
[19:04:29] overlordrusty (uuid: 5fb4dc96-b775-4b7d-93e4-7e62216d0eec): put your self as admin
[19:04:29] Element_85 (uuid: 3b5c7f35-2922-46b3-bafa-82f0f500643f): try again
[19:04:30] overlordrusty (uuid: 5fb4dc96-b775-4b7d-93e4-7e62216d0eec): t
[19:04:32] Element_85 (uuid: 3b5c7f35-2922-46b3-bafa-82f0f500643f): i will
[19:04:34] overlordrusty (uuid: 5fb4dc96-b775-4b7d-93e4-7e62216d0eec): okie
[19:04:39] overlordrusty (uuid: 5fb4dc96-b775-4b7d-93e4-7e62216d0eec): or plugins person
[19:04:50] overlordrusty (uuid: 5fb4dc96-b775-4b7d-93e4-7e62216d0eec): and berck as buuilder
[19:04:58] Element_85 (uuid: 3b5c7f35-2922-46b3-bafa-82f0f500643f): will do but chill
[19:04:59] overlordrusty (uuid: 5fb4dc96-b775-4b7d-93e4-7e62216d0eec): ill brb gotta take a shiz
[19:05:02] overlordrusty (uuid: 5fb4dc96-b775-4b7d-93e4-7e62216d0eec): okay xD
[19:05:03] overlordrusty (uuid: 5fb4dc96-b775-4b7d-93e4-7e62216d0eec): sorry
[19:05:31] Element_85 (uuid: 3b5c7f35-2922-46b3-bafa-82f0f500643f): t
[19:05:41] Element_85 (uuid: 3b5c7f35-2922-46b3-bafa-82f0f500643f): do yall like that
[19:05:49] Element_85 (uuid: 3b5c7f35-2922-46b3-bafa-82f0f500643f): t
[19:05:52] Element_85 (uuid: 3b5c7f35-2922-46b3-bafa-82f0f500643f): space
[19:06:03] Element_85 (uuid: 3b5c7f35-2922-46b3-bafa-82f0f500643f): or no space
[19:07:07] Element_85 (uuid: 3b5c7f35-2922-46b3-bafa-82f0f500643f): t
[19:07:28] Element_85 (uuid: 3b5c7f35-2922-46b3-bafa-82f0f500643f): so
[19:07:32] Element_85 (uuid: 3b5c7f35-2922-46b3-bafa-82f0f500643f): Berckham
[19:07:40] Berckham (uuid: 4601223d-f6ff-48cd-8a8a-b1da570b186a): ye
[19:07:56] Element_85 (uuid: 3b5c7f35-2922-46b3-bafa-82f0f500643f): do u like the prefixes
[19:08:06] Element_85 (uuid: 3b5c7f35-2922-46b3-bafa-82f0f500643f): or do u think brackets would look better
[19:08:14] Berckham (uuid: 4601223d-f6ff-48cd-8a8a-b1da570b186a): no i like it like that
[19:08:20] Element_85 (uuid: 3b5c7f35-2922-46b3-bafa-82f0f500643f): alr
[19:08:41] overlordrusty (uuid: 5fb4dc96-b775-4b7d-93e4-7e62216d0eec): tt
[19:08:49] overlordrusty (uuid: 5fb4dc96-b775-4b7d-93e4-7e62216d0eec): put brackets around mine pls
[19:08:54] Element_85 (uuid: 3b5c7f35-2922-46b3-bafa-82f0f500643f): why
[19:08:58] overlordrusty (uuid: 5fb4dc96-b775-4b7d-93e4-7e62216d0eec): bc I like them
[19:09:00] Element_85 (uuid: 3b5c7f35-2922-46b3-bafa-82f0f500643f): star looks better
[19:09:11] Element_85 (uuid: 3b5c7f35-2922-46b3-bafa-82f0f500643f): it needs to be uniform
[19:09:12] overlordrusty (uuid: 5fb4dc96-b775-4b7d-93e4-7e62216d0eec): aww
[19:09:19] overlordrusty (uuid: 5fb4dc96-b775-4b7d-93e4-7e62216d0eec): they are actual starts now
[19:09:24] overlordrusty (uuid: 5fb4dc96-b775-4b7d-93e4-7e62216d0eec): not just *
[19:09:28] overlordrusty (uuid: 5fb4dc96-b775-4b7d-93e4-7e62216d0eec): nvm I like
[19:09:40] overlordrusty (uuid: 5fb4dc96-b775-4b7d-93e4-7e62216d0eec): I am going dog walk
[19:09:45] overlordrusty (uuid: 5fb4dc96-b775-4b7d-93e4-7e62216d0eec): back in like 10 mins
[19:09:51] Element_85 (uuid: 3b5c7f35-2922-46b3-bafa-82f0f500643f): talk Berckham
[19:09:54] Berckham (uuid: 4601223d-f6ff-48cd-8a8a-b1da570b186a): ye
[19:10:29] Berckham (uuid: 4601223d-f6ff-48cd-8a8a-b1da570b186a): my
[19:10:34] Berckham (uuid: 4601223d-f6ff-48cd-8a8a-b1da570b186a): okay thanks
[19:10:39] Element_85 (uuid: 3b5c7f35-2922-46b3-bafa-82f0f500643f): i was tryna sudo u
[19:10:42] overlordrusty (uuid: 5fb4dc96-b775-4b7d-93e4-7e62216d0eec): okay I am no longer giing
[19:10:45] Element_85 (uuid: 3b5c7f35-2922-46b3-bafa-82f0f500643f): kk
[19:10:52] overlordrusty (uuid: 5fb4dc96-b775-4b7d-93e4-7e62216d0eec): wat
[19:10:57] overlordrusty (uuid: 5fb4dc96-b775-4b7d-93e4-7e62216d0eec): is this a dragon boy
[19:11:00] Berckham (uuid: 4601223d-f6ff-48cd-8a8a-b1da570b186a): ye
[19:11:48] Element_85 (uuid: 3b5c7f35-2922-46b3-bafa-82f0f500643f): what happened to melvin
[19:11:57] Berckham (uuid: 4601223d-f6ff-48cd-8a8a-b1da570b186a): who dat
[19:11:58] overlordrusty (uuid: 5fb4dc96-b775-4b7d-93e4-7e62216d0eec): he fucked off xD
[19:12:11] overlordrusty (uuid: 5fb4dc96-b775-4b7d-93e4-7e62216d0eec): previous builder
[19:12:15] Berckham (uuid: 4601223d-f6ff-48cd-8a8a-b1da570b186a): okay
[19:12:24] Element_85 (uuid: 3b5c7f35-2922-46b3-bafa-82f0f500643f): also Berckham what do u want ur nick to be: color, name, etc
[19:12:33] Berckham (uuid: 4601223d-f6ff-48cd-8a8a-b1da570b186a): nah
[19:12:48] Element_85 (uuid: 3b5c7f35-2922-46b3-bafa-82f0f500643f): §lNAH
[19:12:50] overlordrusty (uuid: 5fb4dc96-b775-4b7d-93e4-7e62216d0eec): t
[19:13:21] Element_85 (uuid: 3b5c7f35-2922-46b3-bafa-82f0f500643f): talk
[19:13:23] overlordrusty (uuid: 5fb4dc96-b775-4b7d-93e4-7e62216d0eec): t
[19:13:32] Element_85 (uuid: 3b5c7f35-2922-46b3-bafa-82f0f500643f): do u like bold better
[19:14:09] Element_85 (uuid: 3b5c7f35-2922-46b3-bafa-82f0f500643f): overlordrusty
[19:14:11] overlordrusty (uuid: 5fb4dc96-b775-4b7d-93e4-7e62216d0eec): yes?
[19:14:20] Element_85 (uuid: 3b5c7f35-2922-46b3-bafa-82f0f500643f): do u like bold prefix better
[19:14:24] Element_85 (uuid: 3b5c7f35-2922-46b3-bafa-82f0f500643f): ★§l★
[19:14:24] overlordrusty (uuid: 5fb4dc96-b775-4b7d-93e4-7e62216d0eec): yes
[19:14:28] overlordrusty (uuid: 5fb4dc96-b775-4b7d-93e4-7e62216d0eec): thank yoi
[19:14:40] Element_85 (uuid: 3b5c7f35-2922-46b3-bafa-82f0f500643f): talk Berckham
[19:14:44] Berckham (uuid: 4601223d-f6ff-48cd-8a8a-b1da570b186a): ye
[19:14:51] Element_85 (uuid: 3b5c7f35-2922-46b3-bafa-82f0f500643f): t
[19:15:09] Element_85 (uuid: 3b5c7f35-2922-46b3-bafa-82f0f500643f): Berckham again
[19:15:11] Berckham (uuid: 4601223d-f6ff-48cd-8a8a-b1da570b186a): ye
[19:15:15] Berckham (uuid: 4601223d-f6ff-48cd-8a8a-b1da570b186a): i like that
[19:15:23] Element_85 (uuid: 3b5c7f35-2922-46b3-bafa-82f0f500643f): t
[19:15:34] Element_85 (uuid: 3b5c7f35-2922-46b3-bafa-82f0f500643f): now u overlordrusty
[19:15:36] overlordrusty (uuid: 5fb4dc96-b775-4b7d-93e4-7e62216d0eec): t
[19:15:39] overlordrusty (uuid: 5fb4dc96-b775-4b7d-93e4-7e62216d0eec): aw sex
[19:15:44] Element_85 (uuid: 3b5c7f35-2922-46b3-bafa-82f0f500643f): y or n
[19:16:26] Element_85 (uuid: 3b5c7f35-2922-46b3-bafa-82f0f500643f): §6★§bBuilder§6★ §6★§b§lBuilder§6★
[19:16:30] Berckham (uuid: 4601223d-f6ff-48cd-8a8a-b1da570b186a): builder
[19:16:47] Element_85 (uuid: 3b5c7f35-2922-46b3-bafa-82f0f500643f): owner will be white
[19:16:50] overlordrusty (uuid: 5fb4dc96-b775-4b7d-93e4-7e62216d0eec): t
[19:16:59] Element_85 (uuid: 3b5c7f35-2922-46b3-bafa-82f0f500643f): si?
[19:17:07] overlordrusty (uuid: 5fb4dc96-b775-4b7d-93e4-7e62216d0eec): okie
[19:17:14] Element_85 (uuid: 3b5c7f35-2922-46b3-bafa-82f0f500643f): we need to setup builder perms
[19:17:20] overlordrusty (uuid: 5fb4dc96-b775-4b7d-93e4-7e62216d0eec): yes
[19:17:23] Element_85 (uuid: 3b5c7f35-2922-46b3-bafa-82f0f500643f): i dont wanna tho lol
[19:17:33] Element_85 (uuid: 3b5c7f35-2922-46b3-bafa-82f0f500643f): send me a list of perms u want Berckham
[19:17:41] Berckham (uuid: 4601223d-f6ff-48cd-8a8a-b1da570b186a): okay
[19:18:00] overlordrusty (uuid: 5fb4dc96-b775-4b7d-93e4-7e62216d0eec): just make it so he cant ban folk n stuff
[19:18:05] Element_85 (uuid: 3b5c7f35-2922-46b3-bafa-82f0f500643f): i like white tbh
[19:18:11] overlordrusty (uuid: 5fb4dc96-b775-4b7d-93e4-7e62216d0eec): white is nice
[19:18:27] Element_85 (uuid: 3b5c7f35-2922-46b3-bafa-82f0f500643f): im a good prefix and chat formatter
[19:18:57] Element_85 (uuid: 3b5c7f35-2922-46b3-bafa-82f0f500643f): i have to do perm by perm nodes, i cant "just make it so he cat ban people"
[19:19:08] overlordrusty (uuid: 5fb4dc96-b775-4b7d-93e4-7e62216d0eec): oh
[19:19:20] Element_85 (uuid: 3b5c7f35-2922-46b3-bafa-82f0f500643f): for owner and admin i just did *
[19:21:10] Element_85 (uuid: 3b5c7f35-2922-46b3-bafa-82f0f500643f): ima hop off have a good day
[19:21:14] Element_85 (uuid: 3b5c7f35-2922-46b3-bafa-82f0f500643f): ly nh
[19:21:19] Berckham (uuid: 4601223d-f6ff-48cd-8a8a-b1da570b186a): cya
[19:21:19] overlordrusty (uuid: 5fb4dc96-b775-4b7d-93e4-7e62216d0eec): see you later
[19:21:44] Element_85 (uuid: 3b5c7f35-2922-46b3-bafa-82f0f500643f): ❤❤❤❤❤❤❤❤
[19:21:47] overlordrusty (uuid: 5fb4dc96-b775-4b7d-93e4-7e62216d0eec): aw yum
[19:21:53] Element_85 (uuid: 3b5c7f35-2922-46b3-bafa-82f0f500643f): ❤❤❤❤❤❤❤❤❤❤❤❤❤❤❤❤❤❤❤❤❤❤❤❤❤❤❤❤❤❤❤❤❤❤❤❤❤❤❤❤❤❤❤❤❤❤❤❤❤❤❤❤❤❤❤❤❤❤❤❤❤❤❤❤❤❤❤❤❤❤❤❤❤❤❤❤❤❤❤❤❤❤❤❤❤❤❤❤❤❤❤❤❤❤❤❤❤❤❤❤
[19:22:02] Element_85 (uuid: 3b5c7f35-2922-46b3-bafa-82f0f500643f): ❤❤❤❤❤❤❤❤❤❤❤❤❤❤❤❤❤❤❤❤❤❤❤❤❤❤❤❤❤❤❤❤❤❤❤❤❤❤❤❤❤❤❤❤❤❤❤❤❤❤❤❤❤❤❤❤❤❤❤❤❤❤❤❤❤❤❤❤❤❤❤❤❤❤❤❤❤❤❤❤❤❤❤❤❤❤❤❤❤❤❤❤❤❤❤❤❤❤❤❤❤❤❤❤❤❤❤❤
[19:22:02] overlordrusty (uuid: 5fb4dc96-b775-4b7d-93e4-7e62216d0eec): *explodes*
[19:22:04] Element_85 (uuid: 3b5c7f35-2922-46b3-bafa-82f0f500643f): lol
[19:22:14] Berckham (uuid: 4601223d-f6ff-48cd-8a8a-b1da570b186a): calm down
[19:22:17] Element_85 (uuid: 3b5c7f35-2922-46b3-bafa-82f0f500643f): ❤❤❤❤❤❤❤❤❤❤❤❤❤❤❤❤❤❤❤❤❤❤❤❤❤❤❤❤❤❤❤❤❤❤❤❤❤❤❤❤❤❤❤❤❤❤❤❤❤❤❤❤❤❤❤❤❤❤❤❤❤❤❤❤❤❤❤❤❤❤❤❤❤❤❤❤❤❤❤❤❤❤❤❤❤❤❤❤❤❤❤❤❤❤❤❤❤❤❤❤❤❤❤❤❤❤❤❤❤❤❤❤❤❤❤❤❤❤❤❤❤❤❤❤❤❤❤❤❤❤❤❤❤❤❤❤❤❤❤❤❤❤❤❤❤❤❤❤❤❤❤❤❤❤❤ no
[19:22:24] Element_85 (uuid: 3b5c7f35-2922-46b3-bafa-82f0f500643f): bye
[19:22:26] overlordrusty (uuid: 5fb4dc96-b775-4b7d-93e4-7e62216d0eec): girl could you calm down?
[19:22:28] overlordrusty (uuid: 5fb4dc96-b775-4b7d-93e4-7e62216d0eec): ssee youuu
[19:26:24] Berckham (uuid: 4601223d-f6ff-48cd-8a8a-b1da570b186a): im going to go ill be back in like 5 minutes
[19:30:48] overlordrusty (uuid: 5fb4dc96-b775-4b7d-93e4-7e62216d0eec): did you get booted out?
[19:30:53] Berckham (uuid: 4601223d-f6ff-48cd-8a8a-b1da570b186a): no i had to go
[19:30:55] overlordrusty (uuid: 5fb4dc96-b775-4b7d-93e4-7e62216d0eec): ah
[19:57:33] overlordrusty (uuid: 5fb4dc96-b775-4b7d-93e4-7e62216d0eec): holy fek
[19:57:38] Berckham (uuid: 4601223d-f6ff-48cd-8a8a-b1da570b186a): what
[19:57:45] overlordrusty (uuid: 5fb4dc96-b775-4b7d-93e4-7e62216d0eec): dis shit look noice
[19:57:46] Berckham (uuid: 4601223d-f6ff-48cd-8a8a-b1da570b186a): oh the dragon
[19:57:48] Berckham (uuid: 4601223d-f6ff-48cd-8a8a-b1da570b186a): yeah
[19:57:51] Berckham (uuid: 4601223d-f6ff-48cd-8a8a-b1da570b186a): thanks
[19:57:57] overlordrusty (uuid: 5fb4dc96-b775-4b7d-93e4-7e62216d0eec): are you copying from something?
[19:58:15] Berckham (uuid: 4601223d-f6ff-48cd-8a8a-b1da570b186a): just a refrence photo of like a drawing of a dragon
[19:58:21] Berckham (uuid: 4601223d-f6ff-48cd-8a8a-b1da570b186a): and multiple diffrent photos
[19:58:48] Berckham (uuid: 4601223d-f6ff-48cd-8a8a-b1da570b186a): im i the only builder
[20:05:12] overlordrusty (uuid: 5fb4dc96-b775-4b7d-93e4-7e62216d0eec): oh sorry
[20:05:15] Berckham (uuid: 4601223d-f6ff-48cd-8a8a-b1da570b186a): what
[20:05:23] overlordrusty (uuid: 5fb4dc96-b775-4b7d-93e4-7e62216d0eec): Sorry I didnt see your messages
[20:05:28] Berckham (uuid: 4601223d-f6ff-48cd-8a8a-b1da570b186a): about?
[20:05:36] overlordrusty (uuid: 5fb4dc96-b775-4b7d-93e4-7e62216d0eec): there are more builders they just arent on
[20:05:40] Berckham (uuid: 4601223d-f6ff-48cd-8a8a-b1da570b186a): okay
[20:05:53] overlordrusty (uuid: 5fb4dc96-b775-4b7d-93e4-7e62216d0eec): I do some of the building also
[20:06:00] Berckham (uuid: 4601223d-f6ff-48cd-8a8a-b1da570b186a): okay
[20:06:13] overlordrusty (uuid: 5fb4dc96-b775-4b7d-93e4-7e62216d0eec): I need your opinion on something
[20:06:16] Berckham (uuid: 4601223d-f6ff-48cd-8a8a-b1da570b186a): sure
[20:06:52] overlordrusty (uuid: 5fb4dc96-b775-4b7d-93e4-7e62216d0eec): so yenno how I did the swords?
[20:06:56] overlordrusty (uuid: 5fb4dc96-b775-4b7d-93e4-7e62216d0eec): for factions
[20:06:57] Berckham (uuid: 4601223d-f6ff-48cd-8a8a-b1da570b186a): yeah
[20:07:04] overlordrusty (uuid: 5fb4dc96-b775-4b7d-93e4-7e62216d0eec): I am going to do a pick for prison
[20:07:09] Berckham (uuid: 4601223d-f6ff-48cd-8a8a-b1da570b186a): okay
[20:07:12] overlordrusty (uuid: 5fb4dc96-b775-4b7d-93e4-7e62216d0eec): do I do stone wooden or iron?
[20:07:15] overlordrusty (uuid: 5fb4dc96-b775-4b7d-93e4-7e62216d0eec): or diamond
[20:07:28] Berckham (uuid: 4601223d-f6ff-48cd-8a8a-b1da570b186a): diamond
[20:07:32] overlordrusty (uuid: 5fb4dc96-b775-4b7d-93e4-7e62216d0eec): okay
[20:07:34] overlordrusty (uuid: 5fb4dc96-b775-4b7d-93e4-7e62216d0eec): thank you
[20:07:42] Berckham (uuid: 4601223d-f6ff-48cd-8a8a-b1da570b186a): yep
[20:14:36] overlordrusty (uuid: 5fb4dc96-b775-4b7d-93e4-7e62216d0eec): ayyyyyyyy
[20:14:40] Berckham (uuid: 4601223d-f6ff-48cd-8a8a-b1da570b186a): hi
[20:14:45] ItzMu44aGamer (uuid: 78b84a0a-b59b-4d30-b279-2c832584cd80): Hi guys
[20:15:08] Berckham (uuid: 4601223d-f6ff-48cd-8a8a-b1da570b186a): do you want to help me with the dragon
[20:16:19] overlordrusty (uuid: 5fb4dc96-b775-4b7d-93e4-7e62216d0eec): he is doing his own thing
[20:16:23] Berckham (uuid: 4601223d-f6ff-48cd-8a8a-b1da570b186a): oh okay
[20:16:34] Berckham (uuid: 4601223d-f6ff-48cd-8a8a-b1da570b186a): hey
[20:16:34] ItzMu44aGamer (uuid: 78b84a0a-b59b-4d30-b279-2c832584cd80): Hey
[20:22:50] Berckham (uuid: 4601223d-f6ff-48cd-8a8a-b1da570b186a): hey
[20:22:56] overlordrusty (uuid: 5fb4dc96-b775-4b7d-93e4-7e62216d0eec): hello
[20:23:28] Berckham (uuid: 4601223d-f6ff-48cd-8a8a-b1da570b186a): hey
[20:23:50] overlordrusty (uuid: 5fb4dc96-b775-4b7d-93e4-7e62216d0eec): I am just going to op both of yall for now
[20:23:58] Berckham (uuid: 4601223d-f6ff-48cd-8a8a-b1da570b186a): who are they
[20:24:02] overlordrusty (uuid: 5fb4dc96-b775-4b7d-93e4-7e62216d0eec): and I will give you a test task
[20:24:04] Berckham (uuid: 4601223d-f6ff-48cd-8a8a-b1da570b186a): like what kind of staff
[20:24:06] overlordrusty (uuid: 5fb4dc96-b775-4b7d-93e4-7e62216d0eec): possible new builders
[20:24:09] Berckham (uuid: 4601223d-f6ff-48cd-8a8a-b1da570b186a): okay
[20:24:12] ItzMu44aGamer (uuid: 78b84a0a-b59b-4d30-b279-2c832584cd80): hmmm
[20:24:18] ItzMu44aGamer (uuid: 78b84a0a-b59b-4d30-b279-2c832584cd80): but who?
[20:24:24] ItzMu44aGamer (uuid: 78b84a0a-b59b-4d30-b279-2c832584cd80): should we get?
[20:24:29] overlordrusty (uuid: 5fb4dc96-b775-4b7d-93e4-7e62216d0eec): dundundun
[20:24:57] overlordrusty (uuid: 5fb4dc96-b775-4b7d-93e4-7e62216d0eec): just backin up the server one sec
[20:25:51] Devilcraft (uuid: 84dd21b1-9e5d-41d1-aaca-dd9292db2aa1): can talk
[20:25:51] overlordrusty (uuid: 5fb4dc96-b775-4b7d-93e4-7e62216d0eec): okay
[20:25:53] Devilcraft (uuid: 84dd21b1-9e5d-41d1-aaca-dd9292db2aa1): yay
[20:25:56] aidcn (uuid: 2db5be0a-4525-4a99-8adf-de0e8b781e76): woot
[20:26:13] overlordrusty (uuid: 5fb4dc96-b775-4b7d-93e4-7e62216d0eec): so yenno how I have the pixel art for the factions and prison?
[20:26:20] aidcn (uuid: 2db5be0a-4525-4a99-8adf-de0e8b781e76): yeh
[20:26:43] overlordrusty (uuid: 5fb4dc96-b775-4b7d-93e4-7e62216d0eec): One of you will build a survival one
[20:26:59] aidcn (uuid: 2db5be0a-4525-4a99-8adf-de0e8b781e76): like a vanilla survival server?
[20:27:09] overlordrusty (uuid: 5fb4dc96-b775-4b7d-93e4-7e62216d0eec): a survival pixel art
[20:27:12] aidcn (uuid: 2db5be0a-4525-4a99-8adf-de0e8b781e76): okay
[20:27:24] Devilcraft (uuid: 84dd21b1-9e5d-41d1-aaca-dd9292db2aa1): wait so is aidcn taking that
[20:27:31] aidcn (uuid: 2db5be0a-4525-4a99-8adf-de0e8b781e76): idk what the other one is
[20:27:45] overlordrusty (uuid: 5fb4dc96-b775-4b7d-93e4-7e62216d0eec): and one of you will build a kitpvp one
[20:27:52] overlordrusty (uuid: 5fb4dc96-b775-4b7d-93e4-7e62216d0eec): who is taking what?
[20:27:59] aidcn (uuid: 2db5be0a-4525-4a99-8adf-de0e8b781e76): i could do the survival one
[20:27:59] Devilcraft (uuid: 84dd21b1-9e5d-41d1-aaca-dd9292db2aa1): i can do either, aidcn your choice
[20:28:07] Devilcraft (uuid: 84dd21b1-9e5d-41d1-aaca-dd9292db2aa1): aight ill take kitpvp then
[20:28:09] overlordrusty (uuid: 5fb4dc96-b775-4b7d-93e4-7e62216d0eec): this is so sexy
[20:28:10] overlordrusty (uuid: 5fb4dc96-b775-4b7d-93e4-7e62216d0eec): okay
[20:28:13] aidcn (uuid: 2db5be0a-4525-4a99-8adf-de0e8b781e76): lmao
[20:28:15] Devilcraft (uuid: 84dd21b1-9e5d-41d1-aaca-dd9292db2aa1): haha
[20:28:38] aidcn (uuid: 2db5be0a-4525-4a99-8adf-de0e8b781e76): oop
[20:28:42] Devilcraft (uuid: 84dd21b1-9e5d-41d1-aaca-dd9292db2aa1): btw sorry if i work slow im watching copa america lol
[20:28:46] overlordrusty (uuid: 5fb4dc96-b775-4b7d-93e4-7e62216d0eec): its fine
[20:28:51] overlordrusty (uuid: 5fb4dc96-b775-4b7d-93e4-7e62216d0eec): ready?
[20:28:55] Devilcraft (uuid: 84dd21b1-9e5d-41d1-aaca-dd9292db2aa1): sure
[20:28:56] aidcn (uuid: 2db5be0a-4525-4a99-8adf-de0e8b781e76): yeah
[20:28:57] overlordrusty (uuid: 5fb4dc96-b775-4b7d-93e4-7e62216d0eec): you dont need to do the text
[20:29:03] overlordrusty (uuid: 5fb4dc96-b775-4b7d-93e4-7e62216d0eec): just the pixel art
[20:29:10] aidcn (uuid: 2db5be0a-4525-4a99-8adf-de0e8b781e76): okie
[20:29:13] overlordrusty (uuid: 5fb4dc96-b775-4b7d-93e4-7e62216d0eec): whenever you guys are ready
[20:29:14] Devilcraft (uuid: 84dd21b1-9e5d-41d1-aaca-dd9292db2aa1): oh ok
[20:29:22] Devilcraft (uuid: 84dd21b1-9e5d-41d1-aaca-dd9292db2aa1): (puts away quartz)
[20:29:25] overlordrusty (uuid: 5fb4dc96-b775-4b7d-93e4-7e62216d0eec): XD
[20:31:20] overlordrusty (uuid: 5fb4dc96-b775-4b7d-93e4-7e62216d0eec): we do have worldedit if you do so require irt
[20:31:22] overlordrusty (uuid: 5fb4dc96-b775-4b7d-93e4-7e62216d0eec): it
[20:31:39] Devilcraft (uuid: 84dd21b1-9e5d-41d1-aaca-dd9292db2aa1): cool, i doubt ill need it for this though
[20:31:47] overlordrusty (uuid: 5fb4dc96-b775-4b7d-93e4-7e62216d0eec): yeah probably not, just incas
[20:32:34] Devilcraft (uuid: 84dd21b1-9e5d-41d1-aaca-dd9292db2aa1): maybe to center stuff
[20:32:38] overlordrusty (uuid: 5fb4dc96-b775-4b7d-93e4-7e62216d0eec): yeah
[20:33:14] aidcn (uuid: 2db5be0a-4525-4a99-8adf-de0e8b781e76): hfskdf
[20:33:17] aidcn (uuid: 2db5be0a-4525-4a99-8adf-de0e8b781e76): im struggling
[20:33:43] overlordrusty (uuid: 5fb4dc96-b775-4b7d-93e4-7e62216d0eec): you could do a simpler flower
[20:33:50] aidcn (uuid: 2db5be0a-4525-4a99-8adf-de0e8b781e76): i like the blue tho
[20:33:56] overlordrusty (uuid: 5fb4dc96-b775-4b7d-93e4-7e62216d0eec): fair enough
[20:41:24] overlordrusty (uuid: 5fb4dc96-b775-4b7d-93e4-7e62216d0eec): brb
[20:59:01] Devilcraft (uuid: 84dd21b1-9e5d-41d1-aaca-dd9292db2aa1): i think i about done
[20:59:17] overlordrusty (uuid: 5fb4dc96-b775-4b7d-93e4-7e62216d0eec): one sev
[20:59:19] overlordrusty (uuid: 5fb4dc96-b775-4b7d-93e4-7e62216d0eec): sec
[20:59:25] Devilcraft (uuid: 84dd21b1-9e5d-41d1-aaca-dd9292db2aa1): i can add more if you want
[20:59:39] Devilcraft (uuid: 84dd21b1-9e5d-41d1-aaca-dd9292db2aa1): but im not sure what else to add
[20:59:46] overlordrusty (uuid: 5fb4dc96-b775-4b7d-93e4-7e62216d0eec): hmmm
[20:59:49] overlordrusty (uuid: 5fb4dc96-b775-4b7d-93e4-7e62216d0eec): its good
[21:00:02] overlordrusty (uuid: 5fb4dc96-b775-4b7d-93e4-7e62216d0eec): maybe a diamond helmet at the back
[21:00:11] Devilcraft (uuid: 84dd21b1-9e5d-41d1-aaca-dd9292db2aa1): yeah i was thinking it needed a bg
[21:00:48] overlordrusty (uuid: 5fb4dc96-b775-4b7d-93e4-7e62216d0eec): yeah move them forward
[21:00:53] Devilcraft (uuid: 84dd21b1-9e5d-41d1-aaca-dd9292db2aa1): again?
[21:00:57] Devilcraft (uuid: 84dd21b1-9e5d-41d1-aaca-dd9292db2aa1): or is this fine
[21:01:02] overlordrusty (uuid: 5fb4dc96-b775-4b7d-93e4-7e62216d0eec): that is fine
[21:01:10] overlordrusty (uuid: 5fb4dc96-b775-4b7d-93e4-7e62216d0eec): I would make the bow overlap the potion
[21:01:27] overlordrusty (uuid: 5fb4dc96-b775-4b7d-93e4-7e62216d0eec): wait
[21:01:28] Devilcraft (uuid: 84dd21b1-9e5d-41d1-aaca-dd9292db2aa1): i tried that, imo the bow covers a bit
[21:01:33] overlordrusty (uuid: 5fb4dc96-b775-4b7d-93e4-7e62216d0eec): other way around
[21:01:42] overlordrusty (uuid: 5fb4dc96-b775-4b7d-93e4-7e62216d0eec): make the potion overlap more
[21:01:46] Devilcraft (uuid: 84dd21b1-9e5d-41d1-aaca-dd9292db2aa1): kk
[21:05:17] overlordrusty (uuid: 5fb4dc96-b775-4b7d-93e4-7e62216d0eec): I wonder if it would be possible to make the helmet look like its balancing on the arrow
[21:05:26] Devilcraft (uuid: 84dd21b1-9e5d-41d1-aaca-dd9292db2aa1): i can try that
[21:05:32] overlordrusty (uuid: 5fb4dc96-b775-4b7d-93e4-7e62216d0eec): please do
[21:05:39] overlordrusty (uuid: 5fb4dc96-b775-4b7d-93e4-7e62216d0eec): it is fine if you struggle and cant
[21:06:47] Devilcraft (uuid: 84dd21b1-9e5d-41d1-aaca-dd9292db2aa1): jeez my laptop is heating up
[21:06:58] overlordrusty (uuid: 5fb4dc96-b775-4b7d-93e4-7e62216d0eec): geex
[21:06:59] overlordrusty (uuid: 5fb4dc96-b775-4b7d-93e4-7e62216d0eec): geez
[21:07:54] overlordrusty (uuid: 5fb4dc96-b775-4b7d-93e4-7e62216d0eec): yo berck
[21:07:57] Berckham (uuid: 4601223d-f6ff-48cd-8a8a-b1da570b186a): ye
[21:08:15] overlordrusty (uuid: 5fb4dc96-b775-4b7d-93e4-7e62216d0eec): yenno it would be cool if we had like a red dragon at the opposite side sitting on the hill
[21:08:43] overlordrusty (uuid: 5fb4dc96-b775-4b7d-93e4-7e62216d0eec): you could probably copy and paste it
[21:08:48] overlordrusty (uuid: 5fb4dc96-b775-4b7d-93e4-7e62216d0eec): and change the blocks
[21:08:59] Berckham (uuid: 4601223d-f6ff-48cd-8a8a-b1da570b186a): yep
[21:09:00] overlordrusty (uuid: 5fb4dc96-b775-4b7d-93e4-7e62216d0eec): and the feet to make it look like its sitting
[21:09:04] Berckham (uuid: 4601223d-f6ff-48cd-8a8a-b1da570b186a): sure
[21:09:09] overlordrusty (uuid: 5fb4dc96-b775-4b7d-93e4-7e62216d0eec): if you want that would be great
[21:09:16] Berckham (uuid: 4601223d-f6ff-48cd-8a8a-b1da570b186a): yep ill do that when i finish
[21:09:19] overlordrusty (uuid: 5fb4dc96-b775-4b7d-93e4-7e62216d0eec): awesome
[21:09:27] overlordrusty (uuid: 5fb4dc96-b775-4b7d-93e4-7e62216d0eec): if you need to some replacing the blocks just ask me
[21:09:30] overlordrusty (uuid: 5fb4dc96-b775-4b7d-93e4-7e62216d0eec): help
[21:09:35] Berckham (uuid: 4601223d-f6ff-48cd-8a8a-b1da570b186a): no im good
[21:09:38] overlordrusty (uuid: 5fb4dc96-b775-4b7d-93e4-7e62216d0eec): okay
[21:11:05] aidcn (uuid: 2db5be0a-4525-4a99-8adf-de0e8b781e76): sbdf what
[21:11:07] Berckham (uuid: 4601223d-f6ff-48cd-8a8a-b1da570b186a): sorry
[21:11:45] aidcn (uuid: 2db5be0a-4525-4a99-8adf-de0e8b781e76): okay I think Im done
[21:12:04] overlordrusty (uuid: 5fb4dc96-b775-4b7d-93e4-7e62216d0eec): oo
[21:12:12] overlordrusty (uuid: 5fb4dc96-b775-4b7d-93e4-7e62216d0eec): ooooo
[21:12:15] overlordrusty (uuid: 5fb4dc96-b775-4b7d-93e4-7e62216d0eec): this is noice
[21:12:31] aidcn (uuid: 2db5be0a-4525-4a99-8adf-de0e8b781e76): thanks hehe
[21:12:35] aidcn (uuid: 2db5be0a-4525-4a99-8adf-de0e8b781e76): sorry i got a rink
[21:12:37] aidcn (uuid: 2db5be0a-4525-4a99-8adf-de0e8b781e76): drink*8
[21:12:42] overlordrusty (uuid: 5fb4dc96-b775-4b7d-93e4-7e62216d0eec): iuts fine
[21:13:13] overlordrusty (uuid: 5fb4dc96-b775-4b7d-93e4-7e62216d0eec): what I think would be good is if this flower was a bit of bread or porkchop
[21:13:21] aidcn (uuid: 2db5be0a-4525-4a99-8adf-de0e8b781e76): oh yeah lmao
[21:13:24] overlordrusty (uuid: 5fb4dc96-b775-4b7d-93e4-7e62216d0eec): awesome
[21:13:28] aidcn (uuid: 2db5be0a-4525-4a99-8adf-de0e8b781e76): i guess i couldve put food someone lol
[21:14:21] aidcn (uuid: 2db5be0a-4525-4a99-8adf-de0e8b781e76): can I do a carrot?
[21:17:18] overlordrusty (uuid: 5fb4dc96-b775-4b7d-93e4-7e62216d0eec): I would use wool
[21:17:25] overlordrusty (uuid: 5fb4dc96-b775-4b7d-93e4-7e62216d0eec): instead of the block
[21:17:30] Devilcraft (uuid: 84dd21b1-9e5d-41d1-aaca-dd9292db2aa1): yeah i got different blocks to try
[21:17:33] overlordrusty (uuid: 5fb4dc96-b775-4b7d-93e4-7e62216d0eec): yee
[21:17:40] Devilcraft (uuid: 84dd21b1-9e5d-41d1-aaca-dd9292db2aa1): you mean for the border or the inside
[21:17:45] overlordrusty (uuid: 5fb4dc96-b775-4b7d-93e4-7e62216d0eec): both
[21:17:57] overlordrusty (uuid: 5fb4dc96-b775-4b7d-93e4-7e62216d0eec): awww are you making the wee food symbol?
[21:18:06] overlordrusty (uuid: 5fb4dc96-b775-4b7d-93e4-7e62216d0eec): creative
[21:19:52] Devilcraft (uuid: 84dd21b1-9e5d-41d1-aaca-dd9292db2aa1): like this?
[21:20:13] Devilcraft (uuid: 84dd21b1-9e5d-41d1-aaca-dd9292db2aa1): tbh i liked the other one better
[21:20:15] overlordrusty (uuid: 5fb4dc96-b775-4b7d-93e4-7e62216d0eec): yeah
[21:20:27] Devilcraft (uuid: 84dd21b1-9e5d-41d1-aaca-dd9292db2aa1): yeah as in change back?
[21:20:31] overlordrusty (uuid: 5fb4dc96-b775-4b7d-93e4-7e62216d0eec): yes
[21:20:53] overlordrusty (uuid: 5fb4dc96-b775-4b7d-93e4-7e62216d0eec): what you could do is make the diamon helmet normally the correct way round and use world edit to rotate it
[21:21:09] Devilcraft (uuid: 84dd21b1-9e5d-41d1-aaca-dd9292db2aa1): yeah osmetimes that messes it up
[21:21:11] Devilcraft (uuid: 84dd21b1-9e5d-41d1-aaca-dd9292db2aa1): ill try that
[21:21:14] overlordrusty (uuid: 5fb4dc96-b775-4b7d-93e4-7e62216d0eec): okay
[21:21:27] overlordrusty (uuid: 5fb4dc96-b775-4b7d-93e4-7e62216d0eec): oooo
[21:21:35] overlordrusty (uuid: 5fb4dc96-b775-4b7d-93e4-7e62216d0eec): I like the carrot
[21:21:49] aidcn (uuid: 2db5be0a-4525-4a99-8adf-de0e8b781e76): i like it too hehe
[21:22:24] overlordrusty (uuid: 5fb4dc96-b775-4b7d-93e4-7e62216d0eec): I would move the axe more to the left and then move tje carrot to the left and then centre the whole thing
[21:22:28] overlordrusty (uuid: 5fb4dc96-b775-4b7d-93e4-7e62216d0eec): with world edit
[21:22:35] aidcn (uuid: 2db5be0a-4525-4a99-8adf-de0e8b781e76): l
[21:22:44] aidcn (uuid: 2db5be0a-4525-4a99-8adf-de0e8b781e76): like a pick or an axe
[21:22:55] overlordrusty (uuid: 5fb4dc96-b775-4b7d-93e4-7e62216d0eec): move the axe to the left
[21:23:03] overlordrusty (uuid: 5fb4dc96-b775-4b7d-93e4-7e62216d0eec): then the carrot
[21:23:11] aidcn (uuid: 2db5be0a-4525-4a99-8adf-de0e8b781e76): oh duh i thought you meant build another axe
[21:23:13] aidcn (uuid: 2db5be0a-4525-4a99-8adf-de0e8b781e76): im stupid
[21:23:13] overlordrusty (uuid: 5fb4dc96-b775-4b7d-93e4-7e62216d0eec): then centre the whole thing
[21:23:16] overlordrusty (uuid: 5fb4dc96-b775-4b7d-93e4-7e62216d0eec): aww xD
[21:26:51] aidcn (uuid: 2db5be0a-4525-4a99-8adf-de0e8b781e76): better?
[21:28:59] overlordrusty (uuid: 5fb4dc96-b775-4b7d-93e4-7e62216d0eec): yes
[21:29:03] overlordrusty (uuid: 5fb4dc96-b775-4b7d-93e4-7e62216d0eec): much better
[21:29:04] aidcn (uuid: 2db5be0a-4525-4a99-8adf-de0e8b781e76): okie
[21:29:19] Devilcraft (uuid: 84dd21b1-9e5d-41d1-aaca-dd9292db2aa1): so i built it
[21:29:40] Devilcraft (uuid: 84dd21b1-9e5d-41d1-aaca-dd9292db2aa1): here
[21:29:44] Devilcraft (uuid: 84dd21b1-9e5d-41d1-aaca-dd9292db2aa1): this way
[21:29:52] overlordrusty (uuid: 5fb4dc96-b775-4b7d-93e4-7e62216d0eec): yeah thats good
[21:30:05] Devilcraft (uuid: 84dd21b1-9e5d-41d1-aaca-dd9292db2aa1): couldnt seem to rotate it properly
[21:30:06] overlordrusty (uuid: 5fb4dc96-b775-4b7d-93e4-7e62216d0eec): we could try rotating it 45 degrees
[21:30:30] overlordrusty (uuid: 5fb4dc96-b775-4b7d-93e4-7e62216d0eec): pfffft
[21:30:37] overlordrusty (uuid: 5fb4dc96-b775-4b7d-93e4-7e62216d0eec): that could work
[21:34:36] Devilcraft (uuid: 84dd21b1-9e5d-41d1-aaca-dd9292db2aa1): i got it fixed
[21:35:12] Devilcraft (uuid: 84dd21b1-9e5d-41d1-aaca-dd9292db2aa1): should i put it on
[21:35:37] aidcn (uuid: 2db5be0a-4525-4a99-8adf-de0e8b781e76): elytras are so fun
[21:35:40] Devilcraft (uuid: 84dd21b1-9e5d-41d1-aaca-dd9292db2aa1): ikr
[21:36:09] aidcn (uuid: 2db5be0a-4525-4a99-8adf-de0e8b781e76): luilafol
[21:37:43] Berckham (uuid: 4601223d-f6ff-48cd-8a8a-b1da570b186a): where should i put the dragon
[21:38:37] overlordrusty (uuid: 5fb4dc96-b775-4b7d-93e4-7e62216d0eec): sorry
[21:38:42] overlordrusty (uuid: 5fb4dc96-b775-4b7d-93e4-7e62216d0eec): here
[21:38:45] overlordrusty (uuid: 5fb4dc96-b775-4b7d-93e4-7e62216d0eec): I think
[21:38:57] Berckham (uuid: 4601223d-f6ff-48cd-8a8a-b1da570b186a): okay
[21:39:00] overlordrusty (uuid: 5fb4dc96-b775-4b7d-93e4-7e62216d0eec): sek
[21:40:01] overlordrusty (uuid: 5fb4dc96-b775-4b7d-93e4-7e62216d0eec): yeah this helmet is better
[21:40:05] overlordrusty (uuid: 5fb4dc96-b775-4b7d-93e4-7e62216d0eec): the one above
[21:40:10] Devilcraft (uuid: 84dd21b1-9e5d-41d1-aaca-dd9292db2aa1): yeah
[21:40:12] Devilcraft (uuid: 84dd21b1-9e5d-41d1-aaca-dd9292db2aa1): a bit wider
[21:40:15] overlordrusty (uuid: 5fb4dc96-b775-4b7d-93e4-7e62216d0eec): yeah
[21:40:16] Devilcraft (uuid: 84dd21b1-9e5d-41d1-aaca-dd9292db2aa1): and thinner on top
[21:40:20] overlordrusty (uuid: 5fb4dc96-b775-4b7d-93e4-7e62216d0eec): yeah
[21:40:20] Devilcraft (uuid: 84dd21b1-9e5d-41d1-aaca-dd9292db2aa1): relatively
[21:40:41] Devilcraft (uuid: 84dd21b1-9e5d-41d1-aaca-dd9292db2aa1): uh
[21:40:42] Berckham (uuid: 4601223d-f6ff-48cd-8a8a-b1da570b186a): where did you want it
[21:40:51] Devilcraft (uuid: 84dd21b1-9e5d-41d1-aaca-dd9292db2aa1): is there supposed to be a hole in the top of the dome
[21:40:55] Berckham (uuid: 4601223d-f6ff-48cd-8a8a-b1da570b186a): never mind
[21:41:03] Berckham (uuid: 4601223d-f6ff-48cd-8a8a-b1da570b186a): no i dont think so
[21:41:57] overlordrusty (uuid: 5fb4dc96-b775-4b7d-93e4-7e62216d0eec): no
[21:42:00] overlordrusty (uuid: 5fb4dc96-b775-4b7d-93e4-7e62216d0eec): it glitched
[21:42:04] overlordrusty (uuid: 5fb4dc96-b775-4b7d-93e4-7e62216d0eec): going to fix it soon
[21:42:10] Devilcraft (uuid: 84dd21b1-9e5d-41d1-aaca-dd9292db2aa1): kk
[21:42:14] overlordrusty (uuid: 5fb4dc96-b775-4b7d-93e4-7e62216d0eec): the dragon
[21:43:15] aidcn (uuid: 2db5be0a-4525-4a99-8adf-de0e8b781e76): make it higher a little
[21:43:21] aidcn (uuid: 2db5be0a-4525-4a99-8adf-de0e8b781e76): it just got off the pixel art
[21:43:21] Berckham (uuid: 4601223d-f6ff-48cd-8a8a-b1da570b186a): the dragon?
[21:43:25] Berckham (uuid: 4601223d-f6ff-48cd-8a8a-b1da570b186a): oh
[21:43:27] Devilcraft (uuid: 84dd21b1-9e5d-41d1-aaca-dd9292db2aa1): rip my pixel art
[21:43:34] aidcn (uuid: 2db5be0a-4525-4a99-8adf-de0e8b781e76): lmao
[21:47:18] ItzMu44aGamer (uuid: 78b84a0a-b59b-4d30-b279-2c832584cd80): Russ ask, if you do the text of the pixel art
[21:47:53] ItzMu44aGamer (uuid: 78b84a0a-b59b-4d30-b279-2c832584cd80): he says thank you
[21:49:02] Devilcraft (uuid: 84dd21b1-9e5d-41d1-aaca-dd9292db2aa1): uh
[21:49:03] Devilcraft (uuid: 84dd21b1-9e5d-41d1-aaca-dd9292db2aa1): yeah
[21:49:05] Berckham (uuid: 4601223d-f6ff-48cd-8a8a-b1da570b186a): sorry
[21:49:09] Devilcraft (uuid: 84dd21b1-9e5d-41d1-aaca-dd9292db2aa1): nw
[21:51:18] aidcn (uuid: 2db5be0a-4525-4a99-8adf-de0e8b781e76): my carrOt
[21:54:17] Devilcraft (uuid: 84dd21b1-9e5d-41d1-aaca-dd9292db2aa1): hows this
[22:00:43] Devilcraft (uuid: 84dd21b1-9e5d-41d1-aaca-dd9292db2aa1): fly
[22:00:45] Devilcraft (uuid: 84dd21b1-9e5d-41d1-aaca-dd9292db2aa1): oops
[22:04:06] overlordrusty (uuid: 5fb4dc96-b775-4b7d-93e4-7e62216d0eec): i like
[22:04:11] Berckham (uuid: 4601223d-f6ff-48cd-8a8a-b1da570b186a): me
[22:04:15] overlordrusty (uuid: 5fb4dc96-b775-4b7d-93e4-7e62216d0eec): where did the blue one go?
[22:04:17] overlordrusty (uuid: 5fb4dc96-b775-4b7d-93e4-7e62216d0eec): yes
[22:04:22] Berckham (uuid: 4601223d-f6ff-48cd-8a8a-b1da570b186a): i changed it to red
[22:04:26] overlordrusty (uuid: 5fb4dc96-b775-4b7d-93e4-7e62216d0eec): dev
[22:04:32] overlordrusty (uuid: 5fb4dc96-b775-4b7d-93e4-7e62216d0eec): Devilcraft
[22:04:45] overlordrusty (uuid: 5fb4dc96-b775-4b7d-93e4-7e62216d0eec): I thought we were doing one red and one blue
[22:04:48] overlordrusty (uuid: 5fb4dc96-b775-4b7d-93e4-7e62216d0eec): opposite sides
[22:07:49] overlordrusty (uuid: 5fb4dc96-b775-4b7d-93e4-7e62216d0eec): I like
[22:07:54] Devilcraft (uuid: 84dd21b1-9e5d-41d1-aaca-dd9292db2aa1): moi aussi
[22:07:56] overlordrusty (uuid: 5fb4dc96-b775-4b7d-93e4-7e62216d0eec): Is good
[22:08:01] Devilcraft (uuid: 84dd21b1-9e5d-41d1-aaca-dd9292db2aa1): yee
[22:08:06] overlordrusty (uuid: 5fb4dc96-b775-4b7d-93e4-7e62216d0eec): Would you be able to do the text?
[22:08:10] Devilcraft (uuid: 84dd21b1-9e5d-41d1-aaca-dd9292db2aa1): yeah sure
[22:08:14] overlordrusty (uuid: 5fb4dc96-b775-4b7d-93e4-7e62216d0eec): awesome
[22:08:23] overlordrusty (uuid: 5fb4dc96-b775-4b7d-93e4-7e62216d0eec): do you know where the other guy went?
[22:08:31] Devilcraft (uuid: 84dd21b1-9e5d-41d1-aaca-dd9292db2aa1): nah he went afk and then left
[22:08:34] overlordrusty (uuid: 5fb4dc96-b775-4b7d-93e4-7e62216d0eec): o
[22:08:34] Devilcraft (uuid: 84dd21b1-9e5d-41d1-aaca-dd9292db2aa1): didnt sy anything
[22:09:08] overlordrusty (uuid: 5fb4dc96-b775-4b7d-93e4-7e62216d0eec): berck
[22:09:51] overlordrusty (uuid: 5fb4dc96-b775-4b7d-93e4-7e62216d0eec): BERK
[22:09:55] Berckham (uuid: 4601223d-f6ff-48cd-8a8a-b1da570b186a): ye
[22:10:04] overlordrusty (uuid: 5fb4dc96-b775-4b7d-93e4-7e62216d0eec): wasnt one going to be blue and another red?
[22:10:10] overlordrusty (uuid: 5fb4dc96-b775-4b7d-93e4-7e62216d0eec): at opposite sideS?
[22:10:30] Berckham (uuid: 4601223d-f6ff-48cd-8a8a-b1da570b186a): oh i was just thinking one dragon i could do that though
[22:10:41] overlordrusty (uuid: 5fb4dc96-b775-4b7d-93e4-7e62216d0eec): It is up to you
[22:10:46] overlordrusty (uuid: 5fb4dc96-b775-4b7d-93e4-7e62216d0eec): I think it would be cool
[22:11:01] Berckham (uuid: 4601223d-f6ff-48cd-8a8a-b1da570b186a): ill probably do that later
[22:11:03] overlordrusty (uuid: 5fb4dc96-b775-4b7d-93e4-7e62216d0eec): and have one flying in and another sitting on the moutain
[22:11:07] overlordrusty (uuid: 5fb4dc96-b775-4b7d-93e4-7e62216d0eec): yeah thats fine
[22:17:33] Devilcraft (uuid: 84dd21b1-9e5d-41d1-aaca-dd9292db2aa1): i done the letters
[22:17:42] overlordrusty (uuid: 5fb4dc96-b775-4b7d-93e4-7e62216d0eec): I like
[22:17:45] overlordrusty (uuid: 5fb4dc96-b775-4b7d-93e4-7e62216d0eec): very much
[22:17:47] Devilcraft (uuid: 84dd21b1-9e5d-41d1-aaca-dd9292db2aa1): yay
[22:17:52] ItzMu44aGamer (uuid: 78b84a0a-b59b-4d30-b279-2c832584cd80): Nice
[22:17:55] Devilcraft (uuid: 84dd21b1-9e5d-41d1-aaca-dd9292db2aa1): 5 from each side
[22:18:03] overlordrusty (uuid: 5fb4dc96-b775-4b7d-93e4-7e62216d0eec): yup
[22:18:06] overlordrusty (uuid: 5fb4dc96-b775-4b7d-93e4-7e62216d0eec): perfect
[22:18:09] Devilcraft (uuid: 84dd21b1-9e5d-41d1-aaca-dd9292db2aa1): bothers me if it isnt lol
[22:18:16] overlordrusty (uuid: 5fb4dc96-b775-4b7d-93e4-7e62216d0eec): same dw
[22:18:43] overlordrusty (uuid: 5fb4dc96-b775-4b7d-93e4-7e62216d0eec): I made you builder role on the server
[22:18:49] Devilcraft (uuid: 84dd21b1-9e5d-41d1-aaca-dd9292db2aa1): thank youu
[22:18:57] overlordrusty (uuid: 5fb4dc96-b775-4b7d-93e4-7e62216d0eec): when element comes on I will get him to give you builder rank
[22:19:07] Devilcraft (uuid: 84dd21b1-9e5d-41d1-aaca-dd9292db2aa1): sure thing
[22:19:16] Devilcraft (uuid: 84dd21b1-9e5d-41d1-aaca-dd9292db2aa1): do i need to be on at that time or nah
[22:19:28] overlordrusty (uuid: 5fb4dc96-b775-4b7d-93e4-7e62216d0eec): I think
[22:19:34] Devilcraft (uuid: 84dd21b1-9e5d-41d1-aaca-dd9292db2aa1): will that be soon then
[22:19:38] overlordrusty (uuid: 5fb4dc96-b775-4b7d-93e4-7e62216d0eec): but I am sure you will bump into him at some point
[22:19:43] Devilcraft (uuid: 84dd21b1-9e5d-41d1-aaca-dd9292db2aa1): true true
[22:19:44] overlordrusty (uuid: 5fb4dc96-b775-4b7d-93e4-7e62216d0eec): I don't know if it will be tongihrt
[22:20:32] overlordrusty (uuid: 5fb4dc96-b775-4b7d-93e4-7e62216d0eec): If you want another task you can do the survival text but you dont need to
[22:20:36] Devilcraft (uuid: 84dd21b1-9e5d-41d1-aaca-dd9292db2aa1): sure
[22:20:41] overlordrusty (uuid: 5fb4dc96-b775-4b7d-93e4-7e62216d0eec): awesome
[22:24:49] overlordrusty (uuid: 5fb4dc96-b775-4b7d-93e4-7e62216d0eec): if you feel like you can polish up the other texts feelfree to
[22:24:58] overlordrusty (uuid: 5fb4dc96-b775-4b7d-93e4-7e62216d0eec): bc they aren't the best and you seem really good at tit
[22:25:01] overlordrusty (uuid: 5fb4dc96-b775-4b7d-93e4-7e62216d0eec): it*
[22:25:05] overlordrusty (uuid: 5fb4dc96-b775-4b7d-93e4-7e62216d0eec): WOAH
[22:25:08] Devilcraft (uuid: 84dd21b1-9e5d-41d1-aaca-dd9292db2aa1): thanks and sure
[22:25:16] overlordrusty (uuid: 5fb4dc96-b775-4b7d-93e4-7e62216d0eec): das cooool
[22:25:20] Berckham (uuid: 4601223d-f6ff-48cd-8a8a-b1da570b186a): thanks
[22:25:22] Devilcraft (uuid: 84dd21b1-9e5d-41d1-aaca-dd9292db2aa1): nice fire dude
[22:25:34] Berckham (uuid: 4601223d-f6ff-48cd-8a8a-b1da570b186a): thnx
[22:26:08] overlordrusty (uuid: 5fb4dc96-b775-4b7d-93e4-7e62216d0eec): Once hub has started I want to do factions and kitpvp
[22:26:14] Berckham (uuid: 4601223d-f6ff-48cd-8a8a-b1da570b186a): ye
[22:28:30] overlordrusty (uuid: 5fb4dc96-b775-4b7d-93e4-7e62216d0eec): I meant to say finished sorry
[22:28:48] Berckham (uuid: 4601223d-f6ff-48cd-8a8a-b1da570b186a): i figured
[22:28:50] overlordrusty (uuid: 5fb4dc96-b775-4b7d-93e4-7e62216d0eec): lol
[22:38:45] Devilcraft (uuid: 84dd21b1-9e5d-41d1-aaca-dd9292db2aa1): aight i fixed up the letters
[22:43:39] overlordrusty (uuid: 5fb4dc96-b775-4b7d-93e4-7e62216d0eec): thank you
[22:43:44] overlordrusty (uuid: 5fb4dc96-b775-4b7d-93e4-7e62216d0eec): they look so much better
[22:43:49] Devilcraft (uuid: 84dd21b1-9e5d-41d1-aaca-dd9292db2aa1): yay
[22:43:57] overlordrusty (uuid: 5fb4dc96-b775-4b7d-93e4-7e62216d0eec): yooooo that is so cool
[22:44:10] overlordrusty (uuid: 5fb4dc96-b775-4b7d-93e4-7e62216d0eec): i love this hub
[22:44:20] overlordrusty (uuid: 5fb4dc96-b775-4b7d-93e4-7e62216d0eec): woo
[22:44:26] Devilcraft (uuid: 84dd21b1-9e5d-41d1-aaca-dd9292db2aa1): same
[22:44:35] overlordrusty (uuid: 5fb4dc96-b775-4b7d-93e4-7e62216d0eec): see in the middle of each game portal. what do you think we should put
[22:44:40] overlordrusty (uuid: 5fb4dc96-b775-4b7d-93e4-7e62216d0eec): like a foret type thing?
[22:44:49] Devilcraft (uuid: 84dd21b1-9e5d-41d1-aaca-dd9292db2aa1): wym in the middle
[22:45:08] overlordrusty (uuid: 5fb4dc96-b775-4b7d-93e4-7e62216d0eec): like where i am
[22:45:18] Devilcraft (uuid: 84dd21b1-9e5d-41d1-aaca-dd9292db2aa1): oh between them
[22:45:23] overlordrusty (uuid: 5fb4dc96-b775-4b7d-93e4-7e62216d0eec): yeah
[22:45:25] Devilcraft (uuid: 84dd21b1-9e5d-41d1-aaca-dd9292db2aa1): idrk
[22:46:11] Devilcraft (uuid: 84dd21b1-9e5d-41d1-aaca-dd9292db2aa1): would we have some kind of crates
[22:46:24] overlordrusty (uuid: 5fb4dc96-b775-4b7d-93e4-7e62216d0eec): yes
[22:46:25] Devilcraft (uuid: 84dd21b1-9e5d-41d1-aaca-dd9292db2aa1): we could put that sort of thing in the hub
[22:46:27] overlordrusty (uuid: 5fb4dc96-b775-4b7d-93e4-7e62216d0eec): ill brb
[22:46:32] overlordrusty (uuid: 5fb4dc96-b775-4b7d-93e4-7e62216d0eec): yeag
[22:47:03] Devilcraft (uuid: 84dd21b1-9e5d-41d1-aaca-dd9292db2aa1): the crates for each mode
[22:47:13] Devilcraft (uuid: 84dd21b1-9e5d-41d1-aaca-dd9292db2aa1): like kit pvp crates, survival crates, etc
[22:47:19] Devilcraft (uuid: 84dd21b1-9e5d-41d1-aaca-dd9292db2aa1): one in each area? idk
[22:47:44] overlordrusty (uuid: 5fb4dc96-b775-4b7d-93e4-7e62216d0eec): wait wdym
[22:48:33] Devilcraft (uuid: 84dd21b1-9e5d-41d1-aaca-dd9292db2aa1): would there be separate crates for each game
[22:48:51] Devilcraft (uuid: 84dd21b1-9e5d-41d1-aaca-dd9292db2aa1): because rewards from crates would be different for each right
[22:49:08] Devilcraft (uuid: 84dd21b1-9e5d-41d1-aaca-dd9292db2aa1): like for prison vs kitpvp
[22:50:21] overlordrusty (uuid: 5fb4dc96-b775-4b7d-93e4-7e62216d0eec): waa
[22:50:33] Devilcraft (uuid: 84dd21b1-9e5d-41d1-aaca-dd9292db2aa1): what would come in crates
[22:50:41] Devilcraft (uuid: 84dd21b1-9e5d-41d1-aaca-dd9292db2aa1): more or less
[22:51:03] Devilcraft (uuid: 84dd21b1-9e5d-41d1-aaca-dd9292db2aa1): nvm
[22:51:08] overlordrusty (uuid: 5fb4dc96-b775-4b7d-93e4-7e62216d0eec): im confusio
[22:51:12] overlordrusty (uuid: 5fb4dc96-b775-4b7d-93e4-7e62216d0eec): wdym by crates
[22:51:15] Devilcraft (uuid: 84dd21b1-9e5d-41d1-aaca-dd9292db2aa1): ignore me im dumb
[22:51:19] overlordrusty (uuid: 5fb4dc96-b775-4b7d-93e4-7e62216d0eec): okay XD
[22:51:39] Devilcraft (uuid: 84dd21b1-9e5d-41d1-aaca-dd9292db2aa1): im gonna be off im kinda tired
[22:51:49] Devilcraft (uuid: 84dd21b1-9e5d-41d1-aaca-dd9292db2aa1): i can help out more tmr
[22:51:57] overlordrusty (uuid: 5fb4dc96-b775-4b7d-93e4-7e62216d0eec): okay
[22:52:27] overlordrusty (uuid: 5fb4dc96-b775-4b7d-93e4-7e62216d0eec): this is so good
[22:53:18] Berckham (uuid: 4601223d-f6ff-48cd-8a8a-b1da570b186a): thanks
[22:56:14] overlordrusty (uuid: 5fb4dc96-b775-4b7d-93e4-7e62216d0eec): I will start the inbetween bits tomorrow
[22:56:19] overlordrusty (uuid: 5fb4dc96-b775-4b7d-93e4-7e62216d0eec): not sure what to put tho
[22:57:33] Berckham (uuid: 4601223d-f6ff-48cd-8a8a-b1da570b186a): okay
[22:57:47] Berckham (uuid: 4601223d-f6ff-48cd-8a8a-b1da570b186a): im going to install some shaders ill brb
[23:10:06] overlordrusty (uuid: 5fb4dc96-b775-4b7d-93e4-7e62216d0eec): what shaders you got?
[23:10:14] Berckham (uuid: 4601223d-f6ff-48cd-8a8a-b1da570b186a): jus the deafult
[23:10:18] overlordrusty (uuid: 5fb4dc96-b775-4b7d-93e4-7e62216d0eec): ah
[23:10:20] Berckham (uuid: 4601223d-f6ff-48cd-8a8a-b1da570b186a): and i took some screenshots
[23:10:24] overlordrusty (uuid: 5fb4dc96-b775-4b7d-93e4-7e62216d0eec): noice
[23:10:32] overlordrusty (uuid: 5fb4dc96-b775-4b7d-93e4-7e62216d0eec): I will make a trailer once everything is finished
[23:11:48] overlordrusty (uuid: 5fb4dc96-b775-4b7d-93e4-7e62216d0eec): those nails tho
[23:11:52] Berckham (uuid: 4601223d-f6ff-48cd-8a8a-b1da570b186a): ye
[23:19:15] Berckham (uuid: 4601223d-f6ff-48cd-8a8a-b1da570b186a): i need you opinoin on something
[23:26:49] overlordrusty (uuid: 5fb4dc96-b775-4b7d-93e4-7e62216d0eec): okay
[23:26:51] overlordrusty (uuid: 5fb4dc96-b775-4b7d-93e4-7e62216d0eec): sorry
[23:26:57] overlordrusty (uuid: 5fb4dc96-b775-4b7d-93e4-7e62216d0eec): oops
[23:27:06] Berckham (uuid: 4601223d-f6ff-48cd-8a8a-b1da570b186a): i was wondering if i should put spikes in
[23:27:16] overlordrusty (uuid: 5fb4dc96-b775-4b7d-93e4-7e62216d0eec): like here?
[23:27:28] Berckham (uuid: 4601223d-f6ff-48cd-8a8a-b1da570b186a): like all around where the glass is
[23:27:41] overlordrusty (uuid: 5fb4dc96-b775-4b7d-93e4-7e62216d0eec): what kind of spikes?
[23:27:52] Berckham (uuid: 4601223d-f6ff-48cd-8a8a-b1da570b186a): like this
[23:28:00] overlordrusty (uuid: 5fb4dc96-b775-4b7d-93e4-7e62216d0eec): that looks good
[23:28:12] overlordrusty (uuid: 5fb4dc96-b775-4b7d-93e4-7e62216d0eec): hmmm
[23:28:27] overlordrusty (uuid: 5fb4dc96-b775-4b7d-93e4-7e62216d0eec): what would be the alternative
[23:28:48] Berckham (uuid: 4601223d-f6ff-48cd-8a8a-b1da570b186a): i might do a big octopus
[23:28:52] overlordrusty (uuid: 5fb4dc96-b775-4b7d-93e4-7e62216d0eec): oooooo
[23:28:57] overlordrusty (uuid: 5fb4dc96-b775-4b7d-93e4-7e62216d0eec): that would be epic
[23:28:57] Berckham (uuid: 4601223d-f6ff-48cd-8a8a-b1da570b186a): and the spikes
[23:29:00] overlordrusty (uuid: 5fb4dc96-b775-4b7d-93e4-7e62216d0eec): yes
[23:29:02] overlordrusty (uuid: 5fb4dc96-b775-4b7d-93e4-7e62216d0eec): do thayt
[23:29:04] overlordrusty (uuid: 5fb4dc96-b775-4b7d-93e4-7e62216d0eec): that
[23:29:11] Berckham (uuid: 4601223d-f6ff-48cd-8a8a-b1da570b186a): do you want to help
[23:29:29] overlordrusty (uuid: 5fb4dc96-b775-4b7d-93e4-7e62216d0eec): i could
[23:29:36] overlordrusty (uuid: 5fb4dc96-b775-4b7d-93e4-7e62216d0eec): I dont know how to do the spike thing tho
[23:29:52] Berckham (uuid: 4601223d-f6ff-48cd-8a8a-b1da570b186a): you grab gunpowder and a arrow
[23:30:04] Berckham (uuid: 4601223d-f6ff-48cd-8a8a-b1da570b186a): the do /b line
[23:30:05] overlordrusty (uuid: 5fb4dc96-b775-4b7d-93e4-7e62216d0eec): okau
[23:30:18] Berckham (uuid: 4601223d-f6ff-48cd-8a8a-b1da570b186a): the do /up 1 where you want the tip of the spike
[23:30:34] Berckham (uuid: 4601223d-f6ff-48cd-8a8a-b1da570b186a): then look at the glass and do /v
[23:30:35] overlordrusty (uuid: 5fb4dc96-b775-4b7d-93e4-7e62216d0eec): okay
[23:30:43] overlordrusty (uuid: 5fb4dc96-b775-4b7d-93e4-7e62216d0eec): done
[23:30:49] Berckham (uuid: 4601223d-f6ff-48cd-8a8a-b1da570b186a): and click the block where the tip is with the arrow
[23:31:01] Berckham (uuid: 4601223d-f6ff-48cd-8a8a-b1da570b186a): and click all around the where the base of the spike will be
[23:31:02] overlordrusty (uuid: 5fb4dc96-b775-4b7d-93e4-7e62216d0eec): it broke
[23:31:19] overlordrusty (uuid: 5fb4dc96-b775-4b7d-93e4-7e62216d0eec): okay
[23:31:22] Berckham (uuid: 4601223d-f6ff-48cd-8a8a-b1da570b186a): right click
[23:31:23] overlordrusty (uuid: 5fb4dc96-b775-4b7d-93e4-7e62216d0eec): first point selected
[23:31:38] Berckham (uuid: 4601223d-f6ff-48cd-8a8a-b1da570b186a): with the gun powder click the ground all around
[23:31:45] Berckham (uuid: 4601223d-f6ff-48cd-8a8a-b1da570b186a): ye
[23:31:50] overlordrusty (uuid: 5fb4dc96-b775-4b7d-93e4-7e62216d0eec): sick
[23:31:57] Berckham (uuid: 4601223d-f6ff-48cd-8a8a-b1da570b186a): do /u to undo
[23:32:06] overlordrusty (uuid: 5fb4dc96-b775-4b7d-93e4-7e62216d0eec): okay
[23:32:12] overlordrusty (uuid: 5fb4dc96-b775-4b7d-93e4-7e62216d0eec): how do I change material?
[23:32:24] Berckham (uuid: 4601223d-f6ff-48cd-8a8a-b1da570b186a): . /v
[23:32:30] Berckham (uuid: 4601223d-f6ff-48cd-8a8a-b1da570b186a): look at the ground
[23:32:37] overlordrusty (uuid: 5fb4dc96-b775-4b7d-93e4-7e62216d0eec): ah
[23:32:39] Berckham (uuid: 4601223d-f6ff-48cd-8a8a-b1da570b186a): ye
[23:34:59] overlordrusty (uuid: 5fb4dc96-b775-4b7d-93e4-7e62216d0eec): how do i flip it
[23:35:08] Berckham (uuid: 4601223d-f6ff-48cd-8a8a-b1da570b186a): what do you mean
[23:35:08] overlordrusty (uuid: 5fb4dc96-b775-4b7d-93e4-7e62216d0eec): bc it is pointing in the same direction
[23:35:26] Berckham (uuid: 4601223d-f6ff-48cd-8a8a-b1da570b186a): click where i am
[23:35:34] overlordrusty (uuid: 5fb4dc96-b775-4b7d-93e4-7e62216d0eec): what with?
[23:35:42] Berckham (uuid: 4601223d-f6ff-48cd-8a8a-b1da570b186a): the gun poweder
[23:35:55] Berckham (uuid: 4601223d-f6ff-48cd-8a8a-b1da570b186a): click the block
[23:36:20] Berckham (uuid: 4601223d-f6ff-48cd-8a8a-b1da570b186a): click the purple with the arrow
[23:36:44] Berckham (uuid: 4601223d-f6ff-48cd-8a8a-b1da570b186a): then click where you want to line to go
[23:37:22] overlordrusty (uuid: 5fb4dc96-b775-4b7d-93e4-7e62216d0eec): I ambad
[23:37:37] Berckham (uuid: 4601223d-f6ff-48cd-8a8a-b1da570b186a): its okay it took a while for me to get the hang of it
[23:38:43] overlordrusty (uuid: 5fb4dc96-b775-4b7d-93e4-7e62216d0eec): ahhhh
[23:39:38] overlordrusty (uuid: 5fb4dc96-b775-4b7d-93e4-7e62216d0eec): I get it now
[23:41:14] overlordrusty (uuid: 5fb4dc96-b775-4b7d-93e4-7e62216d0eec): do
[23:41:17] Berckham (uuid: 4601223d-f6ff-48cd-8a8a-b1da570b186a): do
[23:41:24] overlordrusty (uuid: 5fb4dc96-b775-4b7d-93e4-7e62216d0eec): do you think two each corner?
[23:41:32] Berckham (uuid: 4601223d-f6ff-48cd-8a8a-b1da570b186a): huh
[23:41:34] overlordrusty (uuid: 5fb4dc96-b775-4b7d-93e4-7e62216d0eec): spikes
[23:41:42] overlordrusty (uuid: 5fb4dc96-b775-4b7d-93e4-7e62216d0eec): 2 spikes per quaryer
[23:41:43] Berckham (uuid: 4601223d-f6ff-48cd-8a8a-b1da570b186a): yeah probably two
[23:41:45] Berckham (uuid: 4601223d-f6ff-48cd-8a8a-b1da570b186a): ye
[23:41:50] overlordrusty (uuid: 5fb4dc96-b775-4b7d-93e4-7e62216d0eec): okay
[23:41:51] Berckham (uuid: 4601223d-f6ff-48cd-8a8a-b1da570b186a): maybe 3
[23:41:54] overlordrusty (uuid: 5fb4dc96-b775-4b7d-93e4-7e62216d0eec): okay
[23:42:05] overlordrusty (uuid: 5fb4dc96-b775-4b7d-93e4-7e62216d0eec): I will do 2 big ones then a relatively small one
[23:42:11] Berckham (uuid: 4601223d-f6ff-48cd-8a8a-b1da570b186a): ye
[23:44:11] overlordrusty (uuid: 5fb4dc96-b775-4b7d-93e4-7e62216d0eec): that is so cool xD
[23:44:17] Berckham (uuid: 4601223d-f6ff-48cd-8a8a-b1da570b186a): thanks
[23:44:28] overlordrusty (uuid: 5fb4dc96-b775-4b7d-93e4-7e62216d0eec): I will brb need to do some stuff
[23:48:18] Berckham (uuid: 4601223d-f6ff-48cd-8a8a-b1da570b186a): this hub is really cool
[23:48:30] Berckham (uuid: 4601223d-f6ff-48cd-8a8a-b1da570b186a): its the best one ive ever worked on
[23:49:51] overlordrusty (uuid: 5fb4dc96-b775-4b7d-93e4-7e62216d0eec): It is
[23:49:52] overlordrusty (uuid: 5fb4dc96-b775-4b7d-93e4-7e62216d0eec): I love it
[23:50:11] overlordrusty (uuid: 5fb4dc96-b775-4b7d-93e4-7e62216d0eec): aw cool it is grabbing onto the thing
[23:50:16] Berckham (uuid: 4601223d-f6ff-48cd-8a8a-b1da570b186a): yeah
[23:50:23] Berckham (uuid: 4601223d-f6ff-48cd-8a8a-b1da570b186a): and it was really easy to make
[23:50:28] overlordrusty (uuid: 5fb4dc96-b775-4b7d-93e4-7e62216d0eec): yeah
[23:50:34] overlordrusty (uuid: 5fb4dc96-b775-4b7d-93e4-7e62216d0eec): doesnt look it xD
[23:50:54] Berckham (uuid: 4601223d-f6ff-48cd-8a8a-b1da570b186a): the dragons where a pain in the ass though lol
[23:51:05] overlordrusty (uuid: 5fb4dc96-b775-4b7d-93e4-7e62216d0eec): do you think we could have tenticles at each corner?
[23:51:19] overlordrusty (uuid: 5fb4dc96-b775-4b7d-93e4-7e62216d0eec): or do you think it would be too much?
[23:51:31] Berckham (uuid: 4601223d-f6ff-48cd-8a8a-b1da570b186a): i was thinking multiple octopuses or a boat in the opisite conner
[23:51:39] overlordrusty (uuid: 5fb4dc96-b775-4b7d-93e4-7e62216d0eec): yeah
[23:52:12] Berckham (uuid: 4601223d-f6ff-48cd-8a8a-b1da570b186a): you know what ill do a a boat next to him and another octopus across from the other one
[23:52:23] overlordrusty (uuid: 5fb4dc96-b775-4b7d-93e4-7e62216d0eec): Okay, sounds good
[23:52:29] overlordrusty (uuid: 5fb4dc96-b775-4b7d-93e4-7e62216d0eec): I am going to need to go fo tonight
[23:52:37] overlordrusty (uuid: 5fb4dc96-b775-4b7d-93e4-7e62216d0eec): I will see you tomorrow
[23:52:37] Berckham (uuid: 4601223d-f6ff-48cd-8a8a-b1da570b186a): okay
[23:52:41] overlordrusty (uuid: 5fb4dc96-b775-4b7d-93e4-7e62216d0eec): good work today
