[00:32:18] Berckham (uuid: 4601223d-f6ff-48cd-8a8a-b1da570b186a): hey
[00:36:17] Berckham (uuid: 4601223d-f6ff-48cd-8a8a-b1da570b186a): hey
[00:37:05] overlordrusty (uuid: 5fb4dc96-b775-4b7d-93e4-7e62216d0eec): helloa
[00:37:13] overlordrusty (uuid: 5fb4dc96-b775-4b7d-93e4-7e62216d0eec): just showing my dad the lobby
[00:37:16] Berckham (uuid: 4601223d-f6ff-48cd-8a8a-b1da570b186a): what time is it for you
[00:37:18] Berckham (uuid: 4601223d-f6ff-48cd-8a8a-b1da570b186a): nice
[00:37:23] overlordrusty (uuid: 5fb4dc96-b775-4b7d-93e4-7e62216d0eec): 1:37am
[00:37:25] Berckham (uuid: 4601223d-f6ff-48cd-8a8a-b1da570b186a): okay
[00:37:33] Berckham (uuid: 4601223d-f6ff-48cd-8a8a-b1da570b186a): its 8:37 pm for me
[00:37:42] Berckham (uuid: 4601223d-f6ff-48cd-8a8a-b1da570b186a): ill be on in a while but im going for dinner
[00:37:43] overlordrusty (uuid: 5fb4dc96-b775-4b7d-93e4-7e62216d0eec): youve got most of the night ahead of you xD
[00:37:52] Berckham (uuid: 4601223d-f6ff-48cd-8a8a-b1da570b186a): ill see you tomorrow
[00:37:52] overlordrusty (uuid: 5fb4dc96-b775-4b7d-93e4-7e62216d0eec): I will see you later then
[00:37:55] overlordrusty (uuid: 5fb4dc96-b775-4b7d-93e4-7e62216d0eec): byeee
[15:41:28] Berckham (uuid: 4601223d-f6ff-48cd-8a8a-b1da570b186a): hey
[15:41:31] overlordrusty (uuid: 5fb4dc96-b775-4b7d-93e4-7e62216d0eec): hello
[15:41:47] Berckham (uuid: 4601223d-f6ff-48cd-8a8a-b1da570b186a): again sorry for crashing the server lol
[15:41:51] overlordrusty (uuid: 5fb4dc96-b775-4b7d-93e4-7e62216d0eec): It is all good
[15:49:52] overlordrusty (uuid: 5fb4dc96-b775-4b7d-93e4-7e62216d0eec): you are head builder btw
[15:49:59] Berckham (uuid: 4601223d-f6ff-48cd-8a8a-b1da570b186a): thank you so much
[15:50:19] overlordrusty (uuid: 5fb4dc96-b775-4b7d-93e4-7e62216d0eec): You deserve it
[15:55:20] overlordrusty (uuid: 5fb4dc96-b775-4b7d-93e4-7e62216d0eec): hiya
[15:55:24] Berckham (uuid: 4601223d-f6ff-48cd-8a8a-b1da570b186a): hi
[15:55:42] Berckham (uuid: 4601223d-f6ff-48cd-8a8a-b1da570b186a): im just lowering these
[15:55:44] overlordrusty (uuid: 5fb4dc96-b775-4b7d-93e4-7e62216d0eec): I am designing the logo for the serve
[15:55:45] overlordrusty (uuid: 5fb4dc96-b775-4b7d-93e4-7e62216d0eec): okay
[15:55:49] Berckham (uuid: 4601223d-f6ff-48cd-8a8a-b1da570b186a): nice
[15:55:56] overlordrusty (uuid: 5fb4dc96-b775-4b7d-93e4-7e62216d0eec): if you think you can make them better go for it
[16:04:29] Berckham (uuid: 4601223d-f6ff-48cd-8a8a-b1da570b186a): hey
[16:04:33] ItsABigError (uuid: 1d4103ce-e0bc-44f7-8e4e-9c10af12f78a): Hey dude
[16:04:41] Berckham (uuid: 4601223d-f6ff-48cd-8a8a-b1da570b186a): are you a builder?
[16:04:46] overlordrusty (uuid: 5fb4dc96-b775-4b7d-93e4-7e62216d0eec): he is co-owner
[16:04:49] Berckham (uuid: 4601223d-f6ff-48cd-8a8a-b1da570b186a): oh okay
[16:09:38] overlordrusty (uuid: 5fb4dc96-b775-4b7d-93e4-7e62216d0eec): the fuck
[16:09:42] overlordrusty (uuid: 5fb4dc96-b775-4b7d-93e4-7e62216d0eec): wat
[16:09:48] Berckham (uuid: 4601223d-f6ff-48cd-8a8a-b1da570b186a): what
[16:09:49] ItsABigError (uuid: 1d4103ce-e0bc-44f7-8e4e-9c10af12f78a): Gotem
[16:09:52] overlordrusty (uuid: 5fb4dc96-b775-4b7d-93e4-7e62216d0eec): lewis
[16:09:54] overlordrusty (uuid: 5fb4dc96-b775-4b7d-93e4-7e62216d0eec): being weird
[16:10:00] overlordrusty (uuid: 5fb4dc96-b775-4b7d-93e4-7e62216d0eec): why you no speak?
[16:10:21] ItsABigError (uuid: 1d4103ce-e0bc-44f7-8e4e-9c10af12f78a): My mic being stupid
[16:10:58] overlordrusty (uuid: 5fb4dc96-b775-4b7d-93e4-7e62216d0eec): oh
[16:11:07] overlordrusty (uuid: 5fb4dc96-b775-4b7d-93e4-7e62216d0eec): have you plugged your controllerin?
[16:11:11] ItsABigError (uuid: 1d4103ce-e0bc-44f7-8e4e-9c10af12f78a): Ye
[16:11:14] overlordrusty (uuid: 5fb4dc96-b775-4b7d-93e4-7e62216d0eec): and then your mic into the controller
[16:11:21] ItsABigError (uuid: 1d4103ce-e0bc-44f7-8e4e-9c10af12f78a): Ye
[16:11:23] overlordrusty (uuid: 5fb4dc96-b775-4b7d-93e4-7e62216d0eec): oh
[16:11:28] overlordrusty (uuid: 5fb4dc96-b775-4b7d-93e4-7e62216d0eec): change the audio device
[16:21:37] Berckham (uuid: 4601223d-f6ff-48cd-8a8a-b1da570b186a): i have to go and i porbably wont be on again today but ill be on tomorow
[16:21:38] overlordrusty (uuid: 5fb4dc96-b775-4b7d-93e4-7e62216d0eec): ./mvtp (world name)
[16:21:41] overlordrusty (uuid: 5fb4dc96-b775-4b7d-93e4-7e62216d0eec): okay
[16:48:36] overlordrusty (uuid: 5fb4dc96-b775-4b7d-93e4-7e62216d0eec): hiya murray
[16:48:53] ItzMu44aGamer (uuid: 78b84a0a-b59b-4d30-b279-2c832584cd80): Hey russell
[16:49:05] overlordrusty (uuid: 5fb4dc96-b775-4b7d-93e4-7e62216d0eec): looking amazing
[16:49:14] ItzMu44aGamer (uuid: 78b84a0a-b59b-4d30-b279-2c832584cd80): Thnx
[16:50:09] overlordrusty (uuid: 5fb4dc96-b775-4b7d-93e4-7e62216d0eec): remember you only need to do half of it
[16:50:14] ItzMu44aGamer (uuid: 78b84a0a-b59b-4d30-b279-2c832584cd80): Yep
[16:53:03] overlordrusty (uuid: 5fb4dc96-b775-4b7d-93e4-7e62216d0eec): wait
[16:54:59] overlordrusty (uuid: 5fb4dc96-b775-4b7d-93e4-7e62216d0eec): dont worry
[16:55:00] ItzMu44aGamer (uuid: 78b84a0a-b59b-4d30-b279-2c832584cd80): Russell what are you doig?
[16:55:02] overlordrusty (uuid: 5fb4dc96-b775-4b7d-93e4-7e62216d0eec): youll see
[16:55:22] ItzMu44aGamer (uuid: 78b84a0a-b59b-4d30-b279-2c832584cd80): I need the goals anyway
[16:55:22] ItsABigError (uuid: 1d4103ce-e0bc-44f7-8e4e-9c10af12f78a): I have no idea what he's doing
[16:55:29] overlordrusty (uuid: 5fb4dc96-b775-4b7d-93e4-7e62216d0eec): they will be back
[16:55:33] overlordrusty (uuid: 5fb4dc96-b775-4b7d-93e4-7e62216d0eec): dont worry
[16:56:36] ItzMu44aGamer (uuid: 78b84a0a-b59b-4d30-b279-2c832584cd80): I be a min
[16:56:41] overlordrusty (uuid: 5fb4dc96-b775-4b7d-93e4-7e62216d0eec): okay
[16:57:24] ItsABigError (uuid: 1d4103ce-e0bc-44f7-8e4e-9c10af12f78a): Yeet
[16:59:15] overlordrusty (uuid: 5fb4dc96-b775-4b7d-93e4-7e62216d0eec): well done
[16:59:20] ItsABigError (uuid: 1d4103ce-e0bc-44f7-8e4e-9c10af12f78a): Thanks
[16:59:35] overlordrusty (uuid: 5fb4dc96-b775-4b7d-93e4-7e62216d0eec): how tho?
[16:59:43] ItsABigError (uuid: 1d4103ce-e0bc-44f7-8e4e-9c10af12f78a): mvtp to hub
[17:08:23] Devilcraft (uuid: 84dd21b1-9e5d-41d1-aaca-dd9292db2aa1): i have arrived
[17:08:31] overlordrusty (uuid: 5fb4dc96-b775-4b7d-93e4-7e62216d0eec): hello
[17:09:19] Devilcraft (uuid: 84dd21b1-9e5d-41d1-aaca-dd9292db2aa1): so what can i do
[17:09:24] overlordrusty (uuid: 5fb4dc96-b775-4b7d-93e4-7e62216d0eec): one sec
[17:09:26] Devilcraft (uuid: 84dd21b1-9e5d-41d1-aaca-dd9292db2aa1): yep
[17:10:52] overlordrusty (uuid: 5fb4dc96-b775-4b7d-93e4-7e62216d0eec): would you rather build factons hub, kitpvp hub, survival hub or prison hub?
[17:11:12] Devilcraft (uuid: 84dd21b1-9e5d-41d1-aaca-dd9292db2aa1): dont really have a preference
[17:11:26] Devilcraft (uuid: 84dd21b1-9e5d-41d1-aaca-dd9292db2aa1): maybe survival ig
[17:11:29] overlordrusty (uuid: 5fb4dc96-b775-4b7d-93e4-7e62216d0eec): okay
[17:12:05] overlordrusty (uuid: 5fb4dc96-b775-4b7d-93e4-7e62216d0eec): if you're unsure on how you would do it then its fine
[17:12:17] Devilcraft (uuid: 84dd21b1-9e5d-41d1-aaca-dd9292db2aa1): i can figure it out
[17:12:23] overlordrusty (uuid: 5fb4dc96-b775-4b7d-93e4-7e62216d0eec): okay
[17:12:27] Devilcraft (uuid: 84dd21b1-9e5d-41d1-aaca-dd9292db2aa1): ive done hubs before
[17:12:32] overlordrusty (uuid: 5fb4dc96-b775-4b7d-93e4-7e62216d0eec): yeah
[17:13:07] overlordrusty (uuid: 5fb4dc96-b775-4b7d-93e4-7e62216d0eec): you wont be able to move atm
[17:13:16] overlordrusty (uuid: 5fb4dc96-b775-4b7d-93e4-7e62216d0eec): okay do /mvtp Survival
[17:13:19] Devilcraft (uuid: 84dd21b1-9e5d-41d1-aaca-dd9292db2aa1): ah i thought it was just me
[17:13:26] overlordrusty (uuid: 5fb4dc96-b775-4b7d-93e4-7e62216d0eec): lol
[17:13:39] overlordrusty (uuid: 5fb4dc96-b775-4b7d-93e4-7e62216d0eec): build here
[17:13:42] Devilcraft (uuid: 84dd21b1-9e5d-41d1-aaca-dd9292db2aa1): sure
[17:13:49] overlordrusty (uuid: 5fb4dc96-b775-4b7d-93e4-7e62216d0eec): you can use we to get rid of stuff
[17:13:52] Devilcraft (uuid: 84dd21b1-9e5d-41d1-aaca-dd9292db2aa1): yeah
[17:14:02] Devilcraft (uuid: 84dd21b1-9e5d-41d1-aaca-dd9292db2aa1): how big
[17:14:14] overlordrusty (uuid: 5fb4dc96-b775-4b7d-93e4-7e62216d0eec): well, I want there to be a shop n that
[17:14:18] overlordrusty (uuid: 5fb4dc96-b775-4b7d-93e4-7e62216d0eec): so relatively big
[17:15:53] overlordrusty (uuid: 5fb4dc96-b775-4b7d-93e4-7e62216d0eec): That is the new icon in
[17:16:10] overlordrusty (uuid: 5fb4dc96-b775-4b7d-93e4-7e62216d0eec): once the server has been restarted but I will do that later
[17:17:34] Devilcraft (uuid: 84dd21b1-9e5d-41d1-aaca-dd9292db2aa1): lag
[17:18:12] Devilcraft (uuid: 84dd21b1-9e5d-41d1-aaca-dd9292db2aa1): so i was thinking
[17:18:25] Devilcraft (uuid: 84dd21b1-9e5d-41d1-aaca-dd9292db2aa1): the spawn could have multiple levels
[17:18:42] Devilcraft (uuid: 84dd21b1-9e5d-41d1-aaca-dd9292db2aa1): that could give more space for stuff like the shop
[17:21:11] Devilcraft (uuid: 84dd21b1-9e5d-41d1-aaca-dd9292db2aa1): whats petrified wood
[17:21:35] ItsABigError (uuid: 1d4103ce-e0bc-44f7-8e4e-9c10af12f78a): I think
[17:21:49] ItsABigError (uuid: 1d4103ce-e0bc-44f7-8e4e-9c10af12f78a): Oh waitr
[17:22:00] ItsABigError (uuid: 1d4103ce-e0bc-44f7-8e4e-9c10af12f78a): You said petrified>
[17:22:03] Devilcraft (uuid: 84dd21b1-9e5d-41d1-aaca-dd9292db2aa1): its just wood
[17:22:13] Devilcraft (uuid: 84dd21b1-9e5d-41d1-aaca-dd9292db2aa1): but works as stone
[17:22:34] Devilcraft (uuid: 84dd21b1-9e5d-41d1-aaca-dd9292db2aa1): try using an axe then a pick
[17:23:12] ItsABigError (uuid: 1d4103ce-e0bc-44f7-8e4e-9c10af12f78a): Yea, one is slower than the othert
[17:23:19] ItsABigError (uuid: 1d4103ce-e0bc-44f7-8e4e-9c10af12f78a): *other
[17:23:27] Devilcraft (uuid: 84dd21b1-9e5d-41d1-aaca-dd9292db2aa1): yeah its just a retextured stone slab lol
[17:23:34] ItsABigError (uuid: 1d4103ce-e0bc-44f7-8e4e-9c10af12f78a): Yea
[17:24:57] Devilcraft (uuid: 84dd21b1-9e5d-41d1-aaca-dd9292db2aa1): brb
[17:25:09] ItzMu44aGamer (uuid: 78b84a0a-b59b-4d30-b279-2c832584cd80): ok
[17:27:43] ItzMu44aGamer (uuid: 78b84a0a-b59b-4d30-b279-2c832584cd80): Really
[17:27:46] Devilcraft (uuid: 84dd21b1-9e5d-41d1-aaca-dd9292db2aa1): ?
[17:27:59] overlordrusty (uuid: 5fb4dc96-b775-4b7d-93e4-7e62216d0eec): lol
[17:28:04] ItzMu44aGamer (uuid: 78b84a0a-b59b-4d30-b279-2c832584cd80): Not to you Devil
[17:28:12] Devilcraft (uuid: 84dd21b1-9e5d-41d1-aaca-dd9292db2aa1): ah
[17:28:20] ItzMu44aGamer (uuid: 78b84a0a-b59b-4d30-b279-2c832584cd80): It was for Russ
[17:28:26] Devilcraft (uuid: 84dd21b1-9e5d-41d1-aaca-dd9292db2aa1): i was thinkng "is my building that bad?"
[17:28:31] overlordrusty (uuid: 5fb4dc96-b775-4b7d-93e4-7e62216d0eec): xD
[17:28:35] ItsABigError (uuid: 1d4103ce-e0bc-44f7-8e4e-9c10af12f78a): XD
[17:28:54] Devilcraft (uuid: 84dd21b1-9e5d-41d1-aaca-dd9292db2aa1): im just tryin smth out
[17:29:11] overlordrusty (uuid: 5fb4dc96-b775-4b7d-93e4-7e62216d0eec): I like this
[17:29:15] overlordrusty (uuid: 5fb4dc96-b775-4b7d-93e4-7e62216d0eec): so far
[17:29:17] ItzMu44aGamer (uuid: 78b84a0a-b59b-4d30-b279-2c832584cd80): I building a football stadium right now and then Russ decided to troll me
[17:29:19] Devilcraft (uuid: 84dd21b1-9e5d-41d1-aaca-dd9292db2aa1): yay
[17:29:25] Devilcraft (uuid: 84dd21b1-9e5d-41d1-aaca-dd9292db2aa1): lmao
[17:29:51] overlordrusty (uuid: 5fb4dc96-b775-4b7d-93e4-7e62216d0eec): Hopefully element is on so he can give you both the ranks
[17:29:56] overlordrusty (uuid: 5fb4dc96-b775-4b7d-93e4-7e62216d0eec): he is one of the devs
[17:30:12] overlordrusty (uuid: 5fb4dc96-b775-4b7d-93e4-7e62216d0eec): plugins n that
[17:32:18] ItsABigError (uuid: 1d4103ce-e0bc-44f7-8e4e-9c10af12f78a): Nice
[17:32:19] overlordrusty (uuid: 5fb4dc96-b775-4b7d-93e4-7e62216d0eec): mvconfirm
[17:32:28] Devilcraft (uuid: 84dd21b1-9e5d-41d1-aaca-dd9292db2aa1): i havent had the chance to mess around with 1.14 stuf
[17:32:31] Devilcraft (uuid: 84dd21b1-9e5d-41d1-aaca-dd9292db2aa1): so its fun
[17:32:35] ItsABigError (uuid: 1d4103ce-e0bc-44f7-8e4e-9c10af12f78a): Yea?
[17:32:37] ItsABigError (uuid: 1d4103ce-e0bc-44f7-8e4e-9c10af12f78a): It is
[17:33:50] Devilcraft (uuid: 84dd21b1-9e5d-41d1-aaca-dd9292db2aa1): lol the villager trader
[17:34:12] Devilcraft (uuid: 84dd21b1-9e5d-41d1-aaca-dd9292db2aa1): brb
[17:43:37] overlordrusty (uuid: 5fb4dc96-b775-4b7d-93e4-7e62216d0eec): the lag
[17:52:09] Devilcraft (uuid: 84dd21b1-9e5d-41d1-aaca-dd9292db2aa1): bac
[17:52:12] overlordrusty (uuid: 5fb4dc96-b775-4b7d-93e4-7e62216d0eec): hello
[17:52:18] Devilcraft (uuid: 84dd21b1-9e5d-41d1-aaca-dd9292db2aa1): in blac
[17:52:27] overlordrusty (uuid: 5fb4dc96-b775-4b7d-93e4-7e62216d0eec): oh
[17:52:30] Devilcraft (uuid: 84dd21b1-9e5d-41d1-aaca-dd9292db2aa1): lol
[17:53:23] Devilcraft (uuid: 84dd21b1-9e5d-41d1-aaca-dd9292db2aa1): so what is going to be in the survival hub
[17:53:48] Devilcraft (uuid: 84dd21b1-9e5d-41d1-aaca-dd9292db2aa1): a wild portal?
[17:53:53] ItsABigError (uuid: 1d4103ce-e0bc-44f7-8e4e-9c10af12f78a): Yea
[17:54:01] Devilcraft (uuid: 84dd21b1-9e5d-41d1-aaca-dd9292db2aa1): shop?
[17:54:15] overlordrusty (uuid: 5fb4dc96-b775-4b7d-93e4-7e62216d0eec): there will be a shop
[18:04:45] overlordrusty (uuid: 5fb4dc96-b775-4b7d-93e4-7e62216d0eec): I am going to do a quick restart
[18:04:57] Devilcraft (uuid: 84dd21b1-9e5d-41d1-aaca-dd9292db2aa1): sure thing boss
[18:05:03] ItzMu44aGamer (uuid: 78b84a0a-b59b-4d30-b279-2c832584cd80): Okay Master
[18:08:29] Berckham (uuid: 4601223d-f6ff-48cd-8a8a-b1da570b186a): hey
[18:08:32] Devilcraft (uuid: 84dd21b1-9e5d-41d1-aaca-dd9292db2aa1): welcome back head builder
[18:08:34] ItzMu44aGamer (uuid: 78b84a0a-b59b-4d30-b279-2c832584cd80): Hi
[18:08:48] overlordrusty (uuid: 5fb4dc96-b775-4b7d-93e4-7e62216d0eec): AYYYYYYYY
[18:08:58] Berckham (uuid: 4601223d-f6ff-48cd-8a8a-b1da570b186a): what is this for
[18:09:24] overlordrusty (uuid: 5fb4dc96-b775-4b7d-93e4-7e62216d0eec): it is possibly going to be a mini game
[18:09:27] Berckham (uuid: 4601223d-f6ff-48cd-8a8a-b1da570b186a): cool
[18:09:35] ItzMu44aGamer (uuid: 78b84a0a-b59b-4d30-b279-2c832584cd80): Yeah
[18:09:45] ItzMu44aGamer (uuid: 78b84a0a-b59b-4d30-b279-2c832584cd80): What you do think?
[18:10:01] Berckham (uuid: 4601223d-f6ff-48cd-8a8a-b1da570b186a): its good
[18:10:05] ItzMu44aGamer (uuid: 78b84a0a-b59b-4d30-b279-2c832584cd80): thanks
[18:10:08] Berckham (uuid: 4601223d-f6ff-48cd-8a8a-b1da570b186a): what is this Devilcraft
[18:10:14] Devilcraft (uuid: 84dd21b1-9e5d-41d1-aaca-dd9292db2aa1): survival stuff
[18:10:18] Berckham (uuid: 4601223d-f6ff-48cd-8a8a-b1da570b186a): cool
[18:10:24] Devilcraft (uuid: 84dd21b1-9e5d-41d1-aaca-dd9292db2aa1): ye
[18:10:32] Berckham (uuid: 4601223d-f6ff-48cd-8a8a-b1da570b186a): Russ
[18:10:38] Berckham (uuid: 4601223d-f6ff-48cd-8a8a-b1da570b186a): can i start factions
[18:11:05] overlordrusty (uuid: 5fb4dc96-b775-4b7d-93e4-7e62216d0eec): yes
[18:11:12] overlordrusty (uuid: 5fb4dc96-b775-4b7d-93e4-7e62216d0eec): please do
[18:11:18] Berckham (uuid: 4601223d-f6ff-48cd-8a8a-b1da570b186a): okay
[18:11:30] Berckham (uuid: 4601223d-f6ff-48cd-8a8a-b1da570b186a): is there a world for that
[18:11:44] overlordrusty (uuid: 5fb4dc96-b775-4b7d-93e4-7e62216d0eec): ./mvtp factions
[18:11:51] Berckham (uuid: 4601223d-f6ff-48cd-8a8a-b1da570b186a): okay
[18:12:03] overlordrusty (uuid: 5fb4dc96-b775-4b7d-93e4-7e62216d0eec): just delete any past structure you see
[18:12:09] Berckham (uuid: 4601223d-f6ff-48cd-8a8a-b1da570b186a): okay
[18:13:02] Berckham (uuid: 4601223d-f6ff-48cd-8a8a-b1da570b186a): the factions spawn will take a while btw
[18:13:07] overlordrusty (uuid: 5fb4dc96-b775-4b7d-93e4-7e62216d0eec): okay
[18:22:37] ItsABigError (uuid: 1d4103ce-e0bc-44f7-8e4e-9c10af12f78a): Hy Berck
[18:22:44] Berckham (uuid: 4601223d-f6ff-48cd-8a8a-b1da570b186a): hey
[18:22:54] overlordrusty (uuid: 5fb4dc96-b775-4b7d-93e4-7e62216d0eec): heylo
[18:22:54] overlordrusty (uuid: 5fb4dc96-b775-4b7d-93e4-7e62216d0eec): I am getting lag
[18:23:02] Berckham (uuid: 4601223d-f6ff-48cd-8a8a-b1da570b186a): dame
[18:23:02] Berckham (uuid: 4601223d-f6ff-48cd-8a8a-b1da570b186a): same
[18:23:02] Devilcraft (uuid: 84dd21b1-9e5d-41d1-aaca-dd9292db2aa1): me2
[18:23:19] Devilcraft (uuid: 84dd21b1-9e5d-41d1-aaca-dd9292db2aa1): so much lag
[18:23:30] ItsABigError (uuid: 1d4103ce-e0bc-44f7-8e4e-9c10af12f78a): Just bare with me
[18:23:30] Berckham (uuid: 4601223d-f6ff-48cd-8a8a-b1da570b186a): yeah idk
[18:23:37] Berckham (uuid: 4601223d-f6ff-48cd-8a8a-b1da570b186a): can you restart the server
[18:23:47] overlordrusty (uuid: 5fb4dc96-b775-4b7d-93e4-7e62216d0eec): yeah
[18:23:47] ItsABigError (uuid: 1d4103ce-e0bc-44f7-8e4e-9c10af12f78a): Ye
[18:23:47] ItsABigError (uuid: 1d4103ce-e0bc-44f7-8e4e-9c10af12f78a): Trying to paste a KitPVP thing
[18:24:05] Berckham (uuid: 4601223d-f6ff-48cd-8a8a-b1da570b186a): okay
[18:26:44] Berckham (uuid: 4601223d-f6ff-48cd-8a8a-b1da570b186a): wtf
[18:26:44] overlordrusty (uuid: 5fb4dc96-b775-4b7d-93e4-7e62216d0eec): in a few moments it may lag a lot
[18:26:51] Berckham (uuid: 4601223d-f6ff-48cd-8a8a-b1da570b186a): okay
[18:27:03] overlordrusty (uuid: 5fb4dc96-b775-4b7d-93e4-7e62216d0eec): I am loading a big schematic
[18:27:12] Berckham (uuid: 4601223d-f6ff-48cd-8a8a-b1da570b186a): okay let me know when you are done
[18:27:15] overlordrusty (uuid: 5fb4dc96-b775-4b7d-93e4-7e62216d0eec): okay
[18:27:35] Berckham (uuid: 4601223d-f6ff-48cd-8a8a-b1da570b186a): im probably going to do the factions spawn when i get back, cya
[18:27:40] overlordrusty (uuid: 5fb4dc96-b775-4b7d-93e4-7e62216d0eec): okay
[18:27:41] overlordrusty (uuid: 5fb4dc96-b775-4b7d-93e4-7e62216d0eec): cya
[18:32:42] Devilcraft (uuid: 84dd21b1-9e5d-41d1-aaca-dd9292db2aa1): yo russ
[18:32:51] Devilcraft (uuid: 84dd21b1-9e5d-41d1-aaca-dd9292db2aa1): u there
[18:32:58] overlordrusty (uuid: 5fb4dc96-b775-4b7d-93e4-7e62216d0eec): hello
[18:33:10] Devilcraft (uuid: 84dd21b1-9e5d-41d1-aaca-dd9292db2aa1): what would the wild portal be
[18:33:16] overlordrusty (uuid: 5fb4dc96-b775-4b7d-93e4-7e62216d0eec): wdym
[18:33:21] Devilcraft (uuid: 84dd21b1-9e5d-41d1-aaca-dd9292db2aa1): nether portal
[18:33:21] overlordrusty (uuid: 5fb4dc96-b775-4b7d-93e4-7e62216d0eec): what will it look like?
[18:33:23] overlordrusty (uuid: 5fb4dc96-b775-4b7d-93e4-7e62216d0eec): aww
[18:33:24] overlordrusty (uuid: 5fb4dc96-b775-4b7d-93e4-7e62216d0eec): end
[18:33:28] Devilcraft (uuid: 84dd21b1-9e5d-41d1-aaca-dd9292db2aa1): kk
[18:33:29] overlordrusty (uuid: 5fb4dc96-b775-4b7d-93e4-7e62216d0eec): most likely
[18:33:36] Devilcraft (uuid: 84dd21b1-9e5d-41d1-aaca-dd9292db2aa1): will there be a portal back to hub
[18:34:09] overlordrusty (uuid: 5fb4dc96-b775-4b7d-93e4-7e62216d0eec): yeah
[18:34:18] Devilcraft (uuid: 84dd21b1-9e5d-41d1-aaca-dd9292db2aa1): that would be nether portal right
[18:34:28] overlordrusty (uuid: 5fb4dc96-b775-4b7d-93e4-7e62216d0eec): not really bothered
[18:34:28] Berckham (uuid: 4601223d-f6ff-48cd-8a8a-b1da570b186a): sorry
[18:34:31] Devilcraft (uuid: 84dd21b1-9e5d-41d1-aaca-dd9292db2aa1): kk
[18:34:45] Devilcraft (uuid: 84dd21b1-9e5d-41d1-aaca-dd9292db2aa1): rip
[18:34:55] overlordrusty (uuid: 5fb4dc96-b775-4b7d-93e4-7e62216d0eec): wat
[18:35:01] Devilcraft (uuid: 84dd21b1-9e5d-41d1-aaca-dd9292db2aa1): lagg
[18:36:04] Berckham (uuid: 4601223d-f6ff-48cd-8a8a-b1da570b186a): lagg
[18:36:12] overlordrusty (uuid: 5fb4dc96-b775-4b7d-93e4-7e62216d0eec): yeah our bad
[18:36:23] overlordrusty (uuid: 5fb4dc96-b775-4b7d-93e4-7e62216d0eec): sorry
[18:36:23] ItsABigError (uuid: 1d4103ce-e0bc-44f7-8e4e-9c10af12f78a): Yea sorry
[18:36:30] Berckham (uuid: 4601223d-f6ff-48cd-8a8a-b1da570b186a): no and me
[18:42:35] Berckham (uuid: 4601223d-f6ff-48cd-8a8a-b1da570b186a): you know you can just coppy the other side
[18:42:45] Berckham (uuid: 4601223d-f6ff-48cd-8a8a-b1da570b186a): are you going to have each side the same?
[18:42:48] overlordrusty (uuid: 5fb4dc96-b775-4b7d-93e4-7e62216d0eec): that is wat im bout to do
[18:42:52] Berckham (uuid: 4601223d-f6ff-48cd-8a8a-b1da570b186a): ah
[18:42:53] Berckham (uuid: 4601223d-f6ff-48cd-8a8a-b1da570b186a): okay
[18:42:56] Berckham (uuid: 4601223d-f6ff-48cd-8a8a-b1da570b186a): cool cool
[18:44:51] Berckham (uuid: 4601223d-f6ff-48cd-8a8a-b1da570b186a): looks awesome
[18:45:13] overlordrusty (uuid: 5fb4dc96-b775-4b7d-93e4-7e62216d0eec): it does
[18:46:45] overlordrusty (uuid: 5fb4dc96-b775-4b7d-93e4-7e62216d0eec): it does
[18:47:20] Berckham (uuid: 4601223d-f6ff-48cd-8a8a-b1da570b186a): for factions do you need a shop and crates
[18:47:23] overlordrusty (uuid: 5fb4dc96-b775-4b7d-93e4-7e62216d0eec): yes
[18:47:29] Berckham (uuid: 4601223d-f6ff-48cd-8a8a-b1da570b186a): how big of a shop
[18:47:37] overlordrusty (uuid: 5fb4dc96-b775-4b7d-93e4-7e62216d0eec): dont actuallt know
[18:47:41] Berckham (uuid: 4601223d-f6ff-48cd-8a8a-b1da570b186a): okay
[18:47:51] Berckham (uuid: 4601223d-f6ff-48cd-8a8a-b1da570b186a): think about it and let me know becuase im not starting yet
[18:47:51] overlordrusty (uuid: 5fb4dc96-b775-4b7d-93e4-7e62216d0eec): relatvely big
[18:47:54] Berckham (uuid: 4601223d-f6ff-48cd-8a8a-b1da570b186a): okay
[18:48:31] Berckham (uuid: 4601223d-f6ff-48cd-8a8a-b1da570b186a): just so you know im doing a medival castel
[18:48:39] Berckham (uuid: 4601223d-f6ff-48cd-8a8a-b1da570b186a): castle
[18:49:39] overlordrusty (uuid: 5fb4dc96-b775-4b7d-93e4-7e62216d0eec): okay
[18:49:40] overlordrusty (uuid: 5fb4dc96-b775-4b7d-93e4-7e62216d0eec): that is fine
[18:49:44] Berckham (uuid: 4601223d-f6ff-48cd-8a8a-b1da570b186a): okay cool
[18:50:35] Berckham (uuid: 4601223d-f6ff-48cd-8a8a-b1da570b186a): okay cya guys later
[18:50:38] ItsABigError (uuid: 1d4103ce-e0bc-44f7-8e4e-9c10af12f78a): Cya
[20:28:25] overlordrusty (uuid: 5fb4dc96-b775-4b7d-93e4-7e62216d0eec): you could probably make it taller nad branch it out
[20:28:26] Devilcraft (uuid: 84dd21b1-9e5d-41d1-aaca-dd9292db2aa1): wb
[20:28:33] Devilcraft (uuid: 84dd21b1-9e5d-41d1-aaca-dd9292db2aa1): well ill have to do that later
[20:28:36] Devilcraft (uuid: 84dd21b1-9e5d-41d1-aaca-dd9292db2aa1): i gotta dash
[20:28:36] overlordrusty (uuid: 5fb4dc96-b775-4b7d-93e4-7e62216d0eec): yeah
[20:28:40] overlordrusty (uuid: 5fb4dc96-b775-4b7d-93e4-7e62216d0eec): just an idea
[20:28:40] Devilcraft (uuid: 84dd21b1-9e5d-41d1-aaca-dd9292db2aa1): cya
[20:28:43] overlordrusty (uuid: 5fb4dc96-b775-4b7d-93e4-7e62216d0eec): cya
[21:55:14] Devilcraft (uuid: 84dd21b1-9e5d-41d1-aaca-dd9292db2aa1): .
[22:09:41] Devilcraft (uuid: 84dd21b1-9e5d-41d1-aaca-dd9292db2aa1): o hi
[22:09:43] Devilcraft (uuid: 84dd21b1-9e5d-41d1-aaca-dd9292db2aa1): oo
[22:10:06] Devilcraft (uuid: 84dd21b1-9e5d-41d1-aaca-dd9292db2aa1): :D
[22:10:20] Devilcraft (uuid: 84dd21b1-9e5d-41d1-aaca-dd9292db2aa1): like what
[22:10:22] Devilcraft (uuid: 84dd21b1-9e5d-41d1-aaca-dd9292db2aa1): the rank?
[22:10:33] Devilcraft (uuid: 84dd21b1-9e5d-41d1-aaca-dd9292db2aa1): hell yea
[22:10:48] Devilcraft (uuid: 84dd21b1-9e5d-41d1-aaca-dd9292db2aa1): i hate trees
[22:11:08] Devilcraft (uuid: 84dd21b1-9e5d-41d1-aaca-dd9292db2aa1): youre not in game tho right
[22:11:21] Devilcraft (uuid: 84dd21b1-9e5d-41d1-aaca-dd9292db2aa1): oh
[22:11:35] Devilcraft (uuid: 84dd21b1-9e5d-41d1-aaca-dd9292db2aa1): well im doing the survival hub
[22:11:57] Devilcraft (uuid: 84dd21b1-9e5d-41d1-aaca-dd9292db2aa1): no
[22:13:23] Devilcraft (uuid: 84dd21b1-9e5d-41d1-aaca-dd9292db2aa1): yee
[22:14:19] overlordrusty (uuid: 5fb4dc96-b775-4b7d-93e4-7e62216d0eec): hello
[22:14:21] Devilcraft (uuid: 84dd21b1-9e5d-41d1-aaca-dd9292db2aa1): hi
[22:14:28] overlordrusty (uuid: 5fb4dc96-b775-4b7d-93e4-7e62216d0eec): moist you got the rank
[22:14:33] Devilcraft (uuid: 84dd21b1-9e5d-41d1-aaca-dd9292db2aa1): yessir
[22:14:39] overlordrusty (uuid: 5fb4dc96-b775-4b7d-93e4-7e62216d0eec): wat tf is TAB
[22:14:49] overlordrusty (uuid: 5fb4dc96-b775-4b7d-93e4-7e62216d0eec): wit is tab
[22:15:24] overlordrusty (uuid: 5fb4dc96-b775-4b7d-93e4-7e62216d0eec): WHATS TAB
[22:15:28] Element_85 (uuid: 3b5c7f35-2922-46b3-bafa-82f0f500643f): google it
[22:15:42] overlordrusty (uuid: 5fb4dc96-b775-4b7d-93e4-7e62216d0eec): awwww
[22:15:50] overlordrusty (uuid: 5fb4dc96-b775-4b7d-93e4-7e62216d0eec): is it for the player count thing
[22:15:57] Element_85 (uuid: 3b5c7f35-2922-46b3-bafa-82f0f500643f): sorta
[22:15:57] overlordrusty (uuid: 5fb4dc96-b775-4b7d-93e4-7e62216d0eec): when you hold tab? xD
[22:16:00] Element_85 (uuid: 3b5c7f35-2922-46b3-bafa-82f0f500643f): yes
[22:16:02] overlordrusty (uuid: 5fb4dc96-b775-4b7d-93e4-7e62216d0eec): awww
[22:16:03] overlordrusty (uuid: 5fb4dc96-b775-4b7d-93e4-7e62216d0eec): im stupid
[22:16:09] Element_85 (uuid: 3b5c7f35-2922-46b3-bafa-82f0f500643f): except its custom
[22:16:14] overlordrusty (uuid: 5fb4dc96-b775-4b7d-93e4-7e62216d0eec): it is for 1.12
[22:16:17] Element_85 (uuid: 3b5c7f35-2922-46b3-bafa-82f0f500643f): installlllllllllll it pls :)
[22:16:17] overlordrusty (uuid: 5fb4dc96-b775-4b7d-93e4-7e62216d0eec): it should still work
[22:16:23] Element_85 (uuid: 3b5c7f35-2922-46b3-bafa-82f0f500643f): also
[22:16:29] Devilcraft (uuid: 84dd21b1-9e5d-41d1-aaca-dd9292db2aa1): treedone
[22:16:35] Element_85 (uuid: 3b5c7f35-2922-46b3-bafa-82f0f500643f): i dont wanna tear down the whole tree, but i can fix it
[22:16:42] Devilcraft (uuid: 84dd21b1-9e5d-41d1-aaca-dd9292db2aa1): go ahead
[22:16:43] Element_85 (uuid: 3b5c7f35-2922-46b3-bafa-82f0f500643f): by tearing it all dowm
[22:16:45] Element_85 (uuid: 3b5c7f35-2922-46b3-bafa-82f0f500643f): ?
[22:16:50] Devilcraft (uuid: 84dd21b1-9e5d-41d1-aaca-dd9292db2aa1): if u want
[22:16:50] Element_85 (uuid: 3b5c7f35-2922-46b3-bafa-82f0f500643f): ill save it in case
[22:16:55] Devilcraft (uuid: 84dd21b1-9e5d-41d1-aaca-dd9292db2aa1): i could do this in like 2 minutes
[22:16:58] Devilcraft (uuid: 84dd21b1-9e5d-41d1-aaca-dd9292db2aa1): its bad
[22:16:59] Devilcraft (uuid: 84dd21b1-9e5d-41d1-aaca-dd9292db2aa1): d
[22:17:11] overlordrusty (uuid: 5fb4dc96-b775-4b7d-93e4-7e62216d0eec): thats the plugin in the folder element
[22:17:23] Element_85 (uuid: 3b5c7f35-2922-46b3-bafa-82f0f500643f): huh?
[22:17:28] overlordrusty (uuid: 5fb4dc96-b775-4b7d-93e4-7e62216d0eec): I installed it
[22:17:33] Element_85 (uuid: 3b5c7f35-2922-46b3-bafa-82f0f500643f): kk
[22:17:37] Element_85 (uuid: 3b5c7f35-2922-46b3-bafa-82f0f500643f): dont relaod yet
[22:17:43] overlordrusty (uuid: 5fb4dc96-b775-4b7d-93e4-7e62216d0eec): I wont
[22:17:50] overlordrusty (uuid: 5fb4dc96-b775-4b7d-93e4-7e62216d0eec): reloading messed up we anyways
[22:17:54] overlordrusty (uuid: 5fb4dc96-b775-4b7d-93e4-7e62216d0eec): so i need to restart
[22:19:01] Element_85 (uuid: 3b5c7f35-2922-46b3-bafa-82f0f500643f): aw fuck
[22:19:06] overlordrusty (uuid: 5fb4dc96-b775-4b7d-93e4-7e62216d0eec): wat you do
[22:19:14] overlordrusty (uuid: 5fb4dc96-b775-4b7d-93e4-7e62216d0eec): wat you do
[22:19:14] Element_85 (uuid: 3b5c7f35-2922-46b3-bafa-82f0f500643f): im having thumb palpatations
[22:19:19] overlordrusty (uuid: 5fb4dc96-b775-4b7d-93e4-7e62216d0eec): oh?
[22:19:47] Element_85 (uuid: 3b5c7f35-2922-46b3-bafa-82f0f500643f): undo pls
[22:19:53] overlordrusty (uuid: 5fb4dc96-b775-4b7d-93e4-7e62216d0eec): just to keep mobs away
[22:19:56] Element_85 (uuid: 3b5c7f35-2922-46b3-bafa-82f0f500643f): wait
[22:19:58] Element_85 (uuid: 3b5c7f35-2922-46b3-bafa-82f0f500643f): undo it
[22:19:58] Devilcraft (uuid: 84dd21b1-9e5d-41d1-aaca-dd9292db2aa1): but there was floor
[22:20:04] overlordrusty (uuid: 5fb4dc96-b775-4b7d-93e4-7e62216d0eec): aw yeah
[22:20:06] overlordrusty (uuid: 5fb4dc96-b775-4b7d-93e4-7e62216d0eec): sorry
[22:21:05] Element_85 (uuid: 3b5c7f35-2922-46b3-bafa-82f0f500643f): story time
[22:21:06] Element_85 (uuid: 3b5c7f35-2922-46b3-bafa-82f0f500643f): so
[22:21:14] Element_85 (uuid: 3b5c7f35-2922-46b3-bafa-82f0f500643f): my neighbor
[22:21:17] Element_85 (uuid: 3b5c7f35-2922-46b3-bafa-82f0f500643f): was being robbed
[22:21:25] Element_85 (uuid: 3b5c7f35-2922-46b3-bafa-82f0f500643f): by a 15 year old, 16 and 18
[22:21:25] overlordrusty (uuid: 5fb4dc96-b775-4b7d-93e4-7e62216d0eec): okay
[22:21:29] overlordrusty (uuid: 5fb4dc96-b775-4b7d-93e4-7e62216d0eec): .o.
[22:21:30] Element_85 (uuid: 3b5c7f35-2922-46b3-bafa-82f0f500643f): all were packing
[22:21:37] Element_85 (uuid: 3b5c7f35-2922-46b3-bafa-82f0f500643f): and he chased them
[22:21:41] Element_85 (uuid: 3b5c7f35-2922-46b3-bafa-82f0f500643f): they shot at him
[22:21:44] overlordrusty (uuid: 5fb4dc96-b775-4b7d-93e4-7e62216d0eec): oof
[22:21:47] overlordrusty (uuid: 5fb4dc96-b775-4b7d-93e4-7e62216d0eec): was this today?/
[22:21:56] Element_85 (uuid: 3b5c7f35-2922-46b3-bafa-82f0f500643f): and he shot back, hit their car 6 times and the 15 in the leg
[22:22:01] Element_85 (uuid: 3b5c7f35-2922-46b3-bafa-82f0f500643f): all got arrested
[22:22:05] overlordrusty (uuid: 5fb4dc96-b775-4b7d-93e4-7e62216d0eec): jesus
[22:22:07] Element_85 (uuid: 3b5c7f35-2922-46b3-bafa-82f0f500643f): hes the most badass dude ever
[22:22:10] overlordrusty (uuid: 5fb4dc96-b775-4b7d-93e4-7e62216d0eec): hehe
[22:22:10] Devilcraft (uuid: 84dd21b1-9e5d-41d1-aaca-dd9292db2aa1): damn
[22:22:14] overlordrusty (uuid: 5fb4dc96-b775-4b7d-93e4-7e62216d0eec): today?
[22:22:17] Element_85 (uuid: 3b5c7f35-2922-46b3-bafa-82f0f500643f): i go over to his house for bbq
[22:22:19] Element_85 (uuid: 3b5c7f35-2922-46b3-bafa-82f0f500643f): last night
[22:22:24] overlordrusty (uuid: 5fb4dc96-b775-4b7d-93e4-7e62216d0eec): fekin ell
[22:22:30] Element_85 (uuid: 3b5c7f35-2922-46b3-bafa-82f0f500643f): its america
[22:22:32] Element_85 (uuid: 3b5c7f35-2922-46b3-bafa-82f0f500643f): so
[22:22:50] overlordrusty (uuid: 5fb4dc96-b775-4b7d-93e4-7e62216d0eec): true
[22:22:53] overlordrusty (uuid: 5fb4dc96-b775-4b7d-93e4-7e62216d0eec): merica
[22:22:57] overlordrusty (uuid: 5fb4dc96-b775-4b7d-93e4-7e62216d0eec): m'rica
[22:23:06] Devilcraft (uuid: 84dd21b1-9e5d-41d1-aaca-dd9292db2aa1): murca
[22:25:41] Element_85 (uuid: 3b5c7f35-2922-46b3-bafa-82f0f500643f): k
[22:25:43] overlordrusty (uuid: 5fb4dc96-b775-4b7d-93e4-7e62216d0eec): wat
[22:25:46] overlordrusty (uuid: 5fb4dc96-b775-4b7d-93e4-7e62216d0eec): xD
[22:25:58] overlordrusty (uuid: 5fb4dc96-b775-4b7d-93e4-7e62216d0eec): I am just checking to see if the icon has loaded one sec
[22:26:11] overlordrusty (uuid: 5fb4dc96-b775-4b7d-93e4-7e62216d0eec): It will appear when I restart
[22:26:32] Element_85 (uuid: 3b5c7f35-2922-46b3-bafa-82f0f500643f): tree is done
[22:26:35] overlordrusty (uuid: 5fb4dc96-b775-4b7d-93e4-7e62216d0eec): I like
[22:26:39] Devilcraft (uuid: 84dd21b1-9e5d-41d1-aaca-dd9292db2aa1): accidentally made a swastika fuc
[22:26:39] Element_85 (uuid: 3b5c7f35-2922-46b3-bafa-82f0f500643f): is it better or do u like the old
[22:26:45] overlordrusty (uuid: 5fb4dc96-b775-4b7d-93e4-7e62216d0eec): xD
[22:26:48] Devilcraft (uuid: 84dd21b1-9e5d-41d1-aaca-dd9292db2aa1): its better imo
[22:26:51] overlordrusty (uuid: 5fb4dc96-b775-4b7d-93e4-7e62216d0eec): It is
[22:26:59] overlordrusty (uuid: 5fb4dc96-b775-4b7d-93e4-7e62216d0eec): do yal want to see kitpvp?
[22:27:04] overlordrusty (uuid: 5fb4dc96-b775-4b7d-93e4-7e62216d0eec): ./mvtp kitpvp
[22:27:35] Element_85 (uuid: 3b5c7f35-2922-46b3-bafa-82f0f500643f): wow schematic huh
[22:27:40] overlordrusty (uuid: 5fb4dc96-b775-4b7d-93e4-7e62216d0eec): NOOOOOOO XD
[22:27:53] Element_85 (uuid: 3b5c7f35-2922-46b3-bafa-82f0f500643f): 100% schem
[22:27:55] overlordrusty (uuid: 5fb4dc96-b775-4b7d-93e4-7e62216d0eec): I mean if someone can build a better one then go for it
[22:28:22] Element_85 (uuid: 3b5c7f35-2922-46b3-bafa-82f0f500643f): how tf are we making all this progress fast asf
[22:28:24] Devilcraft (uuid: 84dd21b1-9e5d-41d1-aaca-dd9292db2aa1): i swear ive played this map before
[22:28:31] overlordrusty (uuid: 5fb4dc96-b775-4b7d-93e4-7e62216d0eec): you probably have tbh
[22:28:36] overlordrusty (uuid: 5fb4dc96-b775-4b7d-93e4-7e62216d0eec): and we are just fast
[22:28:56] Element_85 (uuid: 3b5c7f35-2922-46b3-bafa-82f0f500643f): ive done a fukton of work btw
[22:29:06] overlordrusty (uuid: 5fb4dc96-b775-4b7d-93e4-7e62216d0eec): what like>?
[22:29:12] Element_85 (uuid: 3b5c7f35-2922-46b3-bafa-82f0f500643f): restart the server por favor
[22:29:16] overlordrusty (uuid: 5fb4dc96-b775-4b7d-93e4-7e62216d0eec): I am not challenging you im just curious
[22:29:18] overlordrusty (uuid: 5fb4dc96-b775-4b7d-93e4-7e62216d0eec): okay
[22:30:36] Element_85 (uuid: 3b5c7f35-2922-46b3-bafa-82f0f500643f): hola
[22:30:43] Devilcraft (uuid: 84dd21b1-9e5d-41d1-aaca-dd9292db2aa1): aloha
[22:30:48] Element_85 (uuid: 3b5c7f35-2922-46b3-bafa-82f0f500643f): yo no hable ingles
[22:30:56] Devilcraft (uuid: 84dd21b1-9e5d-41d1-aaca-dd9292db2aa1): lol i speak spanish
[22:30:59] Devilcraft (uuid: 84dd21b1-9e5d-41d1-aaca-dd9292db2aa1): no spik inglis
[22:31:05] Element_85 (uuid: 3b5c7f35-2922-46b3-bafa-82f0f500643f): hablas espanol?
[22:31:10] Devilcraft (uuid: 84dd21b1-9e5d-41d1-aaca-dd9292db2aa1): si
[22:31:13] Element_85 (uuid: 3b5c7f35-2922-46b3-bafa-82f0f500643f): buen
[22:31:22] Devilcraft (uuid: 84dd21b1-9e5d-41d1-aaca-dd9292db2aa1): tengo familia en españa
[22:31:23] overlordrusty (uuid: 5fb4dc96-b775-4b7d-93e4-7e62216d0eec): heroo
[22:31:25] Element_85 (uuid: 3b5c7f35-2922-46b3-bafa-82f0f500643f): wb papi
[22:31:36] Devilcraft (uuid: 84dd21b1-9e5d-41d1-aaca-dd9292db2aa1): wilkommen
[22:31:40] Element_85 (uuid: 3b5c7f35-2922-46b3-bafa-82f0f500643f): oh
[22:31:41] Element_85 (uuid: 3b5c7f35-2922-46b3-bafa-82f0f500643f): uh
[22:31:44] Element_85 (uuid: 3b5c7f35-2922-46b3-bafa-82f0f500643f): were gonna
[22:31:46] overlordrusty (uuid: 5fb4dc96-b775-4b7d-93e4-7e62216d0eec): ?
[22:31:46] Element_85 (uuid: 3b5c7f35-2922-46b3-bafa-82f0f500643f): need papi
[22:31:54] Element_85 (uuid: 3b5c7f35-2922-46b3-bafa-82f0f500643f): placeholderapi
[22:32:05] overlordrusty (uuid: 5fb4dc96-b775-4b7d-93e4-7e62216d0eec): wat
[22:32:30] Devilcraft (uuid: 84dd21b1-9e5d-41d1-aaca-dd9292db2aa1): oops
[22:32:40] overlordrusty (uuid: 5fb4dc96-b775-4b7d-93e4-7e62216d0eec): wd xD
[22:32:57] overlordrusty (uuid: 5fb4dc96-b775-4b7d-93e4-7e62216d0eec): woo
[22:33:17] overlordrusty (uuid: 5fb4dc96-b775-4b7d-93e4-7e62216d0eec): one sec
[22:33:25] Element_85 (uuid: 3b5c7f35-2922-46b3-bafa-82f0f500643f): so tab isnt working
[22:33:32] Element_85 (uuid: 3b5c7f35-2922-46b3-bafa-82f0f500643f): kinky mmmmm
[22:34:23] Devilcraft (uuid: 84dd21b1-9e5d-41d1-aaca-dd9292db2aa1): ouch
[22:34:26] overlordrusty (uuid: 5fb4dc96-b775-4b7d-93e4-7e62216d0eec): oh
[22:34:56] Element_85 (uuid: 3b5c7f35-2922-46b3-bafa-82f0f500643f): u used the wrong ass fucking tab
[22:34:59] Element_85 (uuid: 3b5c7f35-2922-46b3-bafa-82f0f500643f): lol
[22:35:04] overlordrusty (uuid: 5fb4dc96-b775-4b7d-93e4-7e62216d0eec): it was the first one
[22:35:07] overlordrusty (uuid: 5fb4dc96-b775-4b7d-93e4-7e62216d0eec): you didnt specify
[22:35:07] Element_85 (uuid: 3b5c7f35-2922-46b3-bafa-82f0f500643f): reloaddddddd
[22:37:07] Element_85 (uuid: 3b5c7f35-2922-46b3-bafa-82f0f500643f): i couldnt join for forever
[22:37:15] overlordrusty (uuid: 5fb4dc96-b775-4b7d-93e4-7e62216d0eec): lol
[22:37:57] Element_85 (uuid: 3b5c7f35-2922-46b3-bafa-82f0f500643f): uh
[22:38:06] Element_85 (uuid: 3b5c7f35-2922-46b3-bafa-82f0f500643f): if no ones using w
[22:38:10] Element_85 (uuid: 3b5c7f35-2922-46b3-bafa-82f0f500643f): if no ones using we*
[22:38:17] Element_85 (uuid: 3b5c7f35-2922-46b3-bafa-82f0f500643f): ima reload, not restart
[22:38:20] overlordrusty (uuid: 5fb4dc96-b775-4b7d-93e4-7e62216d0eec): dont
[22:38:23] overlordrusty (uuid: 5fb4dc96-b775-4b7d-93e4-7e62216d0eec): whyyyyyy
[22:38:24] Element_85 (uuid: 3b5c7f35-2922-46b3-bafa-82f0f500643f): oops
[22:38:27] overlordrusty (uuid: 5fb4dc96-b775-4b7d-93e4-7e62216d0eec): you fucked we
[22:38:32] Element_85 (uuid: 3b5c7f35-2922-46b3-bafa-82f0f500643f): hold tab
[22:38:35] overlordrusty (uuid: 5fb4dc96-b775-4b7d-93e4-7e62216d0eec): the plugin works tho
[22:38:37] overlordrusty (uuid: 5fb4dc96-b775-4b7d-93e4-7e62216d0eec): ye
[22:38:46] overlordrusty (uuid: 5fb4dc96-b775-4b7d-93e4-7e62216d0eec): moissstttttt
[22:38:52] Element_85 (uuid: 3b5c7f35-2922-46b3-bafa-82f0f500643f): ima config i
[22:38:54] overlordrusty (uuid: 5fb4dc96-b775-4b7d-93e4-7e62216d0eec): yes
[22:39:09] overlordrusty (uuid: 5fb4dc96-b775-4b7d-93e4-7e62216d0eec): I need to redo the icon bc it is too small
[22:44:15] Devilcraft (uuid: 84dd21b1-9e5d-41d1-aaca-dd9292db2aa1): wo
[22:44:17] Devilcraft (uuid: 84dd21b1-9e5d-41d1-aaca-dd9292db2aa1): tab
[22:44:19] overlordrusty (uuid: 5fb4dc96-b775-4b7d-93e4-7e62216d0eec): yup
[22:44:25] overlordrusty (uuid: 5fb4dc96-b775-4b7d-93e4-7e62216d0eec): pretty moist
[22:44:32] Element_85 (uuid: 3b5c7f35-2922-46b3-bafa-82f0f500643f): ima leave and work on it
[22:44:36] overlordrusty (uuid: 5fb4dc96-b775-4b7d-93e4-7e62216d0eec): okie
[22:44:51] overlordrusty (uuid: 5fb4dc96-b775-4b7d-93e4-7e62216d0eec): you need a hand?
[22:45:00] Devilcraft (uuid: 84dd21b1-9e5d-41d1-aaca-dd9292db2aa1): sure ig
[22:45:07] overlordrusty (uuid: 5fb4dc96-b775-4b7d-93e4-7e62216d0eec): yum
[22:45:24] Devilcraft (uuid: 84dd21b1-9e5d-41d1-aaca-dd9292db2aa1): im not sure which blocks to use for the portal
[22:45:26] overlordrusty (uuid: 5fb4dc96-b775-4b7d-93e4-7e62216d0eec): so this will be the hub portal?
[22:45:30] overlordrusty (uuid: 5fb4dc96-b775-4b7d-93e4-7e62216d0eec): wdym
[22:45:35] Devilcraft (uuid: 84dd21b1-9e5d-41d1-aaca-dd9292db2aa1): i was thinking that could be the wild portal
[22:45:38] overlordrusty (uuid: 5fb4dc96-b775-4b7d-93e4-7e62216d0eec): okay
[22:45:40] Devilcraft (uuid: 84dd21b1-9e5d-41d1-aaca-dd9292db2aa1): bc you said it would be an end portal
[22:45:44] overlordrusty (uuid: 5fb4dc96-b775-4b7d-93e4-7e62216d0eec): yeah
[22:45:46] Devilcraft (uuid: 84dd21b1-9e5d-41d1-aaca-dd9292db2aa1): i mean instead of end stone
[22:45:53] overlordrusty (uuid: 5fb4dc96-b775-4b7d-93e4-7e62216d0eec): no its good
[22:46:04] Devilcraft (uuid: 84dd21b1-9e5d-41d1-aaca-dd9292db2aa1): oh
[22:46:10] Devilcraft (uuid: 84dd21b1-9e5d-41d1-aaca-dd9292db2aa1): and i need to make the roof a thing
[22:46:15] overlordrusty (uuid: 5fb4dc96-b775-4b7d-93e4-7e62216d0eec): okay
[22:46:26] Devilcraft (uuid: 84dd21b1-9e5d-41d1-aaca-dd9292db2aa1): and also im debating whether to leave the walls open
[22:46:42] Devilcraft (uuid: 84dd21b1-9e5d-41d1-aaca-dd9292db2aa1): lol
[22:46:42] overlordrusty (uuid: 5fb4dc96-b775-4b7d-93e4-7e62216d0eec): for the portal or the whole thing?
[22:46:46] Devilcraft (uuid: 84dd21b1-9e5d-41d1-aaca-dd9292db2aa1): portal
[22:46:49] overlordrusty (uuid: 5fb4dc96-b775-4b7d-93e4-7e62216d0eec): yeah you should
[22:46:52] Devilcraft (uuid: 84dd21b1-9e5d-41d1-aaca-dd9292db2aa1): wait thats dumb ofc
[22:47:21] overlordrusty (uuid: 5fb4dc96-b775-4b7d-93e4-7e62216d0eec): yes
[22:48:08] Devilcraft (uuid: 84dd21b1-9e5d-41d1-aaca-dd9292db2aa1): nah
[22:48:17] overlordrusty (uuid: 5fb4dc96-b775-4b7d-93e4-7e62216d0eec): I liked it
[22:48:22] Devilcraft (uuid: 84dd21b1-9e5d-41d1-aaca-dd9292db2aa1): kinda hurts the eyes
[22:48:25] overlordrusty (uuid: 5fb4dc96-b775-4b7d-93e4-7e62216d0eec): yeah
[22:48:26] overlordrusty (uuid: 5fb4dc96-b775-4b7d-93e4-7e62216d0eec): truw
[22:49:01] Devilcraft (uuid: 84dd21b1-9e5d-41d1-aaca-dd9292db2aa1): thats a bit excessive
[22:49:02] Devilcraft (uuid: 84dd21b1-9e5d-41d1-aaca-dd9292db2aa1): right
[22:49:03] overlordrusty (uuid: 5fb4dc96-b775-4b7d-93e4-7e62216d0eec): I will have a hologram here
[22:49:07] overlordrusty (uuid: 5fb4dc96-b775-4b7d-93e4-7e62216d0eec): yeah
[22:49:59] Devilcraft (uuid: 84dd21b1-9e5d-41d1-aaca-dd9292db2aa1): eh
[22:50:08] overlordrusty (uuid: 5fb4dc96-b775-4b7d-93e4-7e62216d0eec): hmm
[22:50:36] overlordrusty (uuid: 5fb4dc96-b775-4b7d-93e4-7e62216d0eec): looks weird
[22:50:40] Element_85 (uuid: 3b5c7f35-2922-46b3-bafa-82f0f500643f): guys
[22:50:44] overlordrusty (uuid: 5fb4dc96-b775-4b7d-93e4-7e62216d0eec): yes?
[22:50:51] Element_85 (uuid: 3b5c7f35-2922-46b3-bafa-82f0f500643f): have we restarted since the reload
[22:50:56] overlordrusty (uuid: 5fb4dc96-b775-4b7d-93e4-7e62216d0eec): no
[22:51:00] Element_85 (uuid: 3b5c7f35-2922-46b3-bafa-82f0f500643f): ok
[22:51:07] overlordrusty (uuid: 5fb4dc96-b775-4b7d-93e4-7e62216d0eec): tab is the same
[22:51:10] Element_85 (uuid: 3b5c7f35-2922-46b3-bafa-82f0f500643f): ik
[22:51:14] overlordrusty (uuid: 5fb4dc96-b775-4b7d-93e4-7e62216d0eec): o
[22:51:15] Element_85 (uuid: 3b5c7f35-2922-46b3-bafa-82f0f500643f): thats... an issue
[22:51:18] Element_85 (uuid: 3b5c7f35-2922-46b3-bafa-82f0f500643f): lol
[22:51:19] overlordrusty (uuid: 5fb4dc96-b775-4b7d-93e4-7e62216d0eec): aw
[22:51:20] Element_85 (uuid: 3b5c7f35-2922-46b3-bafa-82f0f500643f): ill fix it
[22:51:23] overlordrusty (uuid: 5fb4dc96-b775-4b7d-93e4-7e62216d0eec): okay
[22:52:20] Element_85 (uuid: 3b5c7f35-2922-46b3-bafa-82f0f500643f): this might look bad
[22:52:53] Element_85 (uuid: 3b5c7f35-2922-46b3-bafa-82f0f500643f): ok ill fix it
[22:53:33] Devilcraft (uuid: 84dd21b1-9e5d-41d1-aaca-dd9292db2aa1): what
[22:53:37] overlordrusty (uuid: 5fb4dc96-b775-4b7d-93e4-7e62216d0eec): this is hurting my brian
[22:53:48] Devilcraft (uuid: 84dd21b1-9e5d-41d1-aaca-dd9292db2aa1): world edit is gone
[22:53:52] overlordrusty (uuid: 5fb4dc96-b775-4b7d-93e4-7e62216d0eec): yeah
[22:54:01] overlordrusty (uuid: 5fb4dc96-b775-4b7d-93e4-7e62216d0eec): thats what happens when you reload
[22:54:04] overlordrusty (uuid: 5fb4dc96-b775-4b7d-93e4-7e62216d0eec): it is annoying
[22:54:08] Devilcraft (uuid: 84dd21b1-9e5d-41d1-aaca-dd9292db2aa1): frick
[22:54:22] Devilcraft (uuid: 84dd21b1-9e5d-41d1-aaca-dd9292db2aa1): this is probably better off quartz
[22:54:28] overlordrusty (uuid: 5fb4dc96-b775-4b7d-93e4-7e62216d0eec): the roof?
[22:54:30] Devilcraft (uuid: 84dd21b1-9e5d-41d1-aaca-dd9292db2aa1): yeah
[22:54:32] overlordrusty (uuid: 5fb4dc96-b775-4b7d-93e4-7e62216d0eec): yeah
[22:54:34] Devilcraft (uuid: 84dd21b1-9e5d-41d1-aaca-dd9292db2aa1): end stone hurts
[22:54:39] Devilcraft (uuid: 84dd21b1-9e5d-41d1-aaca-dd9292db2aa1): i like quartz
[22:54:46] Devilcraft (uuid: 84dd21b1-9e5d-41d1-aaca-dd9292db2aa1): i also use it too much
[22:54:46] overlordrusty (uuid: 5fb4dc96-b775-4b7d-93e4-7e62216d0eec): same
[22:54:50] Element_85 (uuid: 3b5c7f35-2922-46b3-bafa-82f0f500643f): dude holy fuck making these are annoying
[22:54:59] overlordrusty (uuid: 5fb4dc96-b775-4b7d-93e4-7e62216d0eec): ik
[22:55:16] Element_85 (uuid: 3b5c7f35-2922-46b3-bafa-82f0f500643f): im making from scratch as well
[22:55:31] Devilcraft (uuid: 84dd21b1-9e5d-41d1-aaca-dd9292db2aa1): use smooth quartz
[22:55:33] Devilcraft (uuid: 84dd21b1-9e5d-41d1-aaca-dd9292db2aa1): looks nicer
[22:56:19] Devilcraft (uuid: 84dd21b1-9e5d-41d1-aaca-dd9292db2aa1): and one we is back the roof should go up a lil
[22:57:01] Devilcraft (uuid: 84dd21b1-9e5d-41d1-aaca-dd9292db2aa1): when does world edit return
[22:57:07] overlordrusty (uuid: 5fb4dc96-b775-4b7d-93e4-7e62216d0eec): next time we restart
[22:57:11] Devilcraft (uuid: 84dd21b1-9e5d-41d1-aaca-dd9292db2aa1): o
[22:57:19] overlordrusty (uuid: 5fb4dc96-b775-4b7d-93e4-7e62216d0eec): i could prolly do it now
[22:57:34] overlordrusty (uuid: 5fb4dc96-b775-4b7d-93e4-7e62216d0eec): should i?
[22:57:42] Devilcraft (uuid: 84dd21b1-9e5d-41d1-aaca-dd9292db2aa1): if u want
[22:57:45] Devilcraft (uuid: 84dd21b1-9e5d-41d1-aaca-dd9292db2aa1): yea maybe
[22:59:33] overlordrusty (uuid: 5fb4dc96-b775-4b7d-93e4-7e62216d0eec): you can remove these slabs if you dont like them
[22:59:52] Devilcraft (uuid: 84dd21b1-9e5d-41d1-aaca-dd9292db2aa1): they good
[23:00:03] overlordrusty (uuid: 5fb4dc96-b775-4b7d-93e4-7e62216d0eec): woo
[23:00:41] overlordrusty (uuid: 5fb4dc96-b775-4b7d-93e4-7e62216d0eec): I am going to brush my teeth brb
[23:00:47] Devilcraft (uuid: 84dd21b1-9e5d-41d1-aaca-dd9292db2aa1): kk
[23:01:28] Element_85 (uuid: 3b5c7f35-2922-46b3-bafa-82f0f500643f): i need a restart
[23:01:32] Devilcraft (uuid: 84dd21b1-9e5d-41d1-aaca-dd9292db2aa1): again
[23:01:34] Element_85 (uuid: 3b5c7f35-2922-46b3-bafa-82f0f500643f): si
[23:01:48] Element_85 (uuid: 3b5c7f35-2922-46b3-bafa-82f0f500643f): there will be a lot more aswell
[23:01:55] Devilcraft (uuid: 84dd21b1-9e5d-41d1-aaca-dd9292db2aa1): nu
[23:02:08] Element_85 (uuid: 3b5c7f35-2922-46b3-bafa-82f0f500643f): can i restart
[23:02:12] Devilcraft (uuid: 84dd21b1-9e5d-41d1-aaca-dd9292db2aa1): yea
[23:05:42] Element_85 (uuid: 3b5c7f35-2922-46b3-bafa-82f0f500643f): ill fix it later
[23:08:05] overlordrusty (uuid: 5fb4dc96-b775-4b7d-93e4-7e62216d0eec): I wish per world plugins worked
[23:08:11] overlordrusty (uuid: 5fb4dc96-b775-4b7d-93e4-7e62216d0eec): It would save so much time
[23:08:18] Devilcraft (uuid: 84dd21b1-9e5d-41d1-aaca-dd9292db2aa1): i wish trees didnt exist
[23:08:31] overlordrusty (uuid: 5fb4dc96-b775-4b7d-93e4-7e62216d0eec): do you not like it?
[23:08:40] Devilcraft (uuid: 84dd21b1-9e5d-41d1-aaca-dd9292db2aa1): the tree is fine i just cant do em
[23:08:44] overlordrusty (uuid: 5fb4dc96-b775-4b7d-93e4-7e62216d0eec): ah yeah
[23:08:48] overlordrusty (uuid: 5fb4dc96-b775-4b7d-93e4-7e62216d0eec): I can relate
[23:09:10] overlordrusty (uuid: 5fb4dc96-b775-4b7d-93e4-7e62216d0eec): see the wood spawn bit
[23:09:28] Devilcraft (uuid: 84dd21b1-9e5d-41d1-aaca-dd9292db2aa1): what about it
[23:09:36] overlordrusty (uuid: 5fb4dc96-b775-4b7d-93e4-7e62216d0eec): will we change it to quartz so it fits?
[23:09:44] Devilcraft (uuid: 84dd21b1-9e5d-41d1-aaca-dd9292db2aa1): maybe
[23:09:51] overlordrusty (uuid: 5fb4dc96-b775-4b7d-93e4-7e62216d0eec): or we could make the whole thing out of wood
[23:10:04] Devilcraft (uuid: 84dd21b1-9e5d-41d1-aaca-dd9292db2aa1): idk
[23:10:20] overlordrusty (uuid: 5fb4dc96-b775-4b7d-93e4-7e62216d0eec): you like quartz and you're building it so lets stick withthat
[23:10:38] Devilcraft (uuid: 84dd21b1-9e5d-41d1-aaca-dd9292db2aa1): ok and we can always change back
[23:10:41] overlordrusty (uuid: 5fb4dc96-b775-4b7d-93e4-7e62216d0eec): yeah
[23:14:23] overlordrusty (uuid: 5fb4dc96-b775-4b7d-93e4-7e62216d0eec): is that good?
[23:14:29] Devilcraft (uuid: 84dd21b1-9e5d-41d1-aaca-dd9292db2aa1): sure yeah
[23:14:46] overlordrusty (uuid: 5fb4dc96-b775-4b7d-93e4-7e62216d0eec): if you had something else in mind then im fine with you changing it
[23:14:51] Devilcraft (uuid: 84dd21b1-9e5d-41d1-aaca-dd9292db2aa1): nah
[23:14:56] Devilcraft (uuid: 84dd21b1-9e5d-41d1-aaca-dd9292db2aa1): didnt have anything in mind
[23:15:07] overlordrusty (uuid: 5fb4dc96-b775-4b7d-93e4-7e62216d0eec): okay
[23:15:12] Devilcraft (uuid: 84dd21b1-9e5d-41d1-aaca-dd9292db2aa1): wood floor needs to go
[23:15:25] overlordrusty (uuid: 5fb4dc96-b775-4b7d-93e4-7e62216d0eec): we could have like a glass tunnel above this
[23:15:46] overlordrusty (uuid: 5fb4dc96-b775-4b7d-93e4-7e62216d0eec): suits the podzol
[23:15:52] Devilcraft (uuid: 84dd21b1-9e5d-41d1-aaca-dd9292db2aa1): ye
[23:17:09] Devilcraft (uuid: 84dd21b1-9e5d-41d1-aaca-dd9292db2aa1): what else do we need
[23:17:13] Devilcraft (uuid: 84dd21b1-9e5d-41d1-aaca-dd9292db2aa1): hub portal
[23:17:16] overlordrusty (uuid: 5fb4dc96-b775-4b7d-93e4-7e62216d0eec): yes
[23:17:21] Devilcraft (uuid: 84dd21b1-9e5d-41d1-aaca-dd9292db2aa1): that can be in the back, smaller path
[23:17:26] overlordrusty (uuid: 5fb4dc96-b775-4b7d-93e4-7e62216d0eec): okay
[23:19:32] overlordrusty (uuid: 5fb4dc96-b775-4b7d-93e4-7e62216d0eec): oh
[23:19:40] Devilcraft (uuid: 84dd21b1-9e5d-41d1-aaca-dd9292db2aa1): im just seeing how it looks
[23:19:55] overlordrusty (uuid: 5fb4dc96-b775-4b7d-93e4-7e62216d0eec): I was ohing at the ice bucket advancement xD
[23:19:58] Devilcraft (uuid: 84dd21b1-9e5d-41d1-aaca-dd9292db2aa1): oh
[23:22:56] Devilcraft (uuid: 84dd21b1-9e5d-41d1-aaca-dd9292db2aa1): no glass?
[23:23:03] overlordrusty (uuid: 5fb4dc96-b775-4b7d-93e4-7e62216d0eec): I wasnt any good at it
[23:23:09] Devilcraft (uuid: 84dd21b1-9e5d-41d1-aaca-dd9292db2aa1): oof
[23:26:26] overlordrusty (uuid: 5fb4dc96-b775-4b7d-93e4-7e62216d0eec): if there is anything that I do that you dont think looks good I am fine with getting rid of it
[23:26:32] Devilcraft (uuid: 84dd21b1-9e5d-41d1-aaca-dd9292db2aa1): ikik
[23:26:53] overlordrusty (uuid: 5fb4dc96-b775-4b7d-93e4-7e62216d0eec): do you think the quartz is getting exessive?
[23:27:03] Devilcraft (uuid: 84dd21b1-9e5d-41d1-aaca-dd9292db2aa1): maybe
[23:27:17] overlordrusty (uuid: 5fb4dc96-b775-4b7d-93e4-7e62216d0eec): yeah
[23:27:27] overlordrusty (uuid: 5fb4dc96-b775-4b7d-93e4-7e62216d0eec): this bit here
[23:28:42] Devilcraft (uuid: 84dd21b1-9e5d-41d1-aaca-dd9292db2aa1): yes
[23:29:01] overlordrusty (uuid: 5fb4dc96-b775-4b7d-93e4-7e62216d0eec): :3
[23:29:26] Devilcraft (uuid: 84dd21b1-9e5d-41d1-aaca-dd9292db2aa1): wait
[23:30:19] Devilcraft (uuid: 84dd21b1-9e5d-41d1-aaca-dd9292db2aa1): eh
[23:31:21] overlordrusty (uuid: 5fb4dc96-b775-4b7d-93e4-7e62216d0eec): the slabs make it look weird
[23:31:26] Devilcraft (uuid: 84dd21b1-9e5d-41d1-aaca-dd9292db2aa1): yea no slab
[23:33:43] Devilcraft (uuid: 84dd21b1-9e5d-41d1-aaca-dd9292db2aa1): how this look
[23:33:49] overlordrusty (uuid: 5fb4dc96-b775-4b7d-93e4-7e62216d0eec): I like it
[23:33:56] Devilcraft (uuid: 84dd21b1-9e5d-41d1-aaca-dd9292db2aa1): looks weird from the outside
[23:34:00] Devilcraft (uuid: 84dd21b1-9e5d-41d1-aaca-dd9292db2aa1): but that can be fixed
[23:35:13] Devilcraft (uuid: 84dd21b1-9e5d-41d1-aaca-dd9292db2aa1): oops
[23:35:22] overlordrusty (uuid: 5fb4dc96-b775-4b7d-93e4-7e62216d0eec): HAH
[23:36:06] Devilcraft (uuid: 84dd21b1-9e5d-41d1-aaca-dd9292db2aa1): no
[23:36:11] overlordrusty (uuid: 5fb4dc96-b775-4b7d-93e4-7e62216d0eec): ?
[23:36:17] Devilcraft (uuid: 84dd21b1-9e5d-41d1-aaca-dd9292db2aa1): idk where i am
[23:36:23] Devilcraft (uuid: 84dd21b1-9e5d-41d1-aaca-dd9292db2aa1): aw
[23:37:19] Devilcraft (uuid: 84dd21b1-9e5d-41d1-aaca-dd9292db2aa1): that sound
[23:37:21] overlordrusty (uuid: 5fb4dc96-b775-4b7d-93e4-7e62216d0eec): ik
[23:37:26] overlordrusty (uuid: 5fb4dc96-b775-4b7d-93e4-7e62216d0eec): stahp
[23:37:30] Devilcraft (uuid: 84dd21b1-9e5d-41d1-aaca-dd9292db2aa1): frick
[23:37:34] overlordrusty (uuid: 5fb4dc96-b775-4b7d-93e4-7e62216d0eec): HAH
[23:38:20] overlordrusty (uuid: 5fb4dc96-b775-4b7d-93e4-7e62216d0eec): we dont need to use obsidian
[23:38:26] Devilcraft (uuid: 84dd21b1-9e5d-41d1-aaca-dd9292db2aa1): yea ik
[23:38:44] Devilcraft (uuid: 84dd21b1-9e5d-41d1-aaca-dd9292db2aa1): how do i get the portal block
[23:38:47] Devilcraft (uuid: 84dd21b1-9e5d-41d1-aaca-dd9292db2aa1): command doesnt work
[23:38:53] overlordrusty (uuid: 5fb4dc96-b775-4b7d-93e4-7e62216d0eec): I havent added in the plugin yet
[23:38:59] Devilcraft (uuid: 84dd21b1-9e5d-41d1-aaca-dd9292db2aa1): ok
[23:39:04] Devilcraft (uuid: 84dd21b1-9e5d-41d1-aaca-dd9292db2aa1): dope
[23:39:22] Devilcraft (uuid: 84dd21b1-9e5d-41d1-aaca-dd9292db2aa1): im liking this
[23:39:32] overlordrusty (uuid: 5fb4dc96-b775-4b7d-93e4-7e62216d0eec): yeah
[23:39:49] overlordrusty (uuid: 5fb4dc96-b775-4b7d-93e4-7e62216d0eec): I am not a huge fan of the nether bit
[23:40:02] overlordrusty (uuid: 5fb4dc96-b775-4b7d-93e4-7e62216d0eec): looks nice from the inside tho
[23:40:19] Devilcraft (uuid: 84dd21b1-9e5d-41d1-aaca-dd9292db2aa1): yea
[23:40:26] overlordrusty (uuid: 5fb4dc96-b775-4b7d-93e4-7e62216d0eec): yenno you could just copy and paste it
[23:40:33] overlordrusty (uuid: 5fb4dc96-b775-4b7d-93e4-7e62216d0eec): make it cemetrical
[23:40:35] Devilcraft (uuid: 84dd21b1-9e5d-41d1-aaca-dd9292db2aa1): copy paste what
[23:40:45] Devilcraft (uuid: 84dd21b1-9e5d-41d1-aaca-dd9292db2aa1): thats kinda boring tho
[23:41:03] overlordrusty (uuid: 5fb4dc96-b775-4b7d-93e4-7e62216d0eec): mkay
[23:41:25] Devilcraft (uuid: 84dd21b1-9e5d-41d1-aaca-dd9292db2aa1): also it would be a bit much quartz right
[23:41:29] overlordrusty (uuid: 5fb4dc96-b775-4b7d-93e4-7e62216d0eec): yeah
[23:41:49] overlordrusty (uuid: 5fb4dc96-b775-4b7d-93e4-7e62216d0eec): ohhhh
[23:41:54] overlordrusty (uuid: 5fb4dc96-b775-4b7d-93e4-7e62216d0eec): how bout we swap the portals
[23:41:55] Devilcraft (uuid: 84dd21b1-9e5d-41d1-aaca-dd9292db2aa1): ?
[23:41:59] Devilcraft (uuid: 84dd21b1-9e5d-41d1-aaca-dd9292db2aa1): how so
[23:42:00] overlordrusty (uuid: 5fb4dc96-b775-4b7d-93e4-7e62216d0eec): so the nether is the wild one
[23:42:07] Devilcraft (uuid: 84dd21b1-9e5d-41d1-aaca-dd9292db2aa1): that makes sense
[23:42:12] Devilcraft (uuid: 84dd21b1-9e5d-41d1-aaca-dd9292db2aa1): bc it looks wilder
[23:42:16] overlordrusty (uuid: 5fb4dc96-b775-4b7d-93e4-7e62216d0eec): yeah
[23:42:22] overlordrusty (uuid: 5fb4dc96-b775-4b7d-93e4-7e62216d0eec): and it looks all fancy going back to hub
[23:42:28] Devilcraft (uuid: 84dd21b1-9e5d-41d1-aaca-dd9292db2aa1): yea
[23:42:30] overlordrusty (uuid: 5fb4dc96-b775-4b7d-93e4-7e62216d0eec): okay
[23:42:34] overlordrusty (uuid: 5fb4dc96-b775-4b7d-93e4-7e62216d0eec): sounds good
[23:42:36] Devilcraft (uuid: 84dd21b1-9e5d-41d1-aaca-dd9292db2aa1): so wild maybe could be a bit on the longer side
[23:42:41] overlordrusty (uuid: 5fb4dc96-b775-4b7d-93e4-7e62216d0eec): yes
[23:42:43] overlordrusty (uuid: 5fb4dc96-b775-4b7d-93e4-7e62216d0eec): I agree
[23:43:02] overlordrusty (uuid: 5fb4dc96-b775-4b7d-93e4-7e62216d0eec): we could make it the same as the hub side but more wild looking
[23:43:07] Devilcraft (uuid: 84dd21b1-9e5d-41d1-aaca-dd9292db2aa1): ye
[23:43:13] overlordrusty (uuid: 5fb4dc96-b775-4b7d-93e4-7e62216d0eec): if you think that would look good
[23:43:29] overlordrusty (uuid: 5fb4dc96-b775-4b7d-93e4-7e62216d0eec): o
[23:45:01] Devilcraft (uuid: 84dd21b1-9e5d-41d1-aaca-dd9292db2aa1): gotta get me some dinner
[23:45:04] overlordrusty (uuid: 5fb4dc96-b775-4b7d-93e4-7e62216d0eec): okay
[23:45:05] Devilcraft (uuid: 84dd21b1-9e5d-41d1-aaca-dd9292db2aa1): will be on later
[23:45:09] overlordrusty (uuid: 5fb4dc96-b775-4b7d-93e4-7e62216d0eec): I will be going off soon
[23:45:13] overlordrusty (uuid: 5fb4dc96-b775-4b7d-93e4-7e62216d0eec): it is 1 here
[23:45:18] Devilcraft (uuid: 84dd21b1-9e5d-41d1-aaca-dd9292db2aa1): well ill keep working later
[23:45:19] Devilcraft (uuid: 84dd21b1-9e5d-41d1-aaca-dd9292db2aa1): good night
[23:45:21] overlordrusty (uuid: 5fb4dc96-b775-4b7d-93e4-7e62216d0eec): okay
[23:45:23] overlordrusty (uuid: 5fb4dc96-b775-4b7d-93e4-7e62216d0eec): good night
